${property.jsonPattern}
${property.jsonPattern}
${property.jsonPattern}
${property.jsonPattern}
${property.jsonPattern}
${property.jsonPattern}
${property.jsonPattern}
${property.jsonPattern}
${property.jsonPattern}
${property.jsonPattern}
${property.jsonPattern}
${property.jsonPattern}
${property.jsonPattern}
${property.jsonPattern}
${property.jsonPattern}
${property.jsonPattern}
${property.jsonPattern}
${property.jsonPattern}
${property.jsonPattern}
${property.jsonPattern}
${property.jsonPattern}
${property.jsonPattern}
${property.jsonPattern}
${property.jsonPattern}
${property.jsonPattern}
${property.jsonPattern}
${property.jsonPattern}
${property.jsonPattern}
${property.jsonPattern}
${property.jsonPattern}
${property.jsonPattern}
${property.jsonPattern}
${property.jsonPattern}
${property.jsonPattern}
${property.jsonPattern}
${property.jsonPattern}
${property.jsonPattern}
${property.jsonPattern}
${property.jsonPattern}
${property.jsonPattern}
${property.jsonPattern}
${property.jsonPattern}
${property.jsonPattern}
${property.jsonPattern}
${property.jsonPattern}
${property.jsonPattern}
${property.jsonPattern}
${property.jsonPattern}
${property.jsonPattern}
${property.jsonPattern}
${property.jsonPattern}
${property.jsonPattern}
${property.jsonPattern}
${property.jsonPattern}
${property.jsonPattern}
${property.jsonPattern}
${property.jsonPattern}
${property.jsonPattern}
${property.jsonPattern}
${property.jsonPattern}
${property.jsonPattern}
${property.jsonPattern}
${property.jsonPattern}
${property.jsonPattern}
${property.jsonPattern}
${property.jsonPattern}
${property.jsonPattern}
${property.jsonPattern}
${property.jsonPattern}
${property.jsonPattern}
${property.jsonPattern}
${property.jsonPattern}
${property.jsonPattern}
${property.jsonPattern}
${property.jsonPattern}
${property.jsonPattern}
${property.jsonPattern}
${property.jsonPattern}
${property.jsonPattern}
${property.jsonPattern}
${property.jsonPattern}
${property.jsonPattern}
${property.jsonPattern}
${property.jsonPattern}
${property.jsonPattern}
${property.jsonPattern}
${property.jsonPattern}
${property.jsonPattern}
${property.jsonPattern}
${property.jsonPattern}
${property.jsonPattern}
${property.jsonPattern}
${property.jsonPattern}
${property.jsonPattern}
${property.jsonPattern}
${property.jsonPattern}
${property.jsonPattern}
${property.jsonPattern}
${property.jsonPattern}
${property.jsonPattern}
${property.jsonPattern}
${property.jsonPattern}
${property.jsonPattern}
${property.jsonPattern}
${property.jsonPattern}
${property.jsonPattern}
${property.jsonPattern}
${property.jsonPattern}
${property.jsonPattern}
${property.jsonPattern}
${property.jsonPattern}
${property.jsonPattern}
${property.jsonPattern}
${property.jsonPattern}
${property.jsonPattern}
${property.jsonPattern}
${property.jsonPattern}
${property.jsonPattern}
${property.jsonPattern}
${property.jsonPattern}
${property.jsonPattern}
${property.jsonPattern}
${property.jsonPattern}
${property.jsonPattern}
${property.jsonPattern}
${property.jsonPattern}
${property.jsonPattern}
${property.jsonPattern}
${property.jsonPattern}
${property.jsonPattern}
${property.jsonPattern}
${property.jsonPattern}
${property.jsonPattern}
${property.jsonPattern}
${property.jsonPattern}
${property.jsonPattern}
${property.jsonPattern}
${property.jsonPattern}
${property.jsonPattern}
${property.jsonPattern}
${property.jsonPattern}
${property.jsonPattern}
${property.jsonPattern}
${property.jsonPattern}
${property.jsonPattern}
${property.jsonPattern}
${property.jsonPattern}
${property.jsonPattern}
${property.jsonPattern}
${property.jsonPattern}
${property.jsonPattern}
${property.jsonPattern}
${property.jsonPattern}
${property.jsonPattern}
${property.jsonPattern}
${property.jsonPattern}
${property.jsonPattern}
${property.jsonPattern}
${property.jsonPattern}
${property.jsonPattern}
${property.jsonPattern}
${property.jsonPattern}
${property.jsonPattern}
${property.jsonPattern}
${property.jsonPattern}
${property.jsonPattern}
${property.jsonPattern}
${property.jsonPattern}
${property.jsonPattern}
${property.jsonPattern}
${property.jsonPattern}
${property.jsonPattern}
${property.jsonPattern}
${property.jsonPattern}
${property.jsonPattern}
${property.jsonPattern}
${property.jsonPattern}
${property.jsonPattern}
${property.jsonPattern}
${property.jsonPattern}
${property.jsonPattern}
${property.jsonPattern}
${property.jsonPattern}
${property.jsonPattern}
${property.jsonPattern}
${property.jsonPattern}
${property.jsonPattern}
${property.jsonPattern}
${property.jsonPattern}
${property.jsonPattern}
${property.jsonPattern}
${property.jsonPattern}
${property.jsonPattern}
${property.jsonPattern}
${property.jsonPattern}
${property.jsonPattern}
${property.jsonPattern}
${property.jsonPattern}
${property.jsonPattern}
${property.jsonPattern}
${property.jsonPattern}
${property.jsonPattern}
${property.jsonPattern}
${property.jsonPattern}
${property.jsonPattern}
${property.jsonPattern}
${property.jsonPattern}
${property.jsonPattern}
${property.jsonPattern}
${property.jsonPattern}
${property.jsonPattern}
${property.jsonPattern}
${property.jsonPattern}
${property.jsonPattern}
${property.jsonPattern}
${property.jsonPattern}
${property.jsonPattern}
${property.jsonPattern}
${property.jsonPattern}
${property.jsonPattern}
${property.jsonPattern}
${property.jsonPattern}
${property.jsonPattern}
${property.jsonPattern}
${property.jsonPattern}
${property.jsonPattern}
${property.jsonPattern}
${property.jsonPattern}
${property.jsonPattern}
${property.jsonPattern}
${property.jsonPattern}
${property.jsonPattern}
${property.jsonPattern}
${property.jsonPattern}
${property.jsonPattern}
${property.jsonPattern}
${property.jsonPattern}
${property.jsonPattern}
${property.jsonPattern}
${property.jsonPattern}
${property.jsonPattern}
${property.jsonPattern}
${property.jsonPattern}
${property.jsonPattern}
${property.jsonPattern}
${property.jsonPattern}
${property.jsonPattern}
${property.jsonPattern}
${property.jsonPattern}
${property.jsonPattern}
${property.jsonPattern}
${property.jsonPattern}
${property.jsonPattern}
${property.jsonPattern}
${property.jsonPattern}
${property.jsonPattern}
${property.jsonPattern}
${property.jsonPattern}
${property.jsonPattern}
${property.jsonPattern}
${property.jsonPattern}
${property.jsonPattern}
${property.jsonPattern}
${property.jsonPattern}
${property.jsonPattern}
${property.jsonPattern}
${property.jsonPattern}
${property.jsonPattern}
${property.jsonPattern}
${property.jsonPattern}
${property.jsonPattern}
${property.jsonPattern}
${property.jsonPattern}
${property.jsonPattern}
${property.jsonPattern}
${property.jsonPattern}
${property.jsonPattern}
${property.jsonPattern}
${property.jsonPattern}
${property.jsonPattern}
${property.jsonPattern}
${property.jsonPattern}
${property.jsonPattern}
${property.jsonPattern}
${property.jsonPattern}
${property.jsonPattern}
${property.jsonPattern}
${property.jsonPattern}
${property.jsonPattern}
${property.jsonPattern}
${property.jsonPattern}
${property.jsonPattern}
${property.jsonPattern}
${property.jsonPattern}
${property.jsonPattern}
${property.jsonPattern}
${property.jsonPattern}
${property.jsonPattern}
${property.jsonPattern}
${property.jsonPattern}
${property.jsonPattern}
${property.jsonPattern}
${property.jsonPattern}
${property.jsonPattern}
${property.jsonPattern}
${property.jsonPattern}
${property.jsonPattern}
${property.jsonPattern}
${property.jsonPattern}
${property.jsonPattern}
${property.jsonPattern}
${property.jsonPattern}
${property.jsonPattern}
${property.jsonPattern}
${property.jsonPattern}
${property.jsonPattern}
${property.jsonPattern}
${property.jsonPattern}
${property.jsonPattern}
${property.jsonPattern}
${property.jsonPattern}
${property.jsonPattern}
${property.jsonPattern}
${property.jsonPattern}
${property.jsonPattern}
${property.jsonPattern}
${property.jsonPattern}
${property.jsonPattern}
${property.jsonPattern}
${property.jsonPattern}
${property.jsonPattern}
${property.jsonPattern}
${property.jsonPattern}
${property.jsonPattern}
${property.jsonPattern}
${property.jsonPattern}
${property.jsonPattern}
${property.jsonPattern}
${property.jsonPattern}
${property.jsonPattern}
${property.jsonPattern}
${property.jsonPattern}
${property.jsonPattern}
${property.jsonPattern}
${property.jsonPattern}
${property.jsonPattern}
${property.jsonPattern}
${property.jsonPattern}
${property.jsonPattern}
${property.jsonPattern}
${property.jsonPattern}
${property.jsonPattern}
${property.jsonPattern}
${property.jsonPattern}
${property.jsonPattern}
${property.jsonPattern}
${property.jsonPattern}
${property.jsonPattern}
${property.jsonPattern}
${property.jsonPattern}
${property.jsonPattern}
${property.jsonPattern}
${property.jsonPattern}
${property.jsonPattern}
${property.jsonPattern}
${property.jsonPattern}
${property.jsonPattern}
${property.jsonPattern}
${property.jsonPattern}
${property.jsonPattern}
${property.jsonPattern}
${property.jsonPattern}
${property.jsonPattern}
${property.jsonPattern}
${property.jsonPattern}
${property.jsonPattern}
${property.jsonPattern}
${property.jsonPattern}
${property.jsonPattern}
${property.jsonPattern}
${property.jsonPattern}
${property.jsonPattern}
${property.jsonPattern}
${property.jsonPattern}
${property.jsonPattern}
${property.jsonPattern}
${property.jsonPattern}
${property.jsonPattern}
${property.jsonPattern}
${property.jsonPattern}
${property.jsonPattern}
${property.jsonPattern}
${property.jsonPattern}
${property.jsonPattern}
${property.jsonPattern}
${property.jsonPattern}
${property.jsonPattern}
${property.jsonPattern}
${property.jsonPattern}
${property.jsonPattern}
${property.jsonPattern}
${property.jsonPattern}
${property.jsonPattern}
${property.jsonPattern}
${property.jsonPattern}
${property.jsonPattern}
${property.jsonPattern}
${property.jsonPattern}
${property.jsonPattern}
${property.jsonPattern}
${property.jsonPattern}
${property.jsonPattern}
${property.jsonPattern}
${property.jsonPattern}
${property.jsonPattern}
${property.jsonPattern}
${property.jsonPattern}
${property.jsonPattern}
${property.jsonPattern}
${property.jsonPattern}
${property.jsonPattern}
${property.jsonPattern}
${property.jsonPattern}
${property.jsonPattern}
${property.jsonPattern}
${property.jsonPattern}
${property.jsonPattern}
${property.jsonPattern}
${property.jsonPattern}
${property.jsonPattern}
${property.jsonPattern}
${property.jsonPattern}
${property.jsonPattern}
${property.jsonPattern}
${property.jsonPattern}
${property.jsonPattern}
${property.jsonPattern}
${property.jsonPattern}
${property.jsonPattern}
${property.jsonPattern}
${property.jsonPattern}
${property.jsonPattern}
${property.jsonPattern}
${property.jsonPattern}
${property.jsonPattern}
${property.jsonPattern}
${property.jsonPattern}
${property.jsonPattern}
${property.jsonPattern}
${property.jsonPattern}
${property.jsonPattern}
${property.jsonPattern}
${property.jsonPattern}
${property.jsonPattern}
${property.jsonPattern}
${property.jsonPattern}
${property.jsonPattern}
${property.jsonPattern}
${property.jsonPattern}
${property.jsonPattern}
${property.jsonPattern}
${property.jsonPattern}
${property.jsonPattern}
${property.jsonPattern}
${property.jsonPattern}
${property.jsonPattern}
${property.jsonPattern}
${property.jsonPattern}
${property.jsonPattern}
${property.jsonPattern}
${property.jsonPattern}
${property.jsonPattern}
${property.jsonPattern}
${property.jsonPattern}
${property.jsonPattern}
${property.jsonPattern}
${property.jsonPattern}
${property.jsonPattern}
${property.jsonPattern}
${property.jsonPattern}
${property.jsonPattern}
${property.jsonPattern}
${property.jsonPattern}
${property.jsonPattern}
${property.jsonPattern}
${property.jsonPattern}
${property.jsonPattern}
${property.jsonPattern}
${property.jsonPattern}
${property.jsonPattern}
${property.jsonPattern}
${property.jsonPattern}
${property.jsonPattern}
${property.jsonPattern}
${property.jsonPattern}
${property.jsonPattern}
${property.jsonPattern}
${property.jsonPattern}
${property.jsonPattern}
${property.jsonPattern}
${property.jsonPattern}
${property.jsonPattern}
${property.jsonPattern}
${property.jsonPattern}
${property.jsonPattern}
${property.jsonPattern}
${property.jsonPattern}
${property.jsonPattern}
${property.jsonPattern}
${property.jsonPattern}
${property.jsonPattern}
${property.jsonPattern}
${property.jsonPattern}
${property.jsonPattern}
${property.jsonPattern}
${property.jsonPattern}
${property.jsonPattern}
${property.jsonPattern}
${property.jsonPattern}
${property.jsonPattern}
${property.jsonPattern}
${property.jsonPattern}
${property.jsonPattern}
${property.jsonPattern}
${property.jsonPattern}
${property.jsonPattern}
${property.jsonPattern}
${property.jsonPattern}
${property.jsonPattern}
${property.jsonPattern}
${property.jsonPattern}
${property.jsonPattern}
${property.jsonPattern}
${property.jsonPattern}
${property.jsonPattern}
${property.jsonPattern}
${property.jsonPattern}
${property.jsonPattern}
${property.jsonPattern}
${property.jsonPattern}
${property.jsonPattern}
${property.jsonPattern}
${property.jsonPattern}
${property.jsonPattern}
${property.jsonPattern}
${property.jsonPattern}
${property.jsonPattern}
${property.jsonPattern}
${property.jsonPattern}
${property.jsonPattern}
${property.jsonPattern}
${property.jsonPattern}
${property.jsonPattern}
${property.jsonPattern}
${property.jsonPattern}
${property.jsonPattern}
${property.jsonPattern}
${property.jsonPattern}
${property.jsonPattern}
${property.jsonPattern}
${property.jsonPattern}
${property.jsonPattern}
${property.jsonPattern}
${property.jsonPattern}
${property.jsonPattern}
${property.jsonPattern}
${property.jsonPattern}
${property.jsonPattern}
${property.jsonPattern}
${property.jsonPattern}
${property.jsonPattern}
${property.jsonPattern}
${property.jsonPattern}
${property.jsonPattern}
${property.jsonPattern}
${property.jsonPattern}
${property.jsonPattern}
${property.jsonPattern}
${property.jsonPattern}
${property.jsonPattern}
${property.jsonPattern}
${property.jsonPattern}
${property.jsonPattern}
${property.jsonPattern}
${property.jsonPattern}
${property.jsonPattern}
${property.jsonPattern}
${property.jsonPattern}
${property.jsonPattern}
${property.jsonPattern}
${property.jsonPattern}
${property.jsonPattern}
${property.jsonPattern}
${property.jsonPattern}
${property.jsonPattern}
${property.jsonPattern}
${property.jsonPattern}
${property.jsonPattern}
${property.jsonPattern}
${property.jsonPattern}
${property.jsonPattern}
org.apache.flink.runtime.jobmaster.JobMasterException: TaskManager with id 172.19.0.7:37291-ef1b01 is no longer reachable.
	at org.apache.flink.runtime.jobmaster.JobMaster$TaskManagerHeartbeatListener.notifyTargetUnreachable(JobMaster.java:1481) ~[flink-dist-1.19.1.jar:1.19.1]
	at org.apache.flink.runtime.heartbeat.DefaultHeartbeatMonitor.reportHeartbeatRpcFailure(DefaultHeartbeatMonitor.java:126) ~[flink-dist-1.19.1.jar:1.19.1]
	at org.apache.flink.runtime.heartbeat.HeartbeatManagerImpl.runIfHeartbeatMonitorExists(HeartbeatManagerImpl.java:275) ~[flink-dist-1.19.1.jar:1.19.1]
	at org.apache.flink.runtime.heartbeat.HeartbeatManagerImpl.reportHeartbeatTargetUnreachable(HeartbeatManagerImpl.java:267) ~[flink-dist-1.19.1.jar:1.19.1]
	at org.apache.flink.runtime.heartbeat.HeartbeatManagerImpl.handleHeartbeatRpcFailure(HeartbeatManagerImpl.java:262) ~[flink-dist-1.19.1.jar:1.19.1]
	at org.apache.flink.runtime.heartbeat.HeartbeatManagerImpl.lambda$handleHeartbeatRpc$0(HeartbeatManagerImpl.java:248) ~[flink-dist-1.19.1.jar:1.19.1]
	at java.util.concurrent.CompletableFuture.uniWhenComplete(Unknown Source) ~[?:?]
	at java.util.concurrent.CompletableFuture$UniWhenComplete.tryFire(Unknown Source) ~[?:?]
	at java.util.concurrent.CompletableFuture$Completion.run(Unknown Source) ~[?:?]
	at org.apache.flink.runtime.rpc.pekko.PekkoRpcActor.lambda$handleRunAsync$4(PekkoRpcActor.java:451) ~[flink-rpc-akka513c2338-5b2f-461b-a5e1-eb675bcf2e3a.jar:1.19.1]
	at org.apache.flink.runtime.concurrent.ClassLoadingUtils.runWithContextClassLoader(ClassLoadingUtils.java:68) ~[flink-dist-1.19.1.jar:1.19.1]
	at org.apache.flink.runtime.rpc.pekko.PekkoRpcActor.handleRunAsync(PekkoRpcActor.java:451) ~[flink-rpc-akka513c2338-5b2f-461b-a5e1-eb675bcf2e3a.jar:1.19.1]
	at org.apache.flink.runtime.rpc.pekko.PekkoRpcActor.handleRpcMessage(PekkoRpcActor.java:218) ~[flink-rpc-akka513c2338-5b2f-461b-a5e1-eb675bcf2e3a.jar:1.19.1]
	at org.apache.flink.runtime.rpc.pekko.FencedPekkoRpcActor.handleRpcMessage(FencedPekkoRpcActor.java:85) ~[flink-rpc-akka513c2338-5b2f-461b-a5e1-eb675bcf2e3a.jar:1.19.1]
	at org.apache.flink.runtime.rpc.pekko.PekkoRpcActor.handleMessage(PekkoRpcActor.java:168) ~[flink-rpc-akka513c2338-5b2f-461b-a5e1-eb675bcf2e3a.jar:1.19.1]
	at org.apache.pekko.japi.pf.UnitCaseStatement.apply(CaseStatements.scala:33) [flink-rpc-akka513c2338-5b2f-461b-a5e1-eb675bcf2e3a.jar:1.19.1]
	at org.apache.pekko.japi.pf.UnitCaseStatement.apply(CaseStatements.scala:29) [flink-rpc-akka513c2338-5b2f-461b-a5e1-eb675bcf2e3a.jar:1.19.1]
	at scala.PartialFunction.applyOrElse(PartialFunction.scala:127) [flink-rpc-akka513c2338-5b2f-461b-a5e1-eb675bcf2e3a.jar:1.19.1]
	at scala.PartialFunction.applyOrElse$(PartialFunction.scala:126) [flink-rpc-akka513c2338-5b2f-461b-a5e1-eb675bcf2e3a.jar:1.19.1]
	at org.apache.pekko.japi.pf.UnitCaseStatement.applyOrElse(CaseStatements.scala:29) [flink-rpc-akka513c2338-5b2f-461b-a5e1-eb675bcf2e3a.jar:1.19.1]
	at scala.PartialFunction$OrElse.applyOrElse(PartialFunction.scala:175) [flink-rpc-akka513c2338-5b2f-461b-a5e1-eb675bcf2e3a.jar:1.19.1]
	at scala.PartialFunction$OrElse.applyOrElse(PartialFunction.scala:176) [flink-rpc-akka513c2338-5b2f-461b-a5e1-eb675bcf2e3a.jar:1.19.1]
	at scala.PartialFunction$OrElse.applyOrElse(PartialFunction.scala:176) [flink-rpc-akka513c2338-5b2f-461b-a5e1-eb675bcf2e3a.jar:1.19.1]
	at org.apache.pekko.actor.Actor.aroundReceive(Actor.scala:547) [flink-rpc-akka513c2338-5b2f-461b-a5e1-eb675bcf2e3a.jar:1.19.1]
	at org.apache.pekko.actor.Actor.aroundReceive$(Actor.scala:545) [flink-rpc-akka513c2338-5b2f-461b-a5e1-eb675bcf2e3a.jar:1.19.1]
	at org.apache.pekko.actor.AbstractActor.aroundReceive(AbstractActor.scala:229) [flink-rpc-akka513c2338-5b2f-461b-a5e1-eb675bcf2e3a.jar:1.19.1]
	at org.apache.pekko.actor.ActorCell.receiveMessage(ActorCell.scala:590) [flink-rpc-akka513c2338-5b2f-461b-a5e1-eb675bcf2e3a.jar:1.19.1]
	at org.apache.pekko.actor.ActorCell.invoke(ActorCell.scala:557) [flink-rpc-akka513c2338-5b2f-461b-a5e1-eb675bcf2e3a.jar:1.19.1]
	at org.apache.pekko.dispatch.Mailbox.processMailbox(Mailbox.scala:280) [flink-rpc-akka513c2338-5b2f-461b-a5e1-eb675bcf2e3a.jar:1.19.1]
	at org.apache.pekko.dispatch.Mailbox.run(Mailbox.scala:241) [flink-rpc-akka513c2338-5b2f-461b-a5e1-eb675bcf2e3a.jar:1.19.1]
	at org.apache.pekko.dispatch.Mailbox.exec(Mailbox.scala:253) [flink-rpc-akka513c2338-5b2f-461b-a5e1-eb675bcf2e3a.jar:1.19.1]
	at java.util.concurrent.ForkJoinTask.doExec(Unknown Source) [?:?]
	at java.util.concurrent.ForkJoinPool$WorkQueue.topLevelExec(Unknown Source) [?:?]
	at java.util.concurrent.ForkJoinPool.scan(Unknown Source) [?:?]
	at java.util.concurrent.ForkJoinPool.runWorker(Unknown Source) [?:?]
	at java.util.concurrent.ForkJoinWorkerThread.run(Unknown Source) [?:?]
${property.jsonPattern}
${property.jsonPattern}
${property.jsonPattern}
${property.jsonPattern}
${property.jsonPattern}
${property.jsonPattern}
${property.jsonPattern}
${property.jsonPattern}
${property.jsonPattern}
${property.jsonPattern}
${property.jsonPattern}
${property.jsonPattern}
${property.jsonPattern}
${property.jsonPattern}
${property.jsonPattern}
${property.jsonPattern}
${property.jsonPattern}
${property.jsonPattern}
${property.jsonPattern}
${property.jsonPattern}
${property.jsonPattern}
${property.jsonPattern}
${property.jsonPattern}
${property.jsonPattern}
${property.jsonPattern}
org.apache.flink.runtime.jobmanager.scheduler.NoResourceAvailableException: Could not acquire the minimum required resources.
${property.jsonPattern}
${property.jsonPattern}
${property.jsonPattern}
${property.jsonPattern}
${property.jsonPattern}
${property.jsonPattern}
${property.jsonPattern}
${property.jsonPattern}
${property.jsonPattern}
${property.jsonPattern}
${property.jsonPattern}
${property.jsonPattern}
${property.jsonPattern}
${property.jsonPattern}
${property.jsonPattern}
${property.jsonPattern}
${property.jsonPattern}
${property.jsonPattern}
${property.jsonPattern}
${property.jsonPattern}
${property.jsonPattern}
${property.jsonPattern}
${property.jsonPattern}
${property.jsonPattern}
${property.jsonPattern}
${property.jsonPattern}
${property.jsonPattern}
${property.jsonPattern}
${property.jsonPattern}
${property.jsonPattern}
${property.jsonPattern}
${property.jsonPattern}
${property.jsonPattern}
${property.jsonPattern}
${property.jsonPattern}
${property.jsonPattern}
${property.jsonPattern}
${property.jsonPattern}
${property.jsonPattern}
${property.jsonPattern}
${property.jsonPattern}
${property.jsonPattern}
${property.jsonPattern}
${property.jsonPattern}
${property.jsonPattern}
${property.jsonPattern}
${property.jsonPattern}
${property.jsonPattern}
${property.jsonPattern}
${property.jsonPattern}
${property.jsonPattern}
${property.jsonPattern}
${property.jsonPattern}
${property.jsonPattern}
${property.jsonPattern}
${property.jsonPattern}
${property.jsonPattern}
${property.jsonPattern}
${property.jsonPattern}
${property.jsonPattern}
${property.jsonPattern}
${property.jsonPattern}
${property.jsonPattern}
${property.jsonPattern}
${property.jsonPattern}
${property.jsonPattern}
${property.jsonPattern}
${property.jsonPattern}
${property.jsonPattern}
${property.jsonPattern}
${property.jsonPattern}
${property.jsonPattern}
${property.jsonPattern}
${property.jsonPattern}
${property.jsonPattern}
${property.jsonPattern}
${property.jsonPattern}
${property.jsonPattern}
${property.jsonPattern}
${property.jsonPattern}
${property.jsonPattern}
${property.jsonPattern}
${property.jsonPattern}
${property.jsonPattern}
${property.jsonPattern}
${property.jsonPattern}
${property.jsonPattern}
${property.jsonPattern}
${property.jsonPattern}
${property.jsonPattern}
${property.jsonPattern}
${property.jsonPattern}
${property.jsonPattern}
${property.jsonPattern}
${property.jsonPattern}
${property.jsonPattern}
${property.jsonPattern}
${property.jsonPattern}
${property.jsonPattern}
${property.jsonPattern}
${property.jsonPattern}
${property.jsonPattern}
${property.jsonPattern}
${property.jsonPattern}
${property.jsonPattern}
${property.jsonPattern}
${property.jsonPattern}
${property.jsonPattern}
${property.jsonPattern}
${property.jsonPattern}
${property.jsonPattern}
${property.jsonPattern}
${property.jsonPattern}
${property.jsonPattern}
${property.jsonPattern}
${property.jsonPattern}
${property.jsonPattern}
${property.jsonPattern}
${property.jsonPattern}
${property.jsonPattern}
${property.jsonPattern}
${property.jsonPattern}
${property.jsonPattern}
${property.jsonPattern}
${property.jsonPattern}
${property.jsonPattern}
${property.jsonPattern}
${property.jsonPattern}
${property.jsonPattern}
${property.jsonPattern}
${property.jsonPattern}
${property.jsonPattern}
${property.jsonPattern}
${property.jsonPattern}
${property.jsonPattern}
${property.jsonPattern}
${property.jsonPattern}
${property.jsonPattern}
${property.jsonPattern}
${property.jsonPattern}
${property.jsonPattern}
${property.jsonPattern}
${property.jsonPattern}
${property.jsonPattern}
${property.jsonPattern}
${property.jsonPattern}
${property.jsonPattern}
${property.jsonPattern}
${property.jsonPattern}
${property.jsonPattern}
${property.jsonPattern}
${property.jsonPattern}
${property.jsonPattern}
${property.jsonPattern}
${property.jsonPattern}
${property.jsonPattern}
${property.jsonPattern}
${property.jsonPattern}
${property.jsonPattern}
${property.jsonPattern}
${property.jsonPattern}
${property.jsonPattern}
${property.jsonPattern}
${property.jsonPattern}
${property.jsonPattern}
${property.jsonPattern}
${property.jsonPattern}
${property.jsonPattern}
${property.jsonPattern}
${property.jsonPattern}
${property.jsonPattern}
${property.jsonPattern}
${property.jsonPattern}
${property.jsonPattern}
${property.jsonPattern}
${property.jsonPattern}
${property.jsonPattern}
${property.jsonPattern}
${property.jsonPattern}
${property.jsonPattern}
${property.jsonPattern}
${property.jsonPattern}
${property.jsonPattern}
${property.jsonPattern}
${property.jsonPattern}
${property.jsonPattern}
${property.jsonPattern}
${property.jsonPattern}
${property.jsonPattern}
${property.jsonPattern}
${property.jsonPattern}
${property.jsonPattern}
${property.jsonPattern}
${property.jsonPattern}
${property.jsonPattern}
${property.jsonPattern}
${property.jsonPattern}
${property.jsonPattern}
${property.jsonPattern}
${property.jsonPattern}
${property.jsonPattern}
${property.jsonPattern}
${property.jsonPattern}
${property.jsonPattern}
${property.jsonPattern}
${property.jsonPattern}
${property.jsonPattern}
${property.jsonPattern}
${property.jsonPattern}
${property.jsonPattern}
${property.jsonPattern}
${property.jsonPattern}
${property.jsonPattern}
${property.jsonPattern}
${property.jsonPattern}
${property.jsonPattern}
${property.jsonPattern}
${property.jsonPattern}
${property.jsonPattern}
${property.jsonPattern}
${property.jsonPattern}
${property.jsonPattern}
${property.jsonPattern}
${property.jsonPattern}
${property.jsonPattern}
${property.jsonPattern}
${property.jsonPattern}
${property.jsonPattern}
${property.jsonPattern}
${property.jsonPattern}
${property.jsonPattern}
${property.jsonPattern}
${property.jsonPattern}
${property.jsonPattern}
${property.jsonPattern}
${property.jsonPattern}
${property.jsonPattern}
${property.jsonPattern}
${property.jsonPattern}
${property.jsonPattern}
${property.jsonPattern}
${property.jsonPattern}
${property.jsonPattern}
${property.jsonPattern}
${property.jsonPattern}
${property.jsonPattern}
${property.jsonPattern}
${property.jsonPattern}
${property.jsonPattern}
${property.jsonPattern}
${property.jsonPattern}
${property.jsonPattern}
${property.jsonPattern}
${property.jsonPattern}
${property.jsonPattern}
${property.jsonPattern}
${property.jsonPattern}
${property.jsonPattern}
${property.jsonPattern}
${property.jsonPattern}
${property.jsonPattern}
${property.jsonPattern}
${property.jsonPattern}
${property.jsonPattern}
${property.jsonPattern}
${property.jsonPattern}
