2026-04-05 04:06:21,696 INFO  org.apache.flink.runtime.entrypoint.ClusterEntrypoint        [] - --------------------------------------------------------------------------------
2026-04-05 04:06:21,699 INFO  org.apache.flink.runtime.entrypoint.ClusterEntrypoint        [] -  Preconfiguration: 
2026-04-05 04:06:21,699 INFO  org.apache.flink.runtime.entrypoint.ClusterEntrypoint        [] - 


RESOURCE_PARAMS extraction logs:
jvm_params: -Xmx1073741824 -Xms1073741824 -XX:MaxMetaspaceSize=268435456
dynamic_configs: -D jobmanager.memory.off-heap.size=134217728b -D jobmanager.memory.jvm-overhead.min=201326592b -D jobmanager.memory.jvm-metaspace.size=268435456b -D jobmanager.memory.heap.size=1073741824b -D jobmanager.memory.jvm-overhead.max=201326592b
logs: WARNING: sun.reflect.Reflection.getCallerClass is not supported. This will impact performance.
INFO  [] - Using standard YAML parser to load flink configuration file from /opt/flink/conf/config.yaml.
INFO  [] - Loading configuration property: taskmanager.memory.process.size, 2048m
INFO  [] - Loading configuration property: state.checkpoints.num-retained, 3
INFO  [] - Loading configuration property: heartbeat.timeout, 120000
INFO  [] - Loading configuration property: jobmanager.rpc.address, flink-jobmanager
INFO  [] - Loading configuration property: web.cancel.enable, true
INFO  [] - Loading configuration property: jobmanager.memory.process.size, 1600m
INFO  [] - Loading configuration property: heartbeat.interval, 10000
INFO  [] - Loading configuration property: jobmanager.rpc.port, 6123
INFO  [] - Loading configuration property: rest.port, 8081
INFO  [] - Loading configuration property: security.ssl.enabled, false
INFO  [] - Loading configuration property: parallelism.default, 1
INFO  [] - Loading configuration property: taskmanager.numberOfTaskSlots, 4
INFO  [] - Loading configuration property: web.submit.enable, true
INFO  [] - Loading configuration property: rest.address, 0.0.0.0
INFO  [] - Loading configuration property: state.backend, hashmap
INFO  [] - Loading configuration property: env.log.level, INFO
INFO  [] - Loading configuration property: pekko.ask.timeout, 60 s
INFO  [] - Loading configuration property: state.checkpoints.dir, file:///opt/flink/checkpoints
INFO  [] - The derived from fraction jvm overhead memory (160.000mb (167772162 bytes)) is less than its min value 192.000mb (201326592 bytes), min value will be used instead
INFO  [] - Final Master Memory configuration:
INFO  [] -   Total Process Memory: 1.563gb (1677721600 bytes)
INFO  [] -     Total Flink Memory: 1.125gb (1207959552 bytes)
INFO  [] -       JVM Heap:         1024.000mb (1073741824 bytes)
INFO  [] -       Off-heap:         128.000mb (134217728 bytes)
INFO  [] -     JVM Metaspace:      256.000mb (268435456 bytes)
INFO  [] -     JVM Overhead:       192.000mb (201326592 bytes)

2026-04-05 04:06:21,699 INFO  org.apache.flink.runtime.entrypoint.ClusterEntrypoint        [] - --------------------------------------------------------------------------------
2026-04-05 04:06:21,700 INFO  org.apache.flink.runtime.entrypoint.ClusterEntrypoint        [] -  Starting StandaloneSessionClusterEntrypoint (Version: 1.19.1, Scala: 2.12, Rev:5edb5a9, Date:2024-06-06T14:45:33+02:00)
2026-04-05 04:06:21,700 INFO  org.apache.flink.runtime.entrypoint.ClusterEntrypoint        [] -  OS current user: flink
2026-04-05 04:06:21,700 INFO  org.apache.flink.runtime.entrypoint.ClusterEntrypoint        [] -  Current Hadoop/Kerberos user: <no hadoop dependency found>
2026-04-05 04:06:21,700 INFO  org.apache.flink.runtime.entrypoint.ClusterEntrypoint        [] -  JVM: OpenJDK 64-Bit Server VM - Eclipse Adoptium - 11/11.0.24+8
2026-04-05 04:06:21,700 INFO  org.apache.flink.runtime.entrypoint.ClusterEntrypoint        [] -  Arch: amd64
2026-04-05 04:06:21,701 INFO  org.apache.flink.runtime.entrypoint.ClusterEntrypoint        [] -  Maximum heap size: 1024 MiBytes
2026-04-05 04:06:21,701 INFO  org.apache.flink.runtime.entrypoint.ClusterEntrypoint        [] -  JAVA_HOME: /opt/java/openjdk
2026-04-05 04:06:21,701 INFO  org.apache.flink.runtime.entrypoint.ClusterEntrypoint        [] -  No Hadoop Dependency available
2026-04-05 04:06:21,701 INFO  org.apache.flink.runtime.entrypoint.ClusterEntrypoint        [] -  JVM Options:
2026-04-05 04:06:21,701 INFO  org.apache.flink.runtime.entrypoint.ClusterEntrypoint        [] -     -Xmx1073741824
2026-04-05 04:06:21,702 INFO  org.apache.flink.runtime.entrypoint.ClusterEntrypoint        [] -     -Xms1073741824
2026-04-05 04:06:21,702 INFO  org.apache.flink.runtime.entrypoint.ClusterEntrypoint        [] -     -XX:MaxMetaspaceSize=268435456
2026-04-05 04:06:21,702 INFO  org.apache.flink.runtime.entrypoint.ClusterEntrypoint        [] -     -XX:+IgnoreUnrecognizedVMOptions
2026-04-05 04:06:21,702 INFO  org.apache.flink.runtime.entrypoint.ClusterEntrypoint        [] -     -Dlog.file=/opt/flink/log/flink--standalonesession-0-flink-jobmanager.log
2026-04-05 04:06:21,702 INFO  org.apache.flink.runtime.entrypoint.ClusterEntrypoint        [] -     -Dlog4j.configuration=file:/opt/flink/conf/log4j-console.properties
2026-04-05 04:06:21,702 INFO  org.apache.flink.runtime.entrypoint.ClusterEntrypoint        [] -     -Dlog4j.configurationFile=file:/opt/flink/conf/log4j-console.properties
2026-04-05 04:06:21,703 INFO  org.apache.flink.runtime.entrypoint.ClusterEntrypoint        [] -     -Dlogback.configurationFile=file:/opt/flink/conf/logback-console.xml
2026-04-05 04:06:21,703 INFO  org.apache.flink.runtime.entrypoint.ClusterEntrypoint        [] -  Program Arguments:
2026-04-05 04:06:21,704 INFO  org.apache.flink.runtime.entrypoint.ClusterEntrypoint        [] -     -D
2026-04-05 04:06:21,704 INFO  org.apache.flink.runtime.entrypoint.ClusterEntrypoint        [] -     jobmanager.memory.off-heap.size=134217728b
2026-04-05 04:06:21,704 INFO  org.apache.flink.runtime.entrypoint.ClusterEntrypoint        [] -     -D
2026-04-05 04:06:21,705 INFO  org.apache.flink.runtime.entrypoint.ClusterEntrypoint        [] -     jobmanager.memory.jvm-overhead.min=201326592b
2026-04-05 04:06:21,705 INFO  org.apache.flink.runtime.entrypoint.ClusterEntrypoint        [] -     -D
2026-04-05 04:06:21,705 INFO  org.apache.flink.runtime.entrypoint.ClusterEntrypoint        [] -     jobmanager.memory.jvm-metaspace.size=268435456b
2026-04-05 04:06:21,705 INFO  org.apache.flink.runtime.entrypoint.ClusterEntrypoint        [] -     -D
2026-04-05 04:06:21,705 INFO  org.apache.flink.runtime.entrypoint.ClusterEntrypoint        [] -     jobmanager.memory.heap.size=1073741824b
2026-04-05 04:06:21,706 INFO  org.apache.flink.runtime.entrypoint.ClusterEntrypoint        [] -     -D
2026-04-05 04:06:21,706 INFO  org.apache.flink.runtime.entrypoint.ClusterEntrypoint        [] -     jobmanager.memory.jvm-overhead.max=201326592b
2026-04-05 04:06:21,706 INFO  org.apache.flink.runtime.entrypoint.ClusterEntrypoint        [] -     --configDir
2026-04-05 04:06:21,707 INFO  org.apache.flink.runtime.entrypoint.ClusterEntrypoint        [] -     /opt/flink/conf
2026-04-05 04:06:21,707 INFO  org.apache.flink.runtime.entrypoint.ClusterEntrypoint        [] -     --executionMode
2026-04-05 04:06:21,707 INFO  org.apache.flink.runtime.entrypoint.ClusterEntrypoint        [] -     cluster
2026-04-05 04:06:21,707 INFO  org.apache.flink.runtime.entrypoint.ClusterEntrypoint        [] -  Classpath: /opt/flink/lib/flink-cep-1.19.1.jar:/opt/flink/lib/flink-connector-files-1.19.1.jar:/opt/flink/lib/flink-csv-1.19.1.jar:/opt/flink/lib/flink-json-1.19.1.jar:/opt/flink/lib/flink-scala_2.12-1.19.1.jar:/opt/flink/lib/flink-table-api-java-uber-1.19.1.jar:/opt/flink/lib/flink-table-planner-loader-1.19.1.jar:/opt/flink/lib/flink-table-runtime-1.19.1.jar:/opt/flink/lib/log4j-1.2-api-2.17.1.jar:/opt/flink/lib/log4j-api-2.17.1.jar:/opt/flink/lib/log4j-core-2.17.1.jar:/opt/flink/lib/log4j-slf4j-impl-2.17.1.jar:/opt/flink/lib/flink-dist-1.19.1.jar::::
2026-04-05 04:06:21,707 INFO  org.apache.flink.runtime.entrypoint.ClusterEntrypoint        [] - --------------------------------------------------------------------------------
2026-04-05 04:06:21,709 INFO  org.apache.flink.runtime.entrypoint.ClusterEntrypoint        [] - Registered UNIX signal handlers for [TERM, HUP, INT]
2026-04-05 04:06:21,718 INFO  org.apache.flink.configuration.GlobalConfiguration           [] - Using standard YAML parser to load flink configuration file from /opt/flink/conf/config.yaml.
2026-04-05 04:06:21,757 INFO  org.apache.flink.configuration.GlobalConfiguration           [] - Loading configuration property: taskmanager.memory.process.size, 2048m
2026-04-05 04:06:21,758 INFO  org.apache.flink.configuration.GlobalConfiguration           [] - Loading configuration property: state.checkpoints.num-retained, 3
2026-04-05 04:06:21,758 INFO  org.apache.flink.configuration.GlobalConfiguration           [] - Loading configuration property: heartbeat.timeout, 120000
2026-04-05 04:06:21,758 INFO  org.apache.flink.configuration.GlobalConfiguration           [] - Loading configuration property: jobmanager.rpc.address, flink-jobmanager
2026-04-05 04:06:21,758 INFO  org.apache.flink.configuration.GlobalConfiguration           [] - Loading configuration property: web.cancel.enable, true
2026-04-05 04:06:21,759 INFO  org.apache.flink.configuration.GlobalConfiguration           [] - Loading configuration property: jobmanager.memory.process.size, 1600m
2026-04-05 04:06:21,759 INFO  org.apache.flink.configuration.GlobalConfiguration           [] - Loading configuration property: heartbeat.interval, 10000
2026-04-05 04:06:21,760 INFO  org.apache.flink.configuration.GlobalConfiguration           [] - Loading configuration property: jobmanager.rpc.port, 6123
2026-04-05 04:06:21,760 INFO  org.apache.flink.configuration.GlobalConfiguration           [] - Loading configuration property: rest.port, 8081
2026-04-05 04:06:21,760 INFO  org.apache.flink.configuration.GlobalConfiguration           [] - Loading configuration property: security.ssl.enabled, false
2026-04-05 04:06:21,760 INFO  org.apache.flink.configuration.GlobalConfiguration           [] - Loading configuration property: parallelism.default, 1
2026-04-05 04:06:21,760 INFO  org.apache.flink.configuration.GlobalConfiguration           [] - Loading configuration property: taskmanager.numberOfTaskSlots, 4
2026-04-05 04:06:21,760 INFO  org.apache.flink.configuration.GlobalConfiguration           [] - Loading configuration property: web.submit.enable, true
2026-04-05 04:06:21,760 INFO  org.apache.flink.configuration.GlobalConfiguration           [] - Loading configuration property: rest.address, 0.0.0.0
2026-04-05 04:06:21,761 INFO  org.apache.flink.configuration.GlobalConfiguration           [] - Loading configuration property: state.backend, hashmap
2026-04-05 04:06:21,761 INFO  org.apache.flink.configuration.GlobalConfiguration           [] - Loading configuration property: env.log.level, INFO
2026-04-05 04:06:21,761 INFO  org.apache.flink.configuration.GlobalConfiguration           [] - Loading configuration property: pekko.ask.timeout, 60 s
2026-04-05 04:06:21,761 INFO  org.apache.flink.configuration.GlobalConfiguration           [] - Loading configuration property: state.checkpoints.dir, file:///opt/flink/checkpoints
2026-04-05 04:06:21,761 INFO  org.apache.flink.configuration.GlobalConfiguration           [] - Loading dynamic configuration property: jobmanager.memory.off-heap.size, 134217728b
2026-04-05 04:06:21,762 INFO  org.apache.flink.configuration.GlobalConfiguration           [] - Loading dynamic configuration property: jobmanager.memory.jvm-overhead.min, 201326592b
2026-04-05 04:06:21,762 INFO  org.apache.flink.configuration.GlobalConfiguration           [] - Loading dynamic configuration property: jobmanager.memory.jvm-metaspace.size, 268435456b
2026-04-05 04:06:21,762 INFO  org.apache.flink.configuration.GlobalConfiguration           [] - Loading dynamic configuration property: jobmanager.memory.heap.size, 1073741824b
2026-04-05 04:06:21,762 INFO  org.apache.flink.configuration.GlobalConfiguration           [] - Loading dynamic configuration property: jobmanager.memory.jvm-overhead.max, 201326592b
2026-04-05 04:06:21,797 INFO  org.apache.flink.runtime.entrypoint.ClusterEntrypoint        [] - Starting StandaloneSessionClusterEntrypoint.
2026-04-05 04:06:21,843 INFO  org.apache.flink.runtime.entrypoint.ClusterEntrypoint        [] - Install default filesystem.
2026-04-05 04:06:21,847 INFO  org.apache.flink.core.fs.FileSystem                          [] - Hadoop is not in the classpath/dependencies. The extended set of supported File Systems via Hadoop is not available.
2026-04-05 04:06:21,864 INFO  org.apache.flink.core.plugin.DefaultPluginManager            [] - Plugin loader with ID not found, creating it: external-resource-gpu
2026-04-05 04:06:21,880 INFO  org.apache.flink.core.plugin.DefaultPluginManager            [] - Plugin loader with ID not found, creating it: metrics-datadog
2026-04-05 04:06:21,880 INFO  org.apache.flink.core.plugin.DefaultPluginManager            [] - Plugin loader with ID not found, creating it: metrics-influx
2026-04-05 04:06:21,880 INFO  org.apache.flink.core.plugin.DefaultPluginManager            [] - Plugin loader with ID not found, creating it: metrics-statsd
2026-04-05 04:06:21,880 INFO  org.apache.flink.core.plugin.DefaultPluginManager            [] - Plugin loader with ID not found, creating it: metrics-graphite
2026-04-05 04:06:21,881 INFO  org.apache.flink.core.plugin.DefaultPluginManager            [] - Plugin loader with ID not found, creating it: metrics-jmx
2026-04-05 04:06:21,881 INFO  org.apache.flink.core.plugin.DefaultPluginManager            [] - Plugin loader with ID not found, creating it: metrics-slf4j
2026-04-05 04:06:21,881 INFO  org.apache.flink.core.plugin.DefaultPluginManager            [] - Plugin loader with ID not found, creating it: metrics-prometheus
2026-04-05 04:06:21,903 INFO  org.apache.flink.runtime.entrypoint.ClusterEntrypoint        [] - Install security context.
2026-04-05 04:06:21,922 INFO  org.apache.flink.runtime.security.modules.HadoopModuleFactory [] - Cannot create Hadoop Security Module because Hadoop cannot be found in the Classpath.
2026-04-05 04:06:21,931 INFO  org.apache.flink.runtime.security.modules.JaasModule         [] - Jaas file will be created as /tmp/jaas-13896131080025697531.conf.
2026-04-05 04:06:21,938 INFO  org.apache.flink.runtime.security.contexts.HadoopSecurityContextFactory [] - Cannot install HadoopSecurityContext because Hadoop cannot be found in the Classpath.
2026-04-05 04:06:21,940 INFO  org.apache.flink.runtime.entrypoint.ClusterEntrypoint        [] - Initializing cluster services.
2026-04-05 04:06:21,946 INFO  org.apache.flink.runtime.entrypoint.ClusterEntrypoint        [] - Using working directory: WorkingDirectory(/tmp/jm_1dafa05a7e3ac719dc00a12756ca07d4).
2026-04-05 04:06:22,228 INFO  org.apache.flink.runtime.rpc.pekko.PekkoRpcServiceUtils      [] - Trying to start actor system, external address flink-jobmanager:6123, bind address 0.0.0.0:6123.
2026-04-05 04:06:23,223 INFO  org.apache.pekko.event.slf4j.Slf4jLogger                     [] - Slf4jLogger started
2026-04-05 04:06:23,270 INFO  org.apache.pekko.remote.RemoteActorRefProvider               [] - Pekko Cluster not in use - enabling unsafe features anyway because `pekko.remote.use-unsafe-remote-features-outside-cluster` has been enabled.
2026-04-05 04:06:23,271 INFO  org.apache.pekko.remote.Remoting                             [] - Starting remoting
2026-04-05 04:06:23,416 INFO  org.apache.pekko.remote.Remoting                             [] - Remoting started; listening on addresses :[pekko.tcp://flink@flink-jobmanager:6123]
2026-04-05 04:06:23,531 INFO  org.apache.flink.runtime.rpc.pekko.PekkoRpcServiceUtils      [] - Actor system started at pekko.tcp://flink@flink-jobmanager:6123
2026-04-05 04:06:23,553 INFO  org.apache.flink.runtime.security.token.DefaultDelegationTokenManager [] - Loading delegation token providers
2026-04-05 04:06:23,562 INFO  org.apache.flink.runtime.security.token.hadoop.HadoopFSDelegationTokenProvider [] - Hadoop FS is not available (not packaged with this application): NoClassDefFoundError : "org/apache/hadoop/conf/Configuration".
2026-04-05 04:06:23,563 INFO  org.apache.flink.runtime.security.token.DefaultDelegationTokenManager [] - Delegation token provider hadoopfs loaded and initialized
2026-04-05 04:06:23,564 INFO  org.apache.flink.runtime.security.token.DefaultDelegationTokenManager [] - Delegation token provider hbase loaded and initialized
2026-04-05 04:06:23,565 INFO  org.apache.flink.core.plugin.DefaultPluginManager            [] - Plugin loader with ID found, reusing it: external-resource-gpu
2026-04-05 04:06:23,565 INFO  org.apache.flink.core.plugin.DefaultPluginManager            [] - Plugin loader with ID found, reusing it: metrics-datadog
2026-04-05 04:06:23,565 INFO  org.apache.flink.core.plugin.DefaultPluginManager            [] - Plugin loader with ID found, reusing it: metrics-influx
2026-04-05 04:06:23,565 INFO  org.apache.flink.core.plugin.DefaultPluginManager            [] - Plugin loader with ID found, reusing it: metrics-statsd
2026-04-05 04:06:23,565 INFO  org.apache.flink.core.plugin.DefaultPluginManager            [] - Plugin loader with ID found, reusing it: metrics-graphite
2026-04-05 04:06:23,565 INFO  org.apache.flink.core.plugin.DefaultPluginManager            [] - Plugin loader with ID found, reusing it: metrics-jmx
2026-04-05 04:06:23,566 INFO  org.apache.flink.core.plugin.DefaultPluginManager            [] - Plugin loader with ID found, reusing it: metrics-slf4j
2026-04-05 04:06:23,567 INFO  org.apache.flink.core.plugin.DefaultPluginManager            [] - Plugin loader with ID found, reusing it: metrics-prometheus
2026-04-05 04:06:23,567 INFO  org.apache.flink.runtime.security.token.DefaultDelegationTokenManager [] - Delegation token providers loaded successfully
2026-04-05 04:06:23,568 INFO  org.apache.flink.runtime.security.token.DelegationTokenReceiverRepository [] - Loading delegation token receivers
2026-04-05 04:06:23,572 INFO  org.apache.flink.runtime.security.token.DelegationTokenReceiverRepository [] - Delegation token receiver hadoopfs loaded and initialized
2026-04-05 04:06:23,572 INFO  org.apache.flink.runtime.security.token.DelegationTokenReceiverRepository [] - Delegation token receiver hbase loaded and initialized
2026-04-05 04:06:23,573 INFO  org.apache.flink.core.plugin.DefaultPluginManager            [] - Plugin loader with ID found, reusing it: external-resource-gpu
2026-04-05 04:06:23,573 INFO  org.apache.flink.core.plugin.DefaultPluginManager            [] - Plugin loader with ID found, reusing it: metrics-datadog
2026-04-05 04:06:23,573 INFO  org.apache.flink.core.plugin.DefaultPluginManager            [] - Plugin loader with ID found, reusing it: metrics-influx
2026-04-05 04:06:23,573 INFO  org.apache.flink.core.plugin.DefaultPluginManager            [] - Plugin loader with ID found, reusing it: metrics-statsd
2026-04-05 04:06:23,573 INFO  org.apache.flink.core.plugin.DefaultPluginManager            [] - Plugin loader with ID found, reusing it: metrics-graphite
2026-04-05 04:06:23,573 INFO  org.apache.flink.core.plugin.DefaultPluginManager            [] - Plugin loader with ID found, reusing it: metrics-jmx
2026-04-05 04:06:23,573 INFO  org.apache.flink.core.plugin.DefaultPluginManager            [] - Plugin loader with ID found, reusing it: metrics-slf4j
2026-04-05 04:06:23,573 INFO  org.apache.flink.core.plugin.DefaultPluginManager            [] - Plugin loader with ID found, reusing it: metrics-prometheus
2026-04-05 04:06:23,574 INFO  org.apache.flink.runtime.security.token.DelegationTokenReceiverRepository [] - Delegation token receivers loaded successfully
2026-04-05 04:06:23,574 INFO  org.apache.flink.runtime.security.token.DefaultDelegationTokenManager [] - Checking provider and receiver instances consistency
2026-04-05 04:06:23,574 INFO  org.apache.flink.runtime.security.token.DefaultDelegationTokenManager [] - Provider and receiver instances are consistent
2026-04-05 04:06:23,574 INFO  org.apache.flink.runtime.security.token.DefaultDelegationTokenManager [] - Obtaining delegation tokens
2026-04-05 04:06:23,581 INFO  org.apache.flink.runtime.security.token.DefaultDelegationTokenManager [] - Delegation tokens obtained successfully
2026-04-05 04:06:23,581 WARN  org.apache.flink.runtime.security.token.DefaultDelegationTokenManager [] - No tokens obtained so skipping notifications
2026-04-05 04:06:23,596 INFO  org.apache.flink.runtime.blob.BlobServer                     [] - Created BLOB server storage directory /tmp/jm_1dafa05a7e3ac719dc00a12756ca07d4/blobStorage
2026-04-05 04:06:23,602 INFO  org.apache.flink.runtime.blob.BlobServer                     [] - Started BLOB server at 0.0.0.0:46015 - max concurrent requests: 50 - max backlog: 1000
2026-04-05 04:06:23,625 INFO  org.apache.flink.runtime.metrics.MetricRegistryImpl          [] - No metrics reporter configured, no metrics will be exposed/reported.
2026-04-05 04:06:23,625 INFO  org.apache.flink.runtime.metrics.MetricRegistryImpl          [] - No trace reporter configured, no metrics will be exposed/reported.
2026-04-05 04:06:23,630 INFO  org.apache.flink.runtime.rpc.pekko.PekkoRpcServiceUtils      [] - Trying to start actor system, external address flink-jobmanager:0, bind address 0.0.0.0:0.
2026-04-05 04:06:23,679 INFO  org.apache.pekko.event.slf4j.Slf4jLogger                     [] - Slf4jLogger started
2026-04-05 04:06:23,686 INFO  org.apache.pekko.remote.RemoteActorRefProvider               [] - Pekko Cluster not in use - enabling unsafe features anyway because `pekko.remote.use-unsafe-remote-features-outside-cluster` has been enabled.
2026-04-05 04:06:23,688 INFO  org.apache.pekko.remote.Remoting                             [] - Starting remoting
2026-04-05 04:06:23,699 INFO  org.apache.pekko.remote.Remoting                             [] - Remoting started; listening on addresses :[pekko.tcp://flink-metrics@flink-jobmanager:33605]
2026-04-05 04:06:23,715 INFO  org.apache.flink.runtime.rpc.pekko.PekkoRpcServiceUtils      [] - Actor system started at pekko.tcp://flink-metrics@flink-jobmanager:33605
2026-04-05 04:06:23,729 INFO  org.apache.flink.runtime.rpc.pekko.PekkoRpcService           [] - Starting RPC endpoint for org.apache.flink.runtime.metrics.dump.MetricQueryService at pekko://flink-metrics/user/rpc/MetricQueryService .
2026-04-05 04:06:23,765 INFO  org.apache.flink.runtime.dispatcher.FileExecutionGraphInfoStore [] - Initializing FileExecutionGraphInfoStore: Storage directory /tmp/executionGraphStore-9668bd8d-322a-42eb-b621-2f31365b22f4, expiration time 3600000, maximum cache size 52428800 bytes.
2026-04-05 04:06:23,804 INFO  org.apache.flink.configuration.Configuration                 [] - Config uses fallback configuration key 'rest.port' instead of key 'rest.bind-port'
2026-04-05 04:06:23,830 INFO  org.apache.flink.runtime.dispatcher.DispatcherRestEndpoint   [] - Upload directory /tmp/flink-web-06e5e372-3603-47cf-8c29-60363f88e86c/flink-web-upload does not exist. 
2026-04-05 04:06:23,831 INFO  org.apache.flink.runtime.dispatcher.DispatcherRestEndpoint   [] - Created directory /tmp/flink-web-06e5e372-3603-47cf-8c29-60363f88e86c/flink-web-upload for file uploads.
2026-04-05 04:06:23,834 INFO  org.apache.flink.runtime.dispatcher.DispatcherRestEndpoint   [] - Starting rest endpoint.
2026-04-05 04:06:24,119 INFO  org.apache.flink.runtime.webmonitor.WebMonitorUtils          [] - Determined location of main cluster component log file: /opt/flink/log/flink--standalonesession-0-flink-jobmanager.log
2026-04-05 04:06:24,120 INFO  org.apache.flink.runtime.webmonitor.WebMonitorUtils          [] - Determined location of main cluster component stdout file: /opt/flink/log/flink--standalonesession-0-flink-jobmanager.out
2026-04-05 04:06:24,237 INFO  org.apache.flink.runtime.dispatcher.DispatcherRestEndpoint   [] - Rest endpoint listening at 0.0.0.0:8081
2026-04-05 04:06:24,241 INFO  org.apache.flink.runtime.dispatcher.DispatcherRestEndpoint   [] - http://0.0.0.0:8081 was granted leadership with leaderSessionID=00000000-0000-0000-0000-000000000000
2026-04-05 04:06:24,242 INFO  org.apache.flink.runtime.dispatcher.DispatcherRestEndpoint   [] - Web frontend listening at http://0.0.0.0:8081.
2026-04-05 04:06:24,267 INFO  org.apache.flink.runtime.dispatcher.runner.DefaultDispatcherRunner [] - DefaultDispatcherRunner was granted leadership with leader id 00000000-0000-0000-0000-000000000000. Creating new DispatcherLeaderProcess.
2026-04-05 04:06:24,272 INFO  org.apache.flink.runtime.dispatcher.runner.SessionDispatcherLeaderProcess [] - Start SessionDispatcherLeaderProcess.
2026-04-05 04:06:24,275 INFO  org.apache.flink.runtime.resourcemanager.ResourceManagerServiceImpl [] - Starting resource manager service.
2026-04-05 04:06:24,277 INFO  org.apache.flink.runtime.resourcemanager.ResourceManagerServiceImpl [] - Resource manager service is granted leadership with session id 00000000-0000-0000-0000-000000000000.
2026-04-05 04:06:24,289 INFO  org.apache.flink.runtime.dispatcher.runner.SessionDispatcherLeaderProcess [] - Recover all persisted job graphs that are not finished, yet.
2026-04-05 04:06:24,291 INFO  org.apache.flink.runtime.dispatcher.runner.SessionDispatcherLeaderProcess [] - Successfully recovered 0 persisted job graphs.
2026-04-05 04:06:24,315 INFO  org.apache.flink.runtime.rpc.pekko.PekkoRpcService           [] - Starting RPC endpoint for org.apache.flink.runtime.dispatcher.StandaloneDispatcher at pekko://flink/user/rpc/dispatcher_0 .
2026-04-05 04:06:24,315 INFO  org.apache.flink.runtime.rpc.pekko.PekkoRpcService           [] - Starting RPC endpoint for org.apache.flink.runtime.resourcemanager.StandaloneResourceManager at pekko://flink/user/rpc/resourcemanager_1 .
2026-04-05 04:06:24,362 INFO  org.apache.flink.runtime.resourcemanager.StandaloneResourceManager [] - Starting the resource manager.
2026-04-05 04:06:24,379 INFO  org.apache.flink.runtime.resourcemanager.slotmanager.FineGrainedSlotManager [] - Starting the slot manager.
2026-04-05 04:06:24,380 INFO  org.apache.flink.runtime.security.token.DefaultDelegationTokenManager [] - Starting tokens update task
2026-04-05 04:06:24,381 WARN  org.apache.flink.runtime.security.token.DefaultDelegationTokenManager [] - No tokens obtained so skipping notifications
2026-04-05 04:06:24,381 WARN  org.apache.flink.runtime.security.token.DefaultDelegationTokenManager [] - Tokens update task not started because either no tokens obtained or none of the tokens specified its renewal date
2026-04-05 04:06:42,914 INFO  org.apache.flink.runtime.resourcemanager.StandaloneResourceManager [] - Registering TaskManager with ResourceID 172.19.0.3:35143-0a1dad (pekko.tcp://flink@172.19.0.3:35143/user/rpc/taskmanager_0) at ResourceManager
2026-04-05 04:06:42,950 INFO  org.apache.flink.runtime.resourcemanager.slotmanager.FineGrainedSlotManager [] - Unregistering task executor e2562197ceab4c8a4186eb38cd4fa9d9 from the slot manager.
2026-04-05 04:06:42,951 INFO  org.apache.flink.runtime.resourcemanager.StandaloneResourceManager [] - Registering TaskManager with ResourceID 172.19.0.3:35143-0a1dad (pekko.tcp://flink@172.19.0.3:35143/user/rpc/taskmanager_0) at ResourceManager
2026-04-05 04:06:42,979 INFO  org.apache.flink.runtime.resourcemanager.slotmanager.FineGrainedSlotManager [] - Registering task executor 172.19.0.3:35143-0a1dad under 991a3def23fe26bc7da2fcdf041b6803 at the slot manager.
2026-04-05 04:08:01,802 INFO  org.apache.flink.client.ClientUtils                          [] - Starting program (detached: true)
2026-04-05 04:08:01,891 INFO  com.healthcare.vitals.job.VitalsAnomalyDetectionJob          [] - Starting VitalsAnomalyDetectionJob with config: JobConfig{bootstrapServers='broker-1:29092,broker-2:29092,broker-3:29092', schemaRegistryUrl='http://schema-registry:8081', consumerGroup='vitals-anomaly-detector', autoOffsetReset='latest', parallelism=1, checkpointIntervalMs=30000}
2026-04-05 04:08:01,937 WARN  org.apache.flink.configuration.Configuration                 [] - Config uses deprecated configuration key 'state.backend' instead of proper key 'state.backend.type'
2026-04-05 04:08:02,616 INFO  com.healthcare.vitals.job.VitalsAnomalyDetectionJob          [] - Pipeline assembled: medical.vitals.raw → anomaly-detection → medical.alert.triggered
2026-04-05 04:08:02,837 INFO  org.apache.flink.client.deployment.application.executors.EmbeddedExecutor [] - Job 8b91f6d59b7d9166b3d5aa3d163a6fa6 is submitted.
2026-04-05 04:08:02,838 INFO  org.apache.flink.client.deployment.application.executors.EmbeddedExecutor [] - Submitting Job with JobId=8b91f6d59b7d9166b3d5aa3d163a6fa6.
2026-04-05 04:08:03,078 INFO  org.apache.flink.runtime.dispatcher.StandaloneDispatcher     [] - Received JobGraph submission 'Medical Vitals Anomaly Detection' (8b91f6d59b7d9166b3d5aa3d163a6fa6).
2026-04-05 04:08:03,082 INFO  org.apache.flink.runtime.dispatcher.StandaloneDispatcher     [] - Submitting job 'Medical Vitals Anomaly Detection' (8b91f6d59b7d9166b3d5aa3d163a6fa6).
2026-04-05 04:08:03,102 INFO  org.apache.flink.runtime.jobmaster.JobMasterServiceLeadershipRunner [] - JobMasterServiceLeadershipRunner for job 8b91f6d59b7d9166b3d5aa3d163a6fa6 was granted leadership with leader id 00000000-0000-0000-0000-000000000000. Creating new JobMasterServiceProcess.
2026-04-05 04:08:03,118 INFO  org.apache.flink.runtime.rpc.pekko.PekkoRpcService           [] - Starting RPC endpoint for org.apache.flink.runtime.jobmaster.JobMaster at pekko://flink/user/rpc/jobmanager_2 .
2026-04-05 04:08:03,139 INFO  org.apache.flink.runtime.jobmaster.JobMaster                 [] - Initializing job 'Medical Vitals Anomaly Detection' (8b91f6d59b7d9166b3d5aa3d163a6fa6).
2026-04-05 04:08:03,162 INFO  org.apache.flink.runtime.jobmaster.JobMaster                 [] - Using restart back off time strategy FixedDelayRestartBackoffTimeStrategy(maxNumberRestartAttempts=3, backoffTimeMS=10000) for Medical Vitals Anomaly Detection (8b91f6d59b7d9166b3d5aa3d163a6fa6).
2026-04-05 04:08:03,197 INFO  org.apache.flink.runtime.executiongraph.ExecutionGraph       [] - Created execution graph 34de1b3aa27941f1b3e6c68cac722d03 for job 8b91f6d59b7d9166b3d5aa3d163a6fa6.
2026-04-05 04:08:03,214 INFO  org.apache.flink.runtime.jobmaster.JobMaster                 [] - Running initialization on master for job Medical Vitals Anomaly Detection (8b91f6d59b7d9166b3d5aa3d163a6fa6).
2026-04-05 04:08:03,214 INFO  org.apache.flink.runtime.jobmaster.JobMaster                 [] - Successfully ran initialization on master in 0 ms.
2026-04-05 04:08:03,402 INFO  org.apache.flink.runtime.scheduler.adapter.DefaultExecutionTopology [] - Built 1 new pipelined regions in 0 ms, total 1 pipelined regions currently.
2026-04-05 04:08:03,406 INFO  org.apache.flink.runtime.jobmaster.JobMaster                 [] - Using job/cluster config to configure application-defined state backend: org.apache.flink.runtime.state.hashmap.HashMapStateBackend@597677d7
2026-04-05 04:08:03,407 INFO  org.apache.flink.runtime.jobmaster.JobMaster                 [] - Using application-defined state backend: org.apache.flink.runtime.state.hashmap.HashMapStateBackend@166657ec
2026-04-05 04:08:03,408 INFO  org.apache.flink.runtime.state.StateBackendLoader            [] - State backend loader loads the state backend as HashMapStateBackend
2026-04-05 04:08:03,414 INFO  org.apache.flink.runtime.jobmaster.JobMaster                 [] - Using job/cluster config to configure application-defined checkpoint storage: org.apache.flink.runtime.state.storage.FileSystemCheckpointStorage@6d0d2a8b
2026-04-05 04:08:03,466 INFO  org.apache.flink.runtime.checkpoint.CheckpointCoordinator    [] - No checkpoint found during restore.
2026-04-05 04:08:03,472 INFO  org.apache.flink.runtime.jobmaster.JobMaster                 [] - Using failover strategy org.apache.flink.runtime.executiongraph.failover.RestartPipelinedRegionFailoverStrategy@4fd57c63 for Medical Vitals Anomaly Detection (8b91f6d59b7d9166b3d5aa3d163a6fa6).
2026-04-05 04:08:03,480 INFO  org.apache.flink.runtime.jobmaster.JobMaster                 [] - Starting execution of job 'Medical Vitals Anomaly Detection' (8b91f6d59b7d9166b3d5aa3d163a6fa6) under job master id 00000000000000000000000000000000.
2026-04-05 04:08:03,484 INFO  org.apache.flink.runtime.source.coordinator.SourceCoordinator [] - Starting split enumerator for source Source: kafka-source-vitals-raw.
2026-04-05 04:08:03,493 INFO  org.apache.flink.runtime.jobmaster.JobMaster                 [] - Starting scheduling with scheduling strategy [org.apache.flink.runtime.scheduler.strategy.PipelinedRegionSchedulingStrategy]
2026-04-05 04:08:03,494 INFO  org.apache.flink.runtime.executiongraph.ExecutionGraph       [] - Job Medical Vitals Anomaly Detection (8b91f6d59b7d9166b3d5aa3d163a6fa6) switched from state CREATED to RUNNING.
2026-04-05 04:08:03,501 INFO  org.apache.flink.runtime.executiongraph.ExecutionGraph       [] - Source: kafka-source-vitals-raw (1/1) (34de1b3aa27941f1b3e6c68cac722d03_6fcf6c25517ae2e217a127c66fd8b86f_0_0) switched from CREATED to SCHEDULED.
2026-04-05 04:08:03,501 INFO  org.apache.flink.runtime.executiongraph.ExecutionGraph       [] - anomaly-detection -> kafka-sink-alert-triggered: Writer -> kafka-sink-alert-triggered: Committer (1/1) (34de1b3aa27941f1b3e6c68cac722d03_85e948c5b9e9155f1c904f934ecf78f0_0_0) switched from CREATED to SCHEDULED.
2026-04-05 04:08:03,515 INFO  org.apache.kafka.clients.admin.AdminClientConfig             [] - AdminClientConfig values: 
	auto.include.jmx.reporter = true
	bootstrap.servers = [broker-1:29092, broker-2:29092, broker-3:29092]
	client.dns.lookup = use_all_dns_ips
	client.id = vitals-anomaly-detector-enumerator-admin-client
	connections.max.idle.ms = 300000
	default.api.timeout.ms = 60000
	metadata.max.age.ms = 300000
	metric.reporters = []
	metrics.num.samples = 2
	metrics.recording.level = INFO
	metrics.sample.window.ms = 30000
	receive.buffer.bytes = 65536
	reconnect.backoff.max.ms = 1000
	reconnect.backoff.ms = 50
	request.timeout.ms = 30000
	retries = 2147483647
	retry.backoff.ms = 100
	sasl.client.callback.handler.class = null
	sasl.jaas.config = null
	sasl.kerberos.kinit.cmd = /usr/bin/kinit
	sasl.kerberos.min.time.before.relogin = 60000
	sasl.kerberos.service.name = null
	sasl.kerberos.ticket.renew.jitter = 0.05
	sasl.kerberos.ticket.renew.window.factor = 0.8
	sasl.login.callback.handler.class = null
	sasl.login.class = null
	sasl.login.connect.timeout.ms = null
	sasl.login.read.timeout.ms = null
	sasl.login.refresh.buffer.seconds = 300
	sasl.login.refresh.min.period.seconds = 60
	sasl.login.refresh.window.factor = 0.8
	sasl.login.refresh.window.jitter = 0.05
	sasl.login.retry.backoff.max.ms = 10000
	sasl.login.retry.backoff.ms = 100
	sasl.mechanism = GSSAPI
	sasl.oauthbearer.clock.skew.seconds = 30
	sasl.oauthbearer.expected.audience = null
	sasl.oauthbearer.expected.issuer = null
	sasl.oauthbearer.jwks.endpoint.refresh.ms = 3600000
	sasl.oauthbearer.jwks.endpoint.retry.backoff.max.ms = 10000
	sasl.oauthbearer.jwks.endpoint.retry.backoff.ms = 100
	sasl.oauthbearer.jwks.endpoint.url = null
	sasl.oauthbearer.scope.claim.name = scope
	sasl.oauthbearer.sub.claim.name = sub
	sasl.oauthbearer.token.endpoint.url = null
	security.protocol = PLAINTEXT
	security.providers = null
	send.buffer.bytes = 131072
	socket.connection.setup.timeout.max.ms = 30000
	socket.connection.setup.timeout.ms = 10000
	ssl.cipher.suites = null
	ssl.enabled.protocols = [TLSv1.2, TLSv1.3]
	ssl.endpoint.identification.algorithm = https
	ssl.engine.factory.class = null
	ssl.key.password = null
	ssl.keymanager.algorithm = SunX509
	ssl.keystore.certificate.chain = null
	ssl.keystore.key = null
	ssl.keystore.location = null
	ssl.keystore.password = null
	ssl.keystore.type = JKS
	ssl.protocol = TLSv1.3
	ssl.provider = null
	ssl.secure.random.implementation = null
	ssl.trustmanager.algorithm = PKIX
	ssl.truststore.certificates = null
	ssl.truststore.location = null
	ssl.truststore.password = null
	ssl.truststore.type = JKS

2026-04-05 04:08:03,519 INFO  org.apache.flink.runtime.jobmaster.JobMaster                 [] - Connecting to ResourceManager pekko.tcp://flink@flink-jobmanager:6123/user/rpc/resourcemanager_*(00000000000000000000000000000000)
2026-04-05 04:08:03,525 INFO  org.apache.flink.runtime.jobmaster.JobMaster                 [] - Resolved ResourceManager address, beginning registration
2026-04-05 04:08:03,527 INFO  org.apache.flink.runtime.resourcemanager.StandaloneResourceManager [] - Registering job manager 00000000000000000000000000000000@pekko.tcp://flink@flink-jobmanager:6123/user/rpc/jobmanager_2 for job 8b91f6d59b7d9166b3d5aa3d163a6fa6.
2026-04-05 04:08:03,584 INFO  org.apache.flink.runtime.resourcemanager.StandaloneResourceManager [] - Registered job manager 00000000000000000000000000000000@pekko.tcp://flink@flink-jobmanager:6123/user/rpc/jobmanager_2 for job 8b91f6d59b7d9166b3d5aa3d163a6fa6.
2026-04-05 04:08:03,618 INFO  org.apache.flink.runtime.jobmaster.JobMaster                 [] - JobManager successfully registered at ResourceManager, leader id: 00000000000000000000000000000000.
2026-04-05 04:08:03,629 INFO  org.apache.flink.runtime.resourcemanager.slotmanager.FineGrainedSlotManager [] - Received resource requirements from job 8b91f6d59b7d9166b3d5aa3d163a6fa6: [ResourceRequirement{resourceProfile=ResourceProfile{UNKNOWN}, numberOfRequiredSlots=1}]
2026-04-05 04:08:03,665 WARN  org.apache.kafka.clients.admin.AdminClientConfig             [] - These configurations '[key.deserializer, value.deserializer, enable.auto.commit, client.id.prefix, group.id, partition.discovery.interval.ms, auto.offset.reset]' were supplied but are not used yet.
2026-04-05 04:08:03,670 INFO  org.apache.kafka.common.utils.AppInfoParser                  [] - Kafka version: 3.4.0
2026-04-05 04:08:03,671 INFO  org.apache.kafka.common.utils.AppInfoParser                  [] - Kafka commitId: 2e1947d240607d53
2026-04-05 04:08:03,671 INFO  org.apache.kafka.common.utils.AppInfoParser                  [] - Kafka startTimeMs: 1775362083665
2026-04-05 04:08:03,742 INFO  org.apache.flink.connector.kafka.source.enumerator.KafkaSourceEnumerator [] - Starting the KafkaSourceEnumerator for consumer group vitals-anomaly-detector without periodic partition discovery.
2026-04-05 04:08:03,751 INFO  org.apache.flink.runtime.resourcemanager.slotmanager.FineGrainedSlotManager [] - Matching resource requirements against available resources.
Missing resources:
	 Job 8b91f6d59b7d9166b3d5aa3d163a6fa6
		ResourceRequirement{resourceProfile=ResourceProfile{UNKNOWN}, numberOfRequiredSlots=1}
Current resources:
	TaskManager 172.19.0.3:35143-0a1dad
		Available: ResourceProfile{cpuCores=4, taskHeapMemory=537.600mb (563714445 bytes), taskOffHeapMemory=0 bytes, managedMemory=634.880mb (665719939 bytes), networkMemory=158.720mb (166429984 bytes)}
		Total:     ResourceProfile{cpuCores=4, taskHeapMemory=537.600mb (563714445 bytes), taskOffHeapMemory=0 bytes, managedMemory=634.880mb (665719939 bytes), networkMemory=158.720mb (166429984 bytes)}
2026-04-05 04:08:03,779 INFO  org.apache.flink.runtime.resourcemanager.slotmanager.DefaultSlotStatusSyncer [] - Starting allocation of slot 909b6c05d1e04a1fc7da9c0c3acc3b78 from 172.19.0.3:35143-0a1dad for job 8b91f6d59b7d9166b3d5aa3d163a6fa6 with resource profile ResourceProfile{cpuCores=1, taskHeapMemory=134.400mb (140928611 bytes), taskOffHeapMemory=0 bytes, managedMemory=158.720mb (166429984 bytes), networkMemory=39.680mb (41607496 bytes)}.
2026-04-05 04:08:04,037 INFO  org.apache.flink.runtime.executiongraph.ExecutionGraph       [] - Source: kafka-source-vitals-raw (1/1) (34de1b3aa27941f1b3e6c68cac722d03_6fcf6c25517ae2e217a127c66fd8b86f_0_0) switched from SCHEDULED to DEPLOYING.
2026-04-05 04:08:04,040 INFO  org.apache.flink.runtime.executiongraph.ExecutionGraph       [] - Deploying Source: kafka-source-vitals-raw (1/1) (attempt #0) with attempt id 34de1b3aa27941f1b3e6c68cac722d03_6fcf6c25517ae2e217a127c66fd8b86f_0_0 and vertex id 6fcf6c25517ae2e217a127c66fd8b86f_0 to 172.19.0.3:35143-0a1dad @ flink-taskmanager.med-flink-net (dataPort=37541) with allocation id 909b6c05d1e04a1fc7da9c0c3acc3b78
2026-04-05 04:08:04,049 INFO  org.apache.flink.runtime.executiongraph.ExecutionGraph       [] - anomaly-detection -> kafka-sink-alert-triggered: Writer -> kafka-sink-alert-triggered: Committer (1/1) (34de1b3aa27941f1b3e6c68cac722d03_85e948c5b9e9155f1c904f934ecf78f0_0_0) switched from SCHEDULED to DEPLOYING.
2026-04-05 04:08:04,054 INFO  org.apache.flink.runtime.executiongraph.ExecutionGraph       [] - Deploying anomaly-detection -> kafka-sink-alert-triggered: Writer -> kafka-sink-alert-triggered: Committer (1/1) (attempt #0) with attempt id 34de1b3aa27941f1b3e6c68cac722d03_85e948c5b9e9155f1c904f934ecf78f0_0_0 and vertex id 85e948c5b9e9155f1c904f934ecf78f0_0 to 172.19.0.3:35143-0a1dad @ flink-taskmanager.med-flink-net (dataPort=37541) with allocation id 909b6c05d1e04a1fc7da9c0c3acc3b78
2026-04-05 04:08:04,139 INFO  org.apache.flink.connector.kafka.source.enumerator.KafkaSourceEnumerator [] - Discovered new partitions: [medical.vitals.raw-1, medical.vitals.raw-0, medical.vitals.raw-3, medical.vitals.raw-2, medical.vitals.raw-5, medical.vitals.raw-4]
2026-04-05 04:08:04,676 INFO  org.apache.flink.runtime.executiongraph.ExecutionGraph       [] - anomaly-detection -> kafka-sink-alert-triggered: Writer -> kafka-sink-alert-triggered: Committer (1/1) (34de1b3aa27941f1b3e6c68cac722d03_85e948c5b9e9155f1c904f934ecf78f0_0_0) switched from DEPLOYING to INITIALIZING.
2026-04-05 04:08:04,680 INFO  org.apache.flink.runtime.executiongraph.ExecutionGraph       [] - Source: kafka-source-vitals-raw (1/1) (34de1b3aa27941f1b3e6c68cac722d03_6fcf6c25517ae2e217a127c66fd8b86f_0_0) switched from DEPLOYING to INITIALIZING.
2026-04-05 04:08:05,205 INFO  org.apache.flink.runtime.source.coordinator.SourceCoordinator [] - Source Source: kafka-source-vitals-raw registering reader for parallel task 0 (#0) @ 172.19.0.3
2026-04-05 04:08:05,214 INFO  org.apache.flink.connector.kafka.source.enumerator.KafkaSourceEnumerator [] - Assigning splits to readers {0=[[Partition: medical.vitals.raw-5, StartingOffset: -3, StoppingOffset: -9223372036854775808], [Partition: medical.vitals.raw-3, StartingOffset: -3, StoppingOffset: -9223372036854775808], [Partition: medical.vitals.raw-4, StartingOffset: -3, StoppingOffset: -9223372036854775808], [Partition: medical.vitals.raw-2, StartingOffset: -3, StoppingOffset: -9223372036854775808], [Partition: medical.vitals.raw-1, StartingOffset: -3, StoppingOffset: -9223372036854775808], [Partition: medical.vitals.raw-0, StartingOffset: -3, StoppingOffset: -9223372036854775808]]}
2026-04-05 04:08:05,214 INFO  org.apache.flink.runtime.executiongraph.ExecutionGraph       [] - Source: kafka-source-vitals-raw (1/1) (34de1b3aa27941f1b3e6c68cac722d03_6fcf6c25517ae2e217a127c66fd8b86f_0_0) switched from INITIALIZING to RUNNING.
2026-04-05 04:08:05,413 INFO  org.apache.flink.runtime.executiongraph.ExecutionGraph       [] - anomaly-detection -> kafka-sink-alert-triggered: Writer -> kafka-sink-alert-triggered: Committer (1/1) (34de1b3aa27941f1b3e6c68cac722d03_85e948c5b9e9155f1c904f934ecf78f0_0_0) switched from INITIALIZING to RUNNING.
2026-04-05 04:08:27,325 INFO  org.apache.flink.runtime.checkpoint.CheckpointCoordinator    [] - Triggering checkpoint 1 (type=CheckpointType{name='Checkpoint', sharingFilesStrategy=FORWARD_BACKWARD}) @ 1775362107291 for job 8b91f6d59b7d9166b3d5aa3d163a6fa6.
2026-04-05 04:08:27,596 INFO  org.apache.flink.runtime.checkpoint.CheckpointCoordinator    [] - Completed checkpoint 1 for job 8b91f6d59b7d9166b3d5aa3d163a6fa6 (1304 bytes, checkpointDuration=299 ms, finalizationTime=6 ms).
2026-04-05 04:08:27,606 INFO  org.apache.flink.runtime.source.coordinator.SourceCoordinator [] - Marking checkpoint 1 as completed for source Source: kafka-source-vitals-raw.
2026-04-05 04:08:57,288 INFO  org.apache.flink.runtime.checkpoint.CheckpointCoordinator    [] - Triggering checkpoint 2 (type=CheckpointType{name='Checkpoint', sharingFilesStrategy=FORWARD_BACKWARD}) @ 1775362137283 for job 8b91f6d59b7d9166b3d5aa3d163a6fa6.
2026-04-05 04:08:57,360 INFO  org.apache.flink.runtime.checkpoint.CheckpointCoordinator    [] - Completed checkpoint 2 for job 8b91f6d59b7d9166b3d5aa3d163a6fa6 (1304 bytes, checkpointDuration=75 ms, finalizationTime=2 ms).
2026-04-05 04:08:57,363 INFO  org.apache.flink.runtime.source.coordinator.SourceCoordinator [] - Marking checkpoint 2 as completed for source Source: kafka-source-vitals-raw.
2026-04-05 04:09:27,285 INFO  org.apache.flink.runtime.checkpoint.CheckpointCoordinator    [] - Triggering checkpoint 3 (type=CheckpointType{name='Checkpoint', sharingFilesStrategy=FORWARD_BACKWARD}) @ 1775362167281 for job 8b91f6d59b7d9166b3d5aa3d163a6fa6.
2026-04-05 04:09:27,369 INFO  org.apache.flink.runtime.checkpoint.CheckpointCoordinator    [] - Completed checkpoint 3 for job 8b91f6d59b7d9166b3d5aa3d163a6fa6 (1304 bytes, checkpointDuration=87 ms, finalizationTime=1 ms).
2026-04-05 04:09:27,372 INFO  org.apache.flink.runtime.source.coordinator.SourceCoordinator [] - Marking checkpoint 3 as completed for source Source: kafka-source-vitals-raw.
2026-04-05 04:09:58,384 INFO  org.apache.flink.runtime.checkpoint.CheckpointCoordinator    [] - Triggering checkpoint 4 (type=CheckpointType{name='Checkpoint', sharingFilesStrategy=FORWARD_BACKWARD}) @ 1775362197917 for job 8b91f6d59b7d9166b3d5aa3d163a6fa6.
2026-04-05 04:09:59,058 INFO  org.apache.flink.runtime.checkpoint.CheckpointCoordinator    [] - Completed checkpoint 4 for job 8b91f6d59b7d9166b3d5aa3d163a6fa6 (1304 bytes, checkpointDuration=1046 ms, finalizationTime=95 ms).
2026-04-05 04:09:59,065 INFO  org.apache.flink.runtime.source.coordinator.SourceCoordinator [] - Marking checkpoint 4 as completed for source Source: kafka-source-vitals-raw.
2026-04-05 04:10:27,306 INFO  org.apache.flink.runtime.checkpoint.CheckpointCoordinator    [] - Triggering checkpoint 5 (type=CheckpointType{name='Checkpoint', sharingFilesStrategy=FORWARD_BACKWARD}) @ 1775362227290 for job 8b91f6d59b7d9166b3d5aa3d163a6fa6.
2026-04-05 04:10:27,480 INFO  org.apache.flink.runtime.checkpoint.CheckpointCoordinator    [] - Completed checkpoint 5 for job 8b91f6d59b7d9166b3d5aa3d163a6fa6 (1304 bytes, checkpointDuration=175 ms, finalizationTime=14 ms).
2026-04-05 04:10:27,487 INFO  org.apache.flink.runtime.source.coordinator.SourceCoordinator [] - Marking checkpoint 5 as completed for source Source: kafka-source-vitals-raw.
2026-04-05 04:10:57,299 INFO  org.apache.flink.runtime.checkpoint.CheckpointCoordinator    [] - Triggering checkpoint 6 (type=CheckpointType{name='Checkpoint', sharingFilesStrategy=FORWARD_BACKWARD}) @ 1775362257283 for job 8b91f6d59b7d9166b3d5aa3d163a6fa6.
2026-04-05 04:10:57,426 INFO  org.apache.flink.runtime.checkpoint.CheckpointCoordinator    [] - Completed checkpoint 6 for job 8b91f6d59b7d9166b3d5aa3d163a6fa6 (1304 bytes, checkpointDuration=140 ms, finalizationTime=2 ms).
2026-04-05 04:10:57,428 INFO  org.apache.flink.runtime.source.coordinator.SourceCoordinator [] - Marking checkpoint 6 as completed for source Source: kafka-source-vitals-raw.
2026-04-05 04:11:27,305 INFO  org.apache.flink.runtime.checkpoint.CheckpointCoordinator    [] - Triggering checkpoint 7 (type=CheckpointType{name='Checkpoint', sharingFilesStrategy=FORWARD_BACKWARD}) @ 1775362287283 for job 8b91f6d59b7d9166b3d5aa3d163a6fa6.
2026-04-05 04:11:27,434 INFO  org.apache.flink.runtime.checkpoint.CheckpointCoordinator    [] - Completed checkpoint 7 for job 8b91f6d59b7d9166b3d5aa3d163a6fa6 (1304 bytes, checkpointDuration=149 ms, finalizationTime=2 ms).
2026-04-05 04:11:27,436 INFO  org.apache.flink.runtime.source.coordinator.SourceCoordinator [] - Marking checkpoint 7 as completed for source Source: kafka-source-vitals-raw.
2026-04-05 04:11:57,298 INFO  org.apache.flink.runtime.checkpoint.CheckpointCoordinator    [] - Triggering checkpoint 8 (type=CheckpointType{name='Checkpoint', sharingFilesStrategy=FORWARD_BACKWARD}) @ 1775362317289 for job 8b91f6d59b7d9166b3d5aa3d163a6fa6.
2026-04-05 04:11:57,367 INFO  org.apache.flink.runtime.checkpoint.CheckpointCoordinator    [] - Completed checkpoint 8 for job 8b91f6d59b7d9166b3d5aa3d163a6fa6 (1304 bytes, checkpointDuration=74 ms, finalizationTime=4 ms).
2026-04-05 04:11:57,374 INFO  org.apache.flink.runtime.source.coordinator.SourceCoordinator [] - Marking checkpoint 8 as completed for source Source: kafka-source-vitals-raw.
2026-04-05 04:12:27,301 INFO  org.apache.flink.runtime.checkpoint.CheckpointCoordinator    [] - Triggering checkpoint 9 (type=CheckpointType{name='Checkpoint', sharingFilesStrategy=FORWARD_BACKWARD}) @ 1775362347287 for job 8b91f6d59b7d9166b3d5aa3d163a6fa6.
2026-04-05 04:12:27,386 INFO  org.apache.flink.runtime.checkpoint.CheckpointCoordinator    [] - Completed checkpoint 9 for job 8b91f6d59b7d9166b3d5aa3d163a6fa6 (1304 bytes, checkpointDuration=97 ms, finalizationTime=1 ms).
2026-04-05 04:12:27,388 INFO  org.apache.flink.runtime.source.coordinator.SourceCoordinator [] - Marking checkpoint 9 as completed for source Source: kafka-source-vitals-raw.
2026-04-05 04:12:57,305 INFO  org.apache.flink.runtime.checkpoint.CheckpointCoordinator    [] - Triggering checkpoint 10 (type=CheckpointType{name='Checkpoint', sharingFilesStrategy=FORWARD_BACKWARD}) @ 1775362377284 for job 8b91f6d59b7d9166b3d5aa3d163a6fa6.
2026-04-05 04:12:57,418 INFO  org.apache.flink.runtime.checkpoint.CheckpointCoordinator    [] - Completed checkpoint 10 for job 8b91f6d59b7d9166b3d5aa3d163a6fa6 (1304 bytes, checkpointDuration=132 ms, finalizationTime=2 ms).
2026-04-05 04:12:57,422 INFO  org.apache.flink.runtime.source.coordinator.SourceCoordinator [] - Marking checkpoint 10 as completed for source Source: kafka-source-vitals-raw.
2026-04-05 04:13:04,220 INFO  org.apache.kafka.clients.NetworkClient                       [] - [AdminClient clientId=vitals-anomaly-detector-enumerator-admin-client] Node -1 disconnected.
2026-04-05 04:13:27,307 INFO  org.apache.flink.runtime.checkpoint.CheckpointCoordinator    [] - Triggering checkpoint 11 (type=CheckpointType{name='Checkpoint', sharingFilesStrategy=FORWARD_BACKWARD}) @ 1775362407286 for job 8b91f6d59b7d9166b3d5aa3d163a6fa6.
2026-04-05 04:13:27,365 INFO  org.apache.flink.runtime.checkpoint.CheckpointCoordinator    [] - Completed checkpoint 11 for job 8b91f6d59b7d9166b3d5aa3d163a6fa6 (1304 bytes, checkpointDuration=77 ms, finalizationTime=1 ms).
2026-04-05 04:13:27,371 INFO  org.apache.flink.runtime.source.coordinator.SourceCoordinator [] - Marking checkpoint 11 as completed for source Source: kafka-source-vitals-raw.
2026-04-05 04:13:57,303 INFO  org.apache.flink.runtime.checkpoint.CheckpointCoordinator    [] - Triggering checkpoint 12 (type=CheckpointType{name='Checkpoint', sharingFilesStrategy=FORWARD_BACKWARD}) @ 1775362437286 for job 8b91f6d59b7d9166b3d5aa3d163a6fa6.
2026-04-05 04:13:57,391 INFO  org.apache.flink.runtime.checkpoint.CheckpointCoordinator    [] - Completed checkpoint 12 for job 8b91f6d59b7d9166b3d5aa3d163a6fa6 (1304 bytes, checkpointDuration=103 ms, finalizationTime=2 ms).
2026-04-05 04:13:57,393 INFO  org.apache.flink.runtime.source.coordinator.SourceCoordinator [] - Marking checkpoint 12 as completed for source Source: kafka-source-vitals-raw.
2026-04-05 04:14:27,294 INFO  org.apache.flink.runtime.checkpoint.CheckpointCoordinator    [] - Triggering checkpoint 13 (type=CheckpointType{name='Checkpoint', sharingFilesStrategy=FORWARD_BACKWARD}) @ 1775362467284 for job 8b91f6d59b7d9166b3d5aa3d163a6fa6.
2026-04-05 04:14:27,356 INFO  org.apache.flink.runtime.checkpoint.CheckpointCoordinator    [] - Completed checkpoint 13 for job 8b91f6d59b7d9166b3d5aa3d163a6fa6 (1304 bytes, checkpointDuration=70 ms, finalizationTime=2 ms).
2026-04-05 04:14:27,358 INFO  org.apache.flink.runtime.source.coordinator.SourceCoordinator [] - Marking checkpoint 13 as completed for source Source: kafka-source-vitals-raw.
