2026-04-05 04:06:39,695 INFO  org.apache.flink.runtime.taskexecutor.TaskManagerRunner      [] - --------------------------------------------------------------------------------
2026-04-05 04:06:39,697 INFO  org.apache.flink.runtime.taskexecutor.TaskManagerRunner      [] -  Preconfiguration: 
2026-04-05 04:06:39,697 INFO  org.apache.flink.runtime.taskexecutor.TaskManagerRunner      [] - 


RESOURCE_PARAMS extraction logs:
jvm_params: -Xmx697932173 -Xms697932173 -XX:MaxDirectMemorySize=300647712 -XX:MaxMetaspaceSize=268435456
dynamic_configs: -D taskmanager.memory.network.min=166429984b -D taskmanager.cpu.cores=4.0 -D taskmanager.memory.task.off-heap.size=0b -D taskmanager.memory.jvm-metaspace.size=268435456b -D external-resources=none -D taskmanager.memory.jvm-overhead.min=214748368b -D taskmanager.memory.framework.off-heap.size=134217728b -D taskmanager.memory.network.max=166429984b -D taskmanager.memory.framework.heap.size=134217728b -D taskmanager.memory.managed.size=665719939b -D taskmanager.memory.task.heap.size=563714445b -D taskmanager.numberOfTaskSlots=4 -D taskmanager.memory.jvm-overhead.max=214748368b
logs: WARNING: sun.reflect.Reflection.getCallerClass is not supported. This will impact performance.
INFO  [] - Using standard YAML parser to load flink configuration file from /opt/flink/conf/config.yaml.
INFO  [] - Loading configuration property: taskmanager.memory.process.size, 2048m
INFO  [] - Loading configuration property: state.checkpoints.num-retained, 3
INFO  [] - Loading configuration property: heartbeat.timeout, 120000
INFO  [] - Loading configuration property: jobmanager.rpc.address, flink-jobmanager
INFO  [] - Loading configuration property: web.cancel.enable, true
INFO  [] - Loading configuration property: jobmanager.memory.process.size, 1600m
INFO  [] - Loading configuration property: heartbeat.interval, 10000
INFO  [] - Loading configuration property: jobmanager.rpc.port, 6123
INFO  [] - Loading configuration property: rest.port, 8081
INFO  [] - Loading configuration property: security.ssl.enabled, false
INFO  [] - Loading configuration property: parallelism.default, 1
INFO  [] - Loading configuration property: taskmanager.numberOfTaskSlots, 4
INFO  [] - Loading configuration property: web.submit.enable, true
INFO  [] - Loading configuration property: rest.address, 0.0.0.0
INFO  [] - Loading configuration property: state.backend, hashmap
INFO  [] - Loading configuration property: env.log.level, INFO
INFO  [] - Loading configuration property: pekko.ask.timeout, 60 s
INFO  [] - Loading configuration property: state.checkpoints.dir, file:///opt/flink/checkpoints
INFO  [] - Final TaskExecutor Memory configuration:
INFO  [] -   Total Process Memory:          2.000gb (2147483648 bytes)
INFO  [] -     Total Flink Memory:          1.550gb (1664299824 bytes)
INFO  [] -       Total JVM Heap Memory:     665.600mb (697932173 bytes)
INFO  [] -         Framework:               128.000mb (134217728 bytes)
INFO  [] -         Task:                    537.600mb (563714445 bytes)
INFO  [] -       Total Off-heap Memory:     921.600mb (966367651 bytes)
INFO  [] -         Managed:                 634.880mb (665719939 bytes)
INFO  [] -         Total JVM Direct Memory: 286.720mb (300647712 bytes)
INFO  [] -           Framework:             128.000mb (134217728 bytes)
INFO  [] -           Task:                  0 bytes
INFO  [] -           Network:               158.720mb (166429984 bytes)
INFO  [] -     JVM Metaspace:               256.000mb (268435456 bytes)
INFO  [] -     JVM Overhead:                204.800mb (214748368 bytes)

2026-04-05 04:06:39,698 INFO  org.apache.flink.runtime.taskexecutor.TaskManagerRunner      [] - --------------------------------------------------------------------------------
2026-04-05 04:06:39,698 INFO  org.apache.flink.runtime.taskexecutor.TaskManagerRunner      [] -  Starting TaskManager (Version: 1.19.1, Scala: 2.12, Rev:5edb5a9, Date:2024-06-06T14:45:33+02:00)
2026-04-05 04:06:39,698 INFO  org.apache.flink.runtime.taskexecutor.TaskManagerRunner      [] -  OS current user: flink
2026-04-05 04:06:39,698 INFO  org.apache.flink.runtime.taskexecutor.TaskManagerRunner      [] -  Current Hadoop/Kerberos user: <no hadoop dependency found>
2026-04-05 04:06:39,699 INFO  org.apache.flink.runtime.taskexecutor.TaskManagerRunner      [] -  JVM: OpenJDK 64-Bit Server VM - Eclipse Adoptium - 11/11.0.24+8
2026-04-05 04:06:39,699 INFO  org.apache.flink.runtime.taskexecutor.TaskManagerRunner      [] -  Arch: amd64
2026-04-05 04:06:39,699 INFO  org.apache.flink.runtime.taskexecutor.TaskManagerRunner      [] -  Maximum heap size: 666 MiBytes
2026-04-05 04:06:39,699 INFO  org.apache.flink.runtime.taskexecutor.TaskManagerRunner      [] -  JAVA_HOME: /opt/java/openjdk
2026-04-05 04:06:39,699 INFO  org.apache.flink.runtime.taskexecutor.TaskManagerRunner      [] -  No Hadoop Dependency available
2026-04-05 04:06:39,699 INFO  org.apache.flink.runtime.taskexecutor.TaskManagerRunner      [] -  JVM Options:
2026-04-05 04:06:39,699 INFO  org.apache.flink.runtime.taskexecutor.TaskManagerRunner      [] -     -Xmx697932173
2026-04-05 04:06:39,699 INFO  org.apache.flink.runtime.taskexecutor.TaskManagerRunner      [] -     -Xms697932173
2026-04-05 04:06:39,700 INFO  org.apache.flink.runtime.taskexecutor.TaskManagerRunner      [] -     -XX:MaxDirectMemorySize=300647712
2026-04-05 04:06:39,700 INFO  org.apache.flink.runtime.taskexecutor.TaskManagerRunner      [] -     -XX:MaxMetaspaceSize=268435456
2026-04-05 04:06:39,700 INFO  org.apache.flink.runtime.taskexecutor.TaskManagerRunner      [] -     -XX:+IgnoreUnrecognizedVMOptions
2026-04-05 04:06:39,700 INFO  org.apache.flink.runtime.taskexecutor.TaskManagerRunner      [] -     -Dlog.file=/opt/flink/log/flink--taskexecutor-0-flink-taskmanager.log
2026-04-05 04:06:39,700 INFO  org.apache.flink.runtime.taskexecutor.TaskManagerRunner      [] -     -Dlog4j.configuration=file:/opt/flink/conf/log4j-console.properties
2026-04-05 04:06:39,700 INFO  org.apache.flink.runtime.taskexecutor.TaskManagerRunner      [] -     -Dlog4j.configurationFile=file:/opt/flink/conf/log4j-console.properties
2026-04-05 04:06:39,700 INFO  org.apache.flink.runtime.taskexecutor.TaskManagerRunner      [] -     -Dlogback.configurationFile=file:/opt/flink/conf/logback-console.xml
2026-04-05 04:06:39,701 INFO  org.apache.flink.runtime.taskexecutor.TaskManagerRunner      [] -  Program Arguments:
2026-04-05 04:06:39,702 INFO  org.apache.flink.runtime.taskexecutor.TaskManagerRunner      [] -     --configDir
2026-04-05 04:06:39,702 INFO  org.apache.flink.runtime.taskexecutor.TaskManagerRunner      [] -     /opt/flink/conf
2026-04-05 04:06:39,703 INFO  org.apache.flink.runtime.taskexecutor.TaskManagerRunner      [] -     -D
2026-04-05 04:06:39,703 INFO  org.apache.flink.runtime.taskexecutor.TaskManagerRunner      [] -     taskmanager.memory.network.min=166429984b
2026-04-05 04:06:39,703 INFO  org.apache.flink.runtime.taskexecutor.TaskManagerRunner      [] -     -D
2026-04-05 04:06:39,703 INFO  org.apache.flink.runtime.taskexecutor.TaskManagerRunner      [] -     taskmanager.cpu.cores=4.0
2026-04-05 04:06:39,704 INFO  org.apache.flink.runtime.taskexecutor.TaskManagerRunner      [] -     -D
2026-04-05 04:06:39,704 INFO  org.apache.flink.runtime.taskexecutor.TaskManagerRunner      [] -     taskmanager.memory.task.off-heap.size=0b
2026-04-05 04:06:39,704 INFO  org.apache.flink.runtime.taskexecutor.TaskManagerRunner      [] -     -D
2026-04-05 04:06:39,704 INFO  org.apache.flink.runtime.taskexecutor.TaskManagerRunner      [] -     taskmanager.memory.jvm-metaspace.size=268435456b
2026-04-05 04:06:39,705 INFO  org.apache.flink.runtime.taskexecutor.TaskManagerRunner      [] -     -D
2026-04-05 04:06:39,705 INFO  org.apache.flink.runtime.taskexecutor.TaskManagerRunner      [] -     external-resources=none
2026-04-05 04:06:39,705 INFO  org.apache.flink.runtime.taskexecutor.TaskManagerRunner      [] -     -D
2026-04-05 04:06:39,705 INFO  org.apache.flink.runtime.taskexecutor.TaskManagerRunner      [] -     taskmanager.memory.jvm-overhead.min=214748368b
2026-04-05 04:06:39,705 INFO  org.apache.flink.runtime.taskexecutor.TaskManagerRunner      [] -     -D
2026-04-05 04:06:39,706 INFO  org.apache.flink.runtime.taskexecutor.TaskManagerRunner      [] -     taskmanager.memory.framework.off-heap.size=134217728b
2026-04-05 04:06:39,706 INFO  org.apache.flink.runtime.taskexecutor.TaskManagerRunner      [] -     -D
2026-04-05 04:06:39,707 INFO  org.apache.flink.runtime.taskexecutor.TaskManagerRunner      [] -     taskmanager.memory.network.max=166429984b
2026-04-05 04:06:39,707 INFO  org.apache.flink.runtime.taskexecutor.TaskManagerRunner      [] -     -D
2026-04-05 04:06:39,707 INFO  org.apache.flink.runtime.taskexecutor.TaskManagerRunner      [] -     taskmanager.memory.framework.heap.size=134217728b
2026-04-05 04:06:39,707 INFO  org.apache.flink.runtime.taskexecutor.TaskManagerRunner      [] -     -D
2026-04-05 04:06:39,707 INFO  org.apache.flink.runtime.taskexecutor.TaskManagerRunner      [] -     taskmanager.memory.managed.size=665719939b
2026-04-05 04:06:39,708 INFO  org.apache.flink.runtime.taskexecutor.TaskManagerRunner      [] -     -D
2026-04-05 04:06:39,708 INFO  org.apache.flink.runtime.taskexecutor.TaskManagerRunner      [] -     taskmanager.memory.task.heap.size=563714445b
2026-04-05 04:06:39,708 INFO  org.apache.flink.runtime.taskexecutor.TaskManagerRunner      [] -     -D
2026-04-05 04:06:39,708 INFO  org.apache.flink.runtime.taskexecutor.TaskManagerRunner      [] -     taskmanager.numberOfTaskSlots=4
2026-04-05 04:06:39,709 INFO  org.apache.flink.runtime.taskexecutor.TaskManagerRunner      [] -     -D
2026-04-05 04:06:39,709 INFO  org.apache.flink.runtime.taskexecutor.TaskManagerRunner      [] -     taskmanager.memory.jvm-overhead.max=214748368b
2026-04-05 04:06:39,709 INFO  org.apache.flink.runtime.taskexecutor.TaskManagerRunner      [] -  Classpath: /opt/flink/lib/flink-cep-1.19.1.jar:/opt/flink/lib/flink-connector-files-1.19.1.jar:/opt/flink/lib/flink-csv-1.19.1.jar:/opt/flink/lib/flink-json-1.19.1.jar:/opt/flink/lib/flink-scala_2.12-1.19.1.jar:/opt/flink/lib/flink-table-api-java-uber-1.19.1.jar:/opt/flink/lib/flink-table-planner-loader-1.19.1.jar:/opt/flink/lib/flink-table-runtime-1.19.1.jar:/opt/flink/lib/log4j-1.2-api-2.17.1.jar:/opt/flink/lib/log4j-api-2.17.1.jar:/opt/flink/lib/log4j-core-2.17.1.jar:/opt/flink/lib/log4j-slf4j-impl-2.17.1.jar:/opt/flink/lib/flink-dist-1.19.1.jar::::
2026-04-05 04:06:39,709 INFO  org.apache.flink.runtime.taskexecutor.TaskManagerRunner      [] - --------------------------------------------------------------------------------
2026-04-05 04:06:39,711 INFO  org.apache.flink.runtime.taskexecutor.TaskManagerRunner      [] - Registered UNIX signal handlers for [TERM, HUP, INT]
2026-04-05 04:06:39,713 INFO  org.apache.flink.runtime.taskexecutor.TaskManagerRunner      [] - Maximum number of open file descriptors is 1048576.
2026-04-05 04:06:39,718 INFO  org.apache.flink.configuration.GlobalConfiguration           [] - Using standard YAML parser to load flink configuration file from /opt/flink/conf/config.yaml.
2026-04-05 04:06:39,839 INFO  org.apache.flink.configuration.GlobalConfiguration           [] - Loading configuration property: taskmanager.memory.process.size, 2048m
2026-04-05 04:06:39,840 INFO  org.apache.flink.configuration.GlobalConfiguration           [] - Loading configuration property: state.checkpoints.num-retained, 3
2026-04-05 04:06:39,840 INFO  org.apache.flink.configuration.GlobalConfiguration           [] - Loading configuration property: heartbeat.timeout, 120000
2026-04-05 04:06:39,840 INFO  org.apache.flink.configuration.GlobalConfiguration           [] - Loading configuration property: jobmanager.rpc.address, flink-jobmanager
2026-04-05 04:06:39,841 INFO  org.apache.flink.configuration.GlobalConfiguration           [] - Loading configuration property: web.cancel.enable, true
2026-04-05 04:06:39,841 INFO  org.apache.flink.configuration.GlobalConfiguration           [] - Loading configuration property: jobmanager.memory.process.size, 1600m
2026-04-05 04:06:39,841 INFO  org.apache.flink.configuration.GlobalConfiguration           [] - Loading configuration property: heartbeat.interval, 10000
2026-04-05 04:06:39,842 INFO  org.apache.flink.configuration.GlobalConfiguration           [] - Loading configuration property: jobmanager.rpc.port, 6123
2026-04-05 04:06:39,842 INFO  org.apache.flink.configuration.GlobalConfiguration           [] - Loading configuration property: rest.port, 8081
2026-04-05 04:06:39,842 INFO  org.apache.flink.configuration.GlobalConfiguration           [] - Loading configuration property: security.ssl.enabled, false
2026-04-05 04:06:39,843 INFO  org.apache.flink.configuration.GlobalConfiguration           [] - Loading configuration property: parallelism.default, 1
2026-04-05 04:06:39,843 INFO  org.apache.flink.configuration.GlobalConfiguration           [] - Loading configuration property: taskmanager.numberOfTaskSlots, 4
2026-04-05 04:06:39,843 INFO  org.apache.flink.configuration.GlobalConfiguration           [] - Loading configuration property: web.submit.enable, true
2026-04-05 04:06:39,843 INFO  org.apache.flink.configuration.GlobalConfiguration           [] - Loading configuration property: rest.address, 0.0.0.0
2026-04-05 04:06:39,843 INFO  org.apache.flink.configuration.GlobalConfiguration           [] - Loading configuration property: state.backend, hashmap
2026-04-05 04:06:39,843 INFO  org.apache.flink.configuration.GlobalConfiguration           [] - Loading configuration property: env.log.level, INFO
2026-04-05 04:06:39,843 INFO  org.apache.flink.configuration.GlobalConfiguration           [] - Loading configuration property: pekko.ask.timeout, 60 s
2026-04-05 04:06:39,843 INFO  org.apache.flink.configuration.GlobalConfiguration           [] - Loading configuration property: state.checkpoints.dir, file:///opt/flink/checkpoints
2026-04-05 04:06:39,844 INFO  org.apache.flink.configuration.GlobalConfiguration           [] - Loading dynamic configuration property: taskmanager.memory.network.min, 166429984b
2026-04-05 04:06:39,844 INFO  org.apache.flink.configuration.GlobalConfiguration           [] - Loading dynamic configuration property: taskmanager.memory.jvm-metaspace.size, 268435456b
2026-04-05 04:06:39,844 INFO  org.apache.flink.configuration.GlobalConfiguration           [] - Loading dynamic configuration property: taskmanager.memory.task.off-heap.size, 0b
2026-04-05 04:06:39,844 INFO  org.apache.flink.configuration.GlobalConfiguration           [] - Loading dynamic configuration property: taskmanager.cpu.cores, 4.0
2026-04-05 04:06:39,844 INFO  org.apache.flink.configuration.GlobalConfiguration           [] - Loading dynamic configuration property: external-resources, none
2026-04-05 04:06:39,844 INFO  org.apache.flink.configuration.GlobalConfiguration           [] - Loading dynamic configuration property: taskmanager.memory.jvm-overhead.min, 214748368b
2026-04-05 04:06:39,844 INFO  org.apache.flink.configuration.GlobalConfiguration           [] - Loading dynamic configuration property: taskmanager.memory.framework.off-heap.size, 134217728b
2026-04-05 04:06:39,845 INFO  org.apache.flink.configuration.GlobalConfiguration           [] - Loading dynamic configuration property: taskmanager.memory.network.max, 166429984b
2026-04-05 04:06:39,847 INFO  org.apache.flink.configuration.GlobalConfiguration           [] - Loading dynamic configuration property: taskmanager.memory.framework.heap.size, 134217728b
2026-04-05 04:06:39,847 INFO  org.apache.flink.configuration.GlobalConfiguration           [] - Loading dynamic configuration property: taskmanager.memory.managed.size, 665719939b
2026-04-05 04:06:39,847 INFO  org.apache.flink.configuration.GlobalConfiguration           [] - Loading dynamic configuration property: taskmanager.memory.task.heap.size, 563714445b
2026-04-05 04:06:39,848 INFO  org.apache.flink.configuration.GlobalConfiguration           [] - Loading dynamic configuration property: taskmanager.numberOfTaskSlots, 4
2026-04-05 04:06:39,848 INFO  org.apache.flink.configuration.GlobalConfiguration           [] - Loading dynamic configuration property: taskmanager.memory.jvm-overhead.max, 214748368b
2026-04-05 04:06:39,896 INFO  org.apache.flink.core.fs.FileSystem                          [] - Hadoop is not in the classpath/dependencies. The extended set of supported File Systems via Hadoop is not available.
2026-04-05 04:06:39,910 INFO  org.apache.flink.core.plugin.DefaultPluginManager            [] - Plugin loader with ID not found, creating it: external-resource-gpu
2026-04-05 04:06:39,926 INFO  org.apache.flink.core.plugin.DefaultPluginManager            [] - Plugin loader with ID not found, creating it: metrics-datadog
2026-04-05 04:06:39,926 INFO  org.apache.flink.core.plugin.DefaultPluginManager            [] - Plugin loader with ID not found, creating it: metrics-influx
2026-04-05 04:06:39,927 INFO  org.apache.flink.core.plugin.DefaultPluginManager            [] - Plugin loader with ID not found, creating it: metrics-statsd
2026-04-05 04:06:39,927 INFO  org.apache.flink.core.plugin.DefaultPluginManager            [] - Plugin loader with ID not found, creating it: metrics-graphite
2026-04-05 04:06:39,927 INFO  org.apache.flink.core.plugin.DefaultPluginManager            [] - Plugin loader with ID not found, creating it: metrics-jmx
2026-04-05 04:06:39,928 INFO  org.apache.flink.core.plugin.DefaultPluginManager            [] - Plugin loader with ID not found, creating it: metrics-slf4j
2026-04-05 04:06:39,928 INFO  org.apache.flink.core.plugin.DefaultPluginManager            [] - Plugin loader with ID not found, creating it: metrics-prometheus
2026-04-05 04:06:39,956 INFO  org.apache.flink.runtime.state.changelog.StateChangelogStorageLoader [] - StateChangelogStorageLoader initialized with shortcut names {memory,filesystem}.
2026-04-05 04:06:39,956 INFO  org.apache.flink.core.plugin.DefaultPluginManager            [] - Plugin loader with ID found, reusing it: external-resource-gpu
2026-04-05 04:06:39,957 INFO  org.apache.flink.core.plugin.DefaultPluginManager            [] - Plugin loader with ID found, reusing it: metrics-datadog
2026-04-05 04:06:39,957 INFO  org.apache.flink.core.plugin.DefaultPluginManager            [] - Plugin loader with ID found, reusing it: metrics-influx
2026-04-05 04:06:39,957 INFO  org.apache.flink.core.plugin.DefaultPluginManager            [] - Plugin loader with ID found, reusing it: metrics-statsd
2026-04-05 04:06:39,957 INFO  org.apache.flink.core.plugin.DefaultPluginManager            [] - Plugin loader with ID found, reusing it: metrics-graphite
2026-04-05 04:06:39,957 INFO  org.apache.flink.core.plugin.DefaultPluginManager            [] - Plugin loader with ID found, reusing it: metrics-jmx
2026-04-05 04:06:39,957 INFO  org.apache.flink.core.plugin.DefaultPluginManager            [] - Plugin loader with ID found, reusing it: metrics-slf4j
2026-04-05 04:06:39,957 INFO  org.apache.flink.core.plugin.DefaultPluginManager            [] - Plugin loader with ID found, reusing it: metrics-prometheus
2026-04-05 04:06:39,962 INFO  org.apache.flink.runtime.state.changelog.StateChangelogStorageLoader [] - StateChangelogStorageLoader initialized with shortcut names {memory,filesystem}.
2026-04-05 04:06:39,980 INFO  org.apache.flink.runtime.security.modules.HadoopModuleFactory [] - Cannot create Hadoop Security Module because Hadoop cannot be found in the Classpath.
2026-04-05 04:06:39,996 INFO  org.apache.flink.runtime.security.modules.JaasModule         [] - Jaas file will be created as /tmp/jaas-1931034201543788.conf.
2026-04-05 04:06:40,003 INFO  org.apache.flink.runtime.security.contexts.HadoopSecurityContextFactory [] - Cannot install HadoopSecurityContext because Hadoop cannot be found in the Classpath.
2026-04-05 04:06:40,300 INFO  org.apache.flink.runtime.util.LeaderRetrievalUtils           [] - Trying to select the network interface and address to use by connecting to the leading JobManager.
2026-04-05 04:06:40,302 INFO  org.apache.flink.runtime.util.LeaderRetrievalUtils           [] - TaskManager will try to connect for PT10S before falling back to heuristics
2026-04-05 04:06:40,496 INFO  org.apache.flink.runtime.taskexecutor.TaskManagerRunner      [] - TaskManager will use hostname/address 'flink-taskmanager' (172.19.0.3) for communication.
2026-04-05 04:06:40,544 INFO  org.apache.flink.runtime.rpc.pekko.PekkoRpcServiceUtils      [] - Trying to start actor system, external address 172.19.0.3:0, bind address 0.0.0.0:0.
2026-04-05 04:06:41,224 INFO  org.apache.pekko.event.slf4j.Slf4jLogger                     [] - Slf4jLogger started
2026-04-05 04:06:41,282 INFO  org.apache.pekko.remote.RemoteActorRefProvider               [] - Pekko Cluster not in use - enabling unsafe features anyway because `pekko.remote.use-unsafe-remote-features-outside-cluster` has been enabled.
2026-04-05 04:06:41,284 INFO  org.apache.pekko.remote.Remoting                             [] - Starting remoting
2026-04-05 04:06:41,420 INFO  org.apache.pekko.remote.Remoting                             [] - Remoting started; listening on addresses :[pekko.tcp://flink@172.19.0.3:35143]
2026-04-05 04:06:41,535 INFO  org.apache.flink.runtime.rpc.pekko.PekkoRpcServiceUtils      [] - Actor system started at pekko.tcp://flink@172.19.0.3:35143
2026-04-05 04:06:41,566 INFO  org.apache.flink.runtime.taskexecutor.TaskManagerRunner      [] - Using working directory: WorkingDirectory(/tmp/tm_172.19.0.3:35143-0a1dad)
2026-04-05 04:06:41,574 INFO  org.apache.flink.runtime.metrics.MetricRegistryImpl          [] - No metrics reporter configured, no metrics will be exposed/reported.
2026-04-05 04:06:41,574 INFO  org.apache.flink.runtime.metrics.MetricRegistryImpl          [] - No trace reporter configured, no metrics will be exposed/reported.
2026-04-05 04:06:41,578 INFO  org.apache.flink.runtime.rpc.pekko.PekkoRpcServiceUtils      [] - Trying to start actor system, external address 172.19.0.3:0, bind address 0.0.0.0:0.
2026-04-05 04:06:41,632 INFO  org.apache.pekko.event.slf4j.Slf4jLogger                     [] - Slf4jLogger started
2026-04-05 04:06:41,636 INFO  org.apache.pekko.remote.RemoteActorRefProvider               [] - Pekko Cluster not in use - enabling unsafe features anyway because `pekko.remote.use-unsafe-remote-features-outside-cluster` has been enabled.
2026-04-05 04:06:41,636 INFO  org.apache.pekko.remote.Remoting                             [] - Starting remoting
2026-04-05 04:06:41,651 INFO  org.apache.pekko.remote.Remoting                             [] - Remoting started; listening on addresses :[pekko.tcp://flink-metrics@172.19.0.3:43873]
2026-04-05 04:06:41,669 INFO  org.apache.flink.runtime.rpc.pekko.PekkoRpcServiceUtils      [] - Actor system started at pekko.tcp://flink-metrics@172.19.0.3:43873
2026-04-05 04:06:41,688 INFO  org.apache.flink.runtime.rpc.pekko.PekkoRpcService           [] - Starting RPC endpoint for org.apache.flink.runtime.metrics.dump.MetricQueryService at pekko://flink-metrics/user/rpc/MetricQueryService_172.19.0.3:35143-0a1dad .
2026-04-05 04:06:41,709 INFO  org.apache.flink.runtime.blob.PermanentBlobCache             [] - Created BLOB cache storage directory /tmp/tm_172.19.0.3:35143-0a1dad/blobStorage
2026-04-05 04:06:41,715 INFO  org.apache.flink.runtime.blob.TransientBlobCache             [] - Created BLOB cache storage directory /tmp/tm_172.19.0.3:35143-0a1dad/blobStorage
2026-04-05 04:06:41,720 INFO  org.apache.flink.runtime.externalresource.ExternalResourceUtils [] - Enabled external resources: []
2026-04-05 04:06:41,721 INFO  org.apache.flink.runtime.security.token.DelegationTokenReceiverRepository [] - Loading delegation token receivers
2026-04-05 04:06:41,730 INFO  org.apache.flink.runtime.security.token.DelegationTokenReceiverRepository [] - Delegation token receiver hadoopfs loaded and initialized
2026-04-05 04:06:41,730 INFO  org.apache.flink.runtime.security.token.DelegationTokenReceiverRepository [] - Delegation token receiver hbase loaded and initialized
2026-04-05 04:06:41,731 INFO  org.apache.flink.core.plugin.DefaultPluginManager            [] - Plugin loader with ID found, reusing it: external-resource-gpu
2026-04-05 04:06:41,731 INFO  org.apache.flink.core.plugin.DefaultPluginManager            [] - Plugin loader with ID found, reusing it: metrics-datadog
2026-04-05 04:06:41,731 INFO  org.apache.flink.core.plugin.DefaultPluginManager            [] - Plugin loader with ID found, reusing it: metrics-influx
2026-04-05 04:06:41,731 INFO  org.apache.flink.core.plugin.DefaultPluginManager            [] - Plugin loader with ID found, reusing it: metrics-statsd
2026-04-05 04:06:41,731 INFO  org.apache.flink.core.plugin.DefaultPluginManager            [] - Plugin loader with ID found, reusing it: metrics-graphite
2026-04-05 04:06:41,731 INFO  org.apache.flink.core.plugin.DefaultPluginManager            [] - Plugin loader with ID found, reusing it: metrics-jmx
2026-04-05 04:06:41,732 INFO  org.apache.flink.core.plugin.DefaultPluginManager            [] - Plugin loader with ID found, reusing it: metrics-slf4j
2026-04-05 04:06:41,732 INFO  org.apache.flink.core.plugin.DefaultPluginManager            [] - Plugin loader with ID found, reusing it: metrics-prometheus
2026-04-05 04:06:41,732 INFO  org.apache.flink.runtime.security.token.DelegationTokenReceiverRepository [] - Delegation token receivers loaded successfully
2026-04-05 04:06:41,733 INFO  org.apache.flink.runtime.taskexecutor.TaskManagerRunner      [] - Starting TaskManager with ResourceID: 172.19.0.3:35143-0a1dad
2026-04-05 04:06:41,764 INFO  org.apache.flink.runtime.taskexecutor.TaskManagerServices    [] - Temporary file directory '/tmp': total 223 GB, usable 205 GB (91.93% usable)
2026-04-05 04:06:41,767 INFO  org.apache.flink.runtime.io.disk.iomanager.IOManager         [] - Created a new FileChannelManager for spilling of task related data to disk (joins, sorting, ...). Used directories:
	/tmp/flink-io-ac75970d-3d1a-4c25-a05a-88a78d36a40c
2026-04-05 04:06:41,775 INFO  org.apache.flink.runtime.io.network.netty.NettyConfig        [] - NettyConfig [server address: /0.0.0.0, server port range: 0, ssl enabled: false, memory segment size (bytes): 32768, transport type: AUTO, number of server threads: 4 (manual), number of client threads: 4 (manual), server connect backlog: 0 (use Netty's default), client connect timeout (sec): 120, send/receive buffer size (bytes): 0 (use Netty's default)]
2026-04-05 04:06:41,883 INFO  org.apache.flink.runtime.io.network.NettyShuffleServiceFactory [] - Created a new FileChannelManager for storing result partitions of BLOCKING shuffles. Used directories:
	/tmp/flink-netty-shuffle-63a53f1b-af09-41d0-8acc-10508fee5e2d
2026-04-05 04:06:42,215 INFO  org.apache.flink.runtime.io.network.buffer.NetworkBufferPool [] - Allocated 158 MB for network buffer pool (number of memory segments: 5079, bytes per segment: 32768).
2026-04-05 04:06:42,237 INFO  org.apache.flink.runtime.io.network.NettyShuffleEnvironment  [] - Starting the network environment and its components.
2026-04-05 04:06:42,357 INFO  org.apache.flink.runtime.io.network.netty.NettyClient        [] - Transport type 'auto': using EPOLL.
2026-04-05 04:06:42,375 INFO  org.apache.flink.runtime.io.network.netty.NettyClient        [] - Successful initialization (took 135 ms).
2026-04-05 04:06:42,391 INFO  org.apache.flink.runtime.io.network.netty.NettyServer        [] - Transport type 'auto': using EPOLL.
2026-04-05 04:06:42,469 INFO  org.apache.flink.runtime.io.network.netty.NettyServer        [] - Successful initialization (took 88 ms). Listening on SocketAddress /0:0:0:0:0:0:0:0%0:37541.
2026-04-05 04:06:42,470 INFO  org.apache.flink.runtime.taskexecutor.TaskManagerServices    [] - TaskManager data connection initialized successfully; listening internally on port: 37541
2026-04-05 04:06:42,472 INFO  org.apache.flink.runtime.taskexecutor.KvStateService         [] - Starting the kvState service and its components.
2026-04-05 04:06:42,511 INFO  org.apache.flink.configuration.Configuration                 [] - Config uses fallback configuration key 'pekko.ask.timeout' instead of key 'taskmanager.slot.timeout'
2026-04-05 04:06:42,521 INFO  org.apache.flink.runtime.rpc.pekko.PekkoRpcService           [] - Starting RPC endpoint for org.apache.flink.runtime.taskexecutor.TaskExecutor at pekko://flink/user/rpc/taskmanager_0 .
2026-04-05 04:06:42,543 INFO  org.apache.flink.runtime.taskexecutor.DefaultJobLeaderService [] - Start job leader service.
2026-04-05 04:06:42,545 INFO  org.apache.flink.runtime.filecache.FileCache                 [] - User file cache uses directory /tmp/flink-dist-cache-9f9aa102-eb92-4781-bbe4-ca5de4317caa
2026-04-05 04:06:42,550 INFO  org.apache.flink.runtime.taskexecutor.TaskExecutor           [] - Connecting to ResourceManager pekko.tcp://flink@flink-jobmanager:6123/user/rpc/resourcemanager_*(00000000000000000000000000000000).
2026-04-05 04:06:42,782 INFO  org.apache.flink.runtime.taskexecutor.TaskExecutor           [] - Resolved ResourceManager address, beginning registration
2026-04-05 04:06:42,965 INFO  org.apache.flink.runtime.taskexecutor.TaskExecutor           [] - Successful registration at resource manager pekko.tcp://flink@flink-jobmanager:6123/user/rpc/resourcemanager_* under registration id 991a3def23fe26bc7da2fcdf041b6803.
2026-04-05 04:08:03,832 INFO  org.apache.flink.runtime.taskexecutor.TaskExecutor           [] - Receive slot request 909b6c05d1e04a1fc7da9c0c3acc3b78 for job 8b91f6d59b7d9166b3d5aa3d163a6fa6 from resource manager with leader id 00000000000000000000000000000000.
2026-04-05 04:08:03,845 INFO  org.apache.flink.runtime.taskexecutor.slot.TaskSlotTableImpl [] - Allocated slot for 909b6c05d1e04a1fc7da9c0c3acc3b78 with resources ResourceProfile{cpuCores=1, taskHeapMemory=134.400mb (140928611 bytes), taskOffHeapMemory=0 bytes, managedMemory=158.720mb (166429984 bytes), networkMemory=39.680mb (41607496 bytes)}.
2026-04-05 04:08:03,855 INFO  org.apache.flink.runtime.taskexecutor.DefaultJobLeaderService [] - Add job 8b91f6d59b7d9166b3d5aa3d163a6fa6 for job leader monitoring.
2026-04-05 04:08:03,860 INFO  org.apache.flink.runtime.taskexecutor.DefaultJobLeaderService [] - Try to register at job manager pekko.tcp://flink@flink-jobmanager:6123/user/rpc/jobmanager_2 with leader id 00000000-0000-0000-0000-000000000000.
2026-04-05 04:08:03,927 INFO  org.apache.flink.runtime.taskexecutor.DefaultJobLeaderService [] - Resolved JobManager address, beginning registration
2026-04-05 04:08:04,006 INFO  org.apache.flink.runtime.taskexecutor.DefaultJobLeaderService [] - Successful registration at job manager pekko.tcp://flink@flink-jobmanager:6123/user/rpc/jobmanager_2 for job 8b91f6d59b7d9166b3d5aa3d163a6fa6.
2026-04-05 04:08:04,009 INFO  org.apache.flink.runtime.taskexecutor.TaskExecutor           [] - Establish JobManager connection for job 8b91f6d59b7d9166b3d5aa3d163a6fa6.
2026-04-05 04:08:04,016 INFO  org.apache.flink.runtime.taskexecutor.TaskExecutor           [] - Offer reserved slots to the leader of job 8b91f6d59b7d9166b3d5aa3d163a6fa6.
2026-04-05 04:08:04,112 INFO  org.apache.flink.runtime.taskexecutor.slot.TaskSlotTableImpl [] - Activate slot 909b6c05d1e04a1fc7da9c0c3acc3b78.
2026-04-05 04:08:04,159 INFO  org.apache.flink.runtime.state.TaskExecutorFileMergingManager [] - Registered new file merging snapshot manager for job 8b91f6d59b7d9166b3d5aa3d163a6fa6.
2026-04-05 04:08:04,160 INFO  org.apache.flink.runtime.state.changelog.StateChangelogStorageLoader [] - Creating a changelog storage with name 'memory'.
2026-04-05 04:08:04,173 INFO  org.apache.flink.runtime.state.TaskExecutorChannelStateExecutorFactoryManager [] - Creating the channel state executor factory for job id 8b91f6d59b7d9166b3d5aa3d163a6fa6
2026-04-05 04:08:04,189 INFO  org.apache.flink.runtime.taskexecutor.TaskExecutor           [] - Received task Source: kafka-source-vitals-raw (1/1)#0 (34de1b3aa27941f1b3e6c68cac722d03_6fcf6c25517ae2e217a127c66fd8b86f_0_0), deploy into slot with allocation id 909b6c05d1e04a1fc7da9c0c3acc3b78.
2026-04-05 04:08:04,191 INFO  org.apache.flink.runtime.taskmanager.Task                    [] - Source: kafka-source-vitals-raw (1/1)#0 (34de1b3aa27941f1b3e6c68cac722d03_6fcf6c25517ae2e217a127c66fd8b86f_0_0) switched from CREATED to DEPLOYING.
2026-04-05 04:08:04,200 INFO  org.apache.flink.runtime.taskexecutor.slot.TaskSlotTableImpl [] - Activate slot 909b6c05d1e04a1fc7da9c0c3acc3b78.
2026-04-05 04:08:04,223 INFO  org.apache.flink.runtime.taskmanager.Task                    [] - Loading JAR files for task Source: kafka-source-vitals-raw (1/1)#0 (34de1b3aa27941f1b3e6c68cac722d03_6fcf6c25517ae2e217a127c66fd8b86f_0_0) [DEPLOYING].
2026-04-05 04:08:04,237 INFO  org.apache.flink.runtime.blob.BlobClient                     [] - Downloading 8b91f6d59b7d9166b3d5aa3d163a6fa6/p-7b0be8218f3fa880a25687c5521141d2ca2e0aa9-2612fd3db67ce0848ceb0df04ce9130a from flink-jobmanager/172.19.0.2:46015
2026-04-05 04:08:04,272 INFO  org.apache.flink.runtime.taskexecutor.TaskExecutor           [] - Received task anomaly-detection -> kafka-sink-alert-triggered: Writer -> kafka-sink-alert-triggered: Committer (1/1)#0 (34de1b3aa27941f1b3e6c68cac722d03_85e948c5b9e9155f1c904f934ecf78f0_0_0), deploy into slot with allocation id 909b6c05d1e04a1fc7da9c0c3acc3b78.
2026-04-05 04:08:04,275 INFO  org.apache.flink.runtime.taskexecutor.slot.TaskSlotTableImpl [] - Activate slot 909b6c05d1e04a1fc7da9c0c3acc3b78.
2026-04-05 04:08:04,275 INFO  org.apache.flink.runtime.taskmanager.Task                    [] - anomaly-detection -> kafka-sink-alert-triggered: Writer -> kafka-sink-alert-triggered: Committer (1/1)#0 (34de1b3aa27941f1b3e6c68cac722d03_85e948c5b9e9155f1c904f934ecf78f0_0_0) switched from CREATED to DEPLOYING.
2026-04-05 04:08:04,279 INFO  org.apache.flink.runtime.taskmanager.Task                    [] - Loading JAR files for task anomaly-detection -> kafka-sink-alert-triggered: Writer -> kafka-sink-alert-triggered: Committer (1/1)#0 (34de1b3aa27941f1b3e6c68cac722d03_85e948c5b9e9155f1c904f934ecf78f0_0_0) [DEPLOYING].
2026-04-05 04:08:04,578 INFO  org.apache.flink.streaming.runtime.tasks.StreamTask          [] - Using job/cluster config to configure application-defined state backend: org.apache.flink.runtime.state.hashmap.HashMapStateBackend@7a9d6044
2026-04-05 04:08:04,580 INFO  org.apache.flink.streaming.runtime.tasks.StreamTask          [] - Using application-defined state backend: org.apache.flink.runtime.state.hashmap.HashMapStateBackend@c0949e2
2026-04-05 04:08:04,581 INFO  org.apache.flink.runtime.state.StateBackendLoader            [] - State backend loader loads the state backend as HashMapStateBackend
2026-04-05 04:08:04,603 INFO  org.apache.flink.streaming.runtime.tasks.StreamTask          [] - Using job/cluster config to configure application-defined checkpoint storage: org.apache.flink.runtime.state.storage.FileSystemCheckpointStorage@6d0d2a8b
2026-04-05 04:08:04,641 INFO  org.apache.flink.streaming.runtime.tasks.StreamTask          [] - Using job/cluster config to configure application-defined state backend: org.apache.flink.runtime.state.hashmap.HashMapStateBackend@6fbd2583
2026-04-05 04:08:04,641 INFO  org.apache.flink.runtime.taskmanager.Task                    [] - anomaly-detection -> kafka-sink-alert-triggered: Writer -> kafka-sink-alert-triggered: Committer (1/1)#0 (34de1b3aa27941f1b3e6c68cac722d03_85e948c5b9e9155f1c904f934ecf78f0_0_0) switched from DEPLOYING to INITIALIZING.
2026-04-05 04:08:04,641 INFO  org.apache.flink.streaming.runtime.tasks.StreamTask          [] - Using application-defined state backend: org.apache.flink.runtime.state.hashmap.HashMapStateBackend@49e308c5
2026-04-05 04:08:04,642 INFO  org.apache.flink.runtime.state.StateBackendLoader            [] - State backend loader loads the state backend as HashMapStateBackend
2026-04-05 04:08:04,643 INFO  org.apache.flink.streaming.runtime.tasks.StreamTask          [] - Using job/cluster config to configure application-defined checkpoint storage: org.apache.flink.runtime.state.storage.FileSystemCheckpointStorage@6d0d2a8b
2026-04-05 04:08:04,647 INFO  org.apache.flink.runtime.taskmanager.Task                    [] - Source: kafka-source-vitals-raw (1/1)#0 (34de1b3aa27941f1b3e6c68cac722d03_6fcf6c25517ae2e217a127c66fd8b86f_0_0) switched from DEPLOYING to INITIALIZING.
2026-04-05 04:08:05,182 INFO  org.apache.flink.runtime.taskmanager.Task                    [] - Source: kafka-source-vitals-raw (1/1)#0 (34de1b3aa27941f1b3e6c68cac722d03_6fcf6c25517ae2e217a127c66fd8b86f_0_0) switched from INITIALIZING to RUNNING.
2026-04-05 04:08:05,198 INFO  org.apache.kafka.clients.producer.ProducerConfig             [] - ProducerConfig values: 
	acks = -1
	auto.include.jmx.reporter = true
	batch.size = 16384
	bootstrap.servers = [broker-1:29092, broker-2:29092, broker-3:29092]
	buffer.memory = 33554432
	client.dns.lookup = use_all_dns_ips
	client.id = producer-1
	compression.type = none
	connections.max.idle.ms = 540000
	delivery.timeout.ms = 120000
	enable.idempotence = true
	interceptor.classes = []
	key.serializer = class org.apache.kafka.common.serialization.ByteArraySerializer
	linger.ms = 0
	max.block.ms = 60000
	max.in.flight.requests.per.connection = 5
	max.request.size = 1048576
	metadata.max.age.ms = 300000
	metadata.max.idle.ms = 300000
	metric.reporters = []
	metrics.num.samples = 2
	metrics.recording.level = INFO
	metrics.sample.window.ms = 30000
	partitioner.adaptive.partitioning.enable = true
	partitioner.availability.timeout.ms = 0
	partitioner.class = null
	partitioner.ignore.keys = false
	receive.buffer.bytes = 32768
	reconnect.backoff.max.ms = 1000
	reconnect.backoff.ms = 50
	request.timeout.ms = 30000
	retries = 2147483647
	retry.backoff.ms = 100
	sasl.client.callback.handler.class = null
	sasl.jaas.config = null
	sasl.kerberos.kinit.cmd = /usr/bin/kinit
	sasl.kerberos.min.time.before.relogin = 60000
	sasl.kerberos.service.name = null
	sasl.kerberos.ticket.renew.jitter = 0.05
	sasl.kerberos.ticket.renew.window.factor = 0.8
	sasl.login.callback.handler.class = null
	sasl.login.class = null
	sasl.login.connect.timeout.ms = null
	sasl.login.read.timeout.ms = null
	sasl.login.refresh.buffer.seconds = 300
	sasl.login.refresh.min.period.seconds = 60
	sasl.login.refresh.window.factor = 0.8
	sasl.login.refresh.window.jitter = 0.05
	sasl.login.retry.backoff.max.ms = 10000
	sasl.login.retry.backoff.ms = 100
	sasl.mechanism = GSSAPI
	sasl.oauthbearer.clock.skew.seconds = 30
	sasl.oauthbearer.expected.audience = null
	sasl.oauthbearer.expected.issuer = null
	sasl.oauthbearer.jwks.endpoint.refresh.ms = 3600000
	sasl.oauthbearer.jwks.endpoint.retry.backoff.max.ms = 10000
	sasl.oauthbearer.jwks.endpoint.retry.backoff.ms = 100
	sasl.oauthbearer.jwks.endpoint.url = null
	sasl.oauthbearer.scope.claim.name = scope
	sasl.oauthbearer.sub.claim.name = sub
	sasl.oauthbearer.token.endpoint.url = null
	security.protocol = PLAINTEXT
	security.providers = null
	send.buffer.bytes = 131072
	socket.connection.setup.timeout.max.ms = 30000
	socket.connection.setup.timeout.ms = 10000
	ssl.cipher.suites = null
	ssl.enabled.protocols = [TLSv1.2, TLSv1.3]
	ssl.endpoint.identification.algorithm = https
	ssl.engine.factory.class = null
	ssl.key.password = null
	ssl.keymanager.algorithm = SunX509
	ssl.keystore.certificate.chain = null
	ssl.keystore.key = null
	ssl.keystore.location = null
	ssl.keystore.password = null
	ssl.keystore.type = JKS
	ssl.protocol = TLSv1.3
	ssl.provider = null
	ssl.secure.random.implementation = null
	ssl.trustmanager.algorithm = PKIX
	ssl.truststore.certificates = null
	ssl.truststore.location = null
	ssl.truststore.password = null
	ssl.truststore.type = JKS
	transaction.timeout.ms = 3600000
	transactional.id = null
	value.serializer = class org.apache.kafka.common.serialization.ByteArraySerializer

2026-04-05 04:08:05,254 INFO  org.apache.kafka.clients.producer.KafkaProducer              [] - [Producer clientId=producer-1] Instantiated an idempotent producer.
2026-04-05 04:08:05,255 INFO  org.apache.flink.connector.base.source.reader.SourceReaderBase [] - Adding split(s) to reader: [[Partition: medical.vitals.raw-5, StartingOffset: -3, StoppingOffset: -9223372036854775808], [Partition: medical.vitals.raw-3, StartingOffset: -3, StoppingOffset: -9223372036854775808], [Partition: medical.vitals.raw-4, StartingOffset: -3, StoppingOffset: -9223372036854775808], [Partition: medical.vitals.raw-2, StartingOffset: -3, StoppingOffset: -9223372036854775808], [Partition: medical.vitals.raw-1, StartingOffset: -3, StoppingOffset: -9223372036854775808], [Partition: medical.vitals.raw-0, StartingOffset: -3, StoppingOffset: -9223372036854775808]]
2026-04-05 04:08:05,265 INFO  org.apache.kafka.clients.consumer.ConsumerConfig             [] - ConsumerConfig values: 
	allow.auto.create.topics = true
	auto.commit.interval.ms = 5000
	auto.include.jmx.reporter = true
	auto.offset.reset = latest
	bootstrap.servers = [broker-1:29092, broker-2:29092, broker-3:29092]
	check.crcs = true
	client.dns.lookup = use_all_dns_ips
	client.id = vitals-anomaly-detector-0
	client.rack = 
	connections.max.idle.ms = 540000
	default.api.timeout.ms = 60000
	enable.auto.commit = false
	exclude.internal.topics = true
	fetch.max.bytes = 52428800
	fetch.max.wait.ms = 500
	fetch.min.bytes = 1
	group.id = vitals-anomaly-detector
	group.instance.id = null
	heartbeat.interval.ms = 3000
	interceptor.classes = []
	internal.leave.group.on.close = true
	internal.throw.on.fetch.stable.offset.unsupported = false
	isolation.level = read_uncommitted
	key.deserializer = class org.apache.kafka.common.serialization.ByteArrayDeserializer
	max.partition.fetch.bytes = 1048576
	max.poll.interval.ms = 300000
	max.poll.records = 500
	metadata.max.age.ms = 300000
	metric.reporters = []
	metrics.num.samples = 2
	metrics.recording.level = INFO
	metrics.sample.window.ms = 30000
	partition.assignment.strategy = [class org.apache.kafka.clients.consumer.RangeAssignor, class org.apache.kafka.clients.consumer.CooperativeStickyAssignor]
	receive.buffer.bytes = 65536
	reconnect.backoff.max.ms = 1000
	reconnect.backoff.ms = 50
	request.timeout.ms = 30000
	retry.backoff.ms = 100
	sasl.client.callback.handler.class = null
	sasl.jaas.config = null
	sasl.kerberos.kinit.cmd = /usr/bin/kinit
	sasl.kerberos.min.time.before.relogin = 60000
	sasl.kerberos.service.name = null
	sasl.kerberos.ticket.renew.jitter = 0.05
	sasl.kerberos.ticket.renew.window.factor = 0.8
	sasl.login.callback.handler.class = null
	sasl.login.class = null
	sasl.login.connect.timeout.ms = null
	sasl.login.read.timeout.ms = null
	sasl.login.refresh.buffer.seconds = 300
	sasl.login.refresh.min.period.seconds = 60
	sasl.login.refresh.window.factor = 0.8
	sasl.login.refresh.window.jitter = 0.05
	sasl.login.retry.backoff.max.ms = 10000
	sasl.login.retry.backoff.ms = 100
	sasl.mechanism = GSSAPI
	sasl.oauthbearer.clock.skew.seconds = 30
	sasl.oauthbearer.expected.audience = null
	sasl.oauthbearer.expected.issuer = null
	sasl.oauthbearer.jwks.endpoint.refresh.ms = 3600000
	sasl.oauthbearer.jwks.endpoint.retry.backoff.max.ms = 10000
	sasl.oauthbearer.jwks.endpoint.retry.backoff.ms = 100
	sasl.oauthbearer.jwks.endpoint.url = null
	sasl.oauthbearer.scope.claim.name = scope
	sasl.oauthbearer.sub.claim.name = sub
	sasl.oauthbearer.token.endpoint.url = null
	security.protocol = PLAINTEXT
	security.providers = null
	send.buffer.bytes = 131072
	session.timeout.ms = 45000
	socket.connection.setup.timeout.max.ms = 30000
	socket.connection.setup.timeout.ms = 10000
	ssl.cipher.suites = null
	ssl.enabled.protocols = [TLSv1.2, TLSv1.3]
	ssl.endpoint.identification.algorithm = https
	ssl.engine.factory.class = null
	ssl.key.password = null
	ssl.keymanager.algorithm = SunX509
	ssl.keystore.certificate.chain = null
	ssl.keystore.key = null
	ssl.keystore.location = null
	ssl.keystore.password = null
	ssl.keystore.type = JKS
	ssl.protocol = TLSv1.3
	ssl.provider = null
	ssl.secure.random.implementation = null
	ssl.trustmanager.algorithm = PKIX
	ssl.truststore.certificates = null
	ssl.truststore.location = null
	ssl.truststore.password = null
	ssl.truststore.type = JKS
	value.deserializer = class org.apache.kafka.common.serialization.ByteArrayDeserializer

2026-04-05 04:08:05,305 INFO  org.apache.kafka.common.utils.AppInfoParser                  [] - Kafka version: 3.4.0
2026-04-05 04:08:05,305 INFO  org.apache.kafka.common.utils.AppInfoParser                  [] - Kafka commitId: 2e1947d240607d53
2026-04-05 04:08:05,306 INFO  org.apache.kafka.common.utils.AppInfoParser                  [] - Kafka startTimeMs: 1775362085301
2026-04-05 04:08:05,355 INFO  org.apache.flink.runtime.state.heap.HeapKeyedStateBackendBuilder [] - Finished to build heap keyed state-backend.
2026-04-05 04:08:05,355 WARN  org.apache.kafka.clients.consumer.ConsumerConfig             [] - These configurations '[client.id.prefix, partition.discovery.interval.ms]' were supplied but are not used yet.
2026-04-05 04:08:05,356 INFO  org.apache.kafka.common.utils.AppInfoParser                  [] - Kafka version: 3.4.0
2026-04-05 04:08:05,356 INFO  org.apache.kafka.common.utils.AppInfoParser                  [] - Kafka commitId: 2e1947d240607d53
2026-04-05 04:08:05,356 INFO  org.apache.kafka.common.utils.AppInfoParser                  [] - Kafka startTimeMs: 1775362085355
2026-04-05 04:08:05,367 INFO  org.apache.flink.runtime.state.heap.HeapKeyedStateBackend    [] - Initializing heap keyed state backend with stream factory.
2026-04-05 04:08:05,368 INFO  org.apache.flink.connector.base.source.reader.fetcher.SplitFetcher [] - Starting split fetcher 0
2026-04-05 04:08:05,374 INFO  com.healthcare.vitals.operator.AnomalyDetectionFunction      [] - AnomalyDetectionFunction initialised on task slot 0
2026-04-05 04:08:05,392 INFO  org.apache.kafka.clients.consumer.KafkaConsumer              [] - [Consumer clientId=vitals-anomaly-detector-0, groupId=vitals-anomaly-detector] Assigned to partition(s): medical.vitals.raw-5, medical.vitals.raw-3, medical.vitals.raw-4, medical.vitals.raw-2, medical.vitals.raw-1, medical.vitals.raw-0
2026-04-05 04:08:05,392 INFO  org.apache.flink.runtime.taskmanager.Task                    [] - anomaly-detection -> kafka-sink-alert-triggered: Writer -> kafka-sink-alert-triggered: Committer (1/1)#0 (34de1b3aa27941f1b3e6c68cac722d03_85e948c5b9e9155f1c904f934ecf78f0_0_0) switched from INITIALIZING to RUNNING.
2026-04-05 04:08:05,586 INFO  org.apache.kafka.clients.Metadata                            [] - [Producer clientId=producer-1] Cluster ID: MkU3OEVBNTcwNTJENDM2Qk
2026-04-05 04:08:05,624 INFO  org.apache.kafka.clients.Metadata                            [] - [Consumer clientId=vitals-anomaly-detector-0, groupId=vitals-anomaly-detector] Resetting the last seen epoch of partition medical.vitals.raw-0 to 8 since the associated topicId changed from null to _8tF9tznTbaZ-E5TkDd_ng
2026-04-05 04:08:05,629 INFO  org.apache.kafka.clients.Metadata                            [] - [Consumer clientId=vitals-anomaly-detector-0, groupId=vitals-anomaly-detector] Resetting the last seen epoch of partition medical.vitals.raw-1 to 7 since the associated topicId changed from null to _8tF9tznTbaZ-E5TkDd_ng
2026-04-05 04:08:05,629 INFO  org.apache.kafka.clients.Metadata                            [] - [Consumer clientId=vitals-anomaly-detector-0, groupId=vitals-anomaly-detector] Resetting the last seen epoch of partition medical.vitals.raw-3 to 9 since the associated topicId changed from null to _8tF9tznTbaZ-E5TkDd_ng
2026-04-05 04:08:05,629 INFO  org.apache.kafka.clients.Metadata                            [] - [Consumer clientId=vitals-anomaly-detector-0, groupId=vitals-anomaly-detector] Resetting the last seen epoch of partition medical.vitals.raw-4 to 8 since the associated topicId changed from null to _8tF9tznTbaZ-E5TkDd_ng
2026-04-05 04:08:05,630 INFO  org.apache.kafka.clients.Metadata                            [] - [Consumer clientId=vitals-anomaly-detector-0, groupId=vitals-anomaly-detector] Resetting the last seen epoch of partition medical.vitals.raw-5 to 7 since the associated topicId changed from null to _8tF9tznTbaZ-E5TkDd_ng
2026-04-05 04:08:05,630 INFO  org.apache.kafka.clients.Metadata                            [] - [Consumer clientId=vitals-anomaly-detector-0, groupId=vitals-anomaly-detector] Resetting the last seen epoch of partition medical.vitals.raw-2 to 9 since the associated topicId changed from null to _8tF9tznTbaZ-E5TkDd_ng
2026-04-05 04:08:05,742 INFO  org.apache.kafka.clients.Metadata                            [] - [Consumer clientId=vitals-anomaly-detector-0, groupId=vitals-anomaly-detector] Cluster ID: MkU3OEVBNTcwNTJENDM2Qk
2026-04-05 04:08:05,773 INFO  org.apache.kafka.clients.consumer.internals.ConsumerCoordinator [] - [Consumer clientId=vitals-anomaly-detector-0, groupId=vitals-anomaly-detector] Discovered group coordinator broker-2:29092 (id: 2147483645 rack: null)
2026-04-05 04:08:05,920 INFO  org.apache.kafka.clients.consumer.internals.ConsumerCoordinator [] - [Consumer clientId=vitals-anomaly-detector-0, groupId=vitals-anomaly-detector] Found no committed offset for partition medical.vitals.raw-5
2026-04-05 04:08:05,923 INFO  org.apache.kafka.clients.consumer.internals.ConsumerCoordinator [] - [Consumer clientId=vitals-anomaly-detector-0, groupId=vitals-anomaly-detector] Setting offset for partition medical.vitals.raw-1 to the committed offset FetchPosition{offset=1, offsetEpoch=Optional.empty, currentLeader=LeaderAndEpoch{leader=Optional[broker-1:29092 (id: 1 rack: null)], epoch=7}}
2026-04-05 04:08:05,928 INFO  org.apache.kafka.clients.consumer.internals.ConsumerCoordinator [] - [Consumer clientId=vitals-anomaly-detector-0, groupId=vitals-anomaly-detector] Setting offset for partition medical.vitals.raw-0 to the committed offset FetchPosition{offset=3, offsetEpoch=Optional.empty, currentLeader=LeaderAndEpoch{leader=Optional[broker-3:29092 (id: 3 rack: null)], epoch=8}}
2026-04-05 04:08:05,929 INFO  org.apache.kafka.clients.consumer.internals.ConsumerCoordinator [] - [Consumer clientId=vitals-anomaly-detector-0, groupId=vitals-anomaly-detector] Setting offset for partition medical.vitals.raw-3 to the committed offset FetchPosition{offset=5, offsetEpoch=Optional.empty, currentLeader=LeaderAndEpoch{leader=Optional[broker-2:29092 (id: 2 rack: null)], epoch=9}}
2026-04-05 04:08:05,929 INFO  org.apache.kafka.clients.consumer.internals.ConsumerCoordinator [] - [Consumer clientId=vitals-anomaly-detector-0, groupId=vitals-anomaly-detector] Setting offset for partition medical.vitals.raw-2 to the committed offset FetchPosition{offset=11, offsetEpoch=Optional.empty, currentLeader=LeaderAndEpoch{leader=Optional[broker-2:29092 (id: 2 rack: null)], epoch=9}}
2026-04-05 04:08:05,931 INFO  org.apache.kafka.clients.consumer.internals.ConsumerCoordinator [] - [Consumer clientId=vitals-anomaly-detector-0, groupId=vitals-anomaly-detector] Setting offset for partition medical.vitals.raw-4 to the committed offset FetchPosition{offset=2, offsetEpoch=Optional.empty, currentLeader=LeaderAndEpoch{leader=Optional[broker-3:29092 (id: 3 rack: null)], epoch=8}}
2026-04-05 04:08:06,066 INFO  org.apache.kafka.clients.consumer.internals.SubscriptionState [] - [Consumer clientId=vitals-anomaly-detector-0, groupId=vitals-anomaly-detector] Resetting offset for partition medical.vitals.raw-5 to position FetchPosition{offset=0, offsetEpoch=Optional.empty, currentLeader=LeaderAndEpoch{leader=Optional[broker-1:29092 (id: 1 rack: null)], epoch=7}}.
2026-04-05 04:08:06,082 INFO  org.apache.kafka.clients.producer.internals.TransactionManager [] - [Producer clientId=producer-1] ProducerId set to 7000 with epoch 0
2026-04-05 04:11:27,047 ERROR com.healthcare.vitals.source.KafkaSourceFactory              [] - DESERIALIZATION FAILED — routing to DLQ. topic=medical.vitals.raw partition=2 offset=11 key=null valueBytes=17 error=Could not find schema with id 126911 in registry
2026-04-05 04:11:27,068 INFO  org.apache.kafka.clients.producer.ProducerConfig             [] - Idempotence will be disabled because acks is set to 1, not set to 'all'.
2026-04-05 04:11:27,073 INFO  org.apache.kafka.clients.producer.ProducerConfig             [] - ProducerConfig values: 
	acks = 1
	auto.include.jmx.reporter = true
	batch.size = 16384
	bootstrap.servers = [broker-1:29092, broker-2:29092, broker-3:29092]
	buffer.memory = 33554432
	client.dns.lookup = use_all_dns_ips
	client.id = producer-2
	compression.type = none
	connections.max.idle.ms = 540000
	delivery.timeout.ms = 120000
	enable.idempotence = false
	interceptor.classes = []
	key.serializer = class org.apache.kafka.common.serialization.ByteArraySerializer
	linger.ms = 0
	max.block.ms = 5000
	max.in.flight.requests.per.connection = 5
	max.request.size = 1048576
	metadata.max.age.ms = 300000
	metadata.max.idle.ms = 300000
	metric.reporters = []
	metrics.num.samples = 2
	metrics.recording.level = INFO
	metrics.sample.window.ms = 30000
	partitioner.adaptive.partitioning.enable = true
	partitioner.availability.timeout.ms = 0
	partitioner.class = null
	partitioner.ignore.keys = false
	receive.buffer.bytes = 32768
	reconnect.backoff.max.ms = 1000
	reconnect.backoff.ms = 50
	request.timeout.ms = 30000
	retries = 3
	retry.backoff.ms = 100
	sasl.client.callback.handler.class = null
	sasl.jaas.config = null
	sasl.kerberos.kinit.cmd = /usr/bin/kinit
	sasl.kerberos.min.time.before.relogin = 60000
	sasl.kerberos.service.name = null
	sasl.kerberos.ticket.renew.jitter = 0.05
	sasl.kerberos.ticket.renew.window.factor = 0.8
	sasl.login.callback.handler.class = null
	sasl.login.class = null
	sasl.login.connect.timeout.ms = null
	sasl.login.read.timeout.ms = null
	sasl.login.refresh.buffer.seconds = 300
	sasl.login.refresh.min.period.seconds = 60
	sasl.login.refresh.window.factor = 0.8
	sasl.login.refresh.window.jitter = 0.05
	sasl.login.retry.backoff.max.ms = 10000
	sasl.login.retry.backoff.ms = 100
	sasl.mechanism = GSSAPI
	sasl.oauthbearer.clock.skew.seconds = 30
	sasl.oauthbearer.expected.audience = null
	sasl.oauthbearer.expected.issuer = null
	sasl.oauthbearer.jwks.endpoint.refresh.ms = 3600000
	sasl.oauthbearer.jwks.endpoint.retry.backoff.max.ms = 10000
	sasl.oauthbearer.jwks.endpoint.retry.backoff.ms = 100
	sasl.oauthbearer.jwks.endpoint.url = null
	sasl.oauthbearer.scope.claim.name = scope
	sasl.oauthbearer.sub.claim.name = sub
	sasl.oauthbearer.token.endpoint.url = null
	security.protocol = PLAINTEXT
	security.providers = null
	send.buffer.bytes = 131072
	socket.connection.setup.timeout.max.ms = 30000
	socket.connection.setup.timeout.ms = 10000
	ssl.cipher.suites = null
	ssl.enabled.protocols = [TLSv1.2, TLSv1.3]
	ssl.endpoint.identification.algorithm = https
	ssl.engine.factory.class = null
	ssl.key.password = null
	ssl.keymanager.algorithm = SunX509
	ssl.keystore.certificate.chain = null
	ssl.keystore.key = null
	ssl.keystore.location = null
	ssl.keystore.password = null
	ssl.keystore.type = JKS
	ssl.protocol = TLSv1.3
	ssl.provider = null
	ssl.secure.random.implementation = null
	ssl.trustmanager.algorithm = PKIX
	ssl.truststore.certificates = null
	ssl.truststore.location = null
	ssl.truststore.password = null
	ssl.truststore.type = JKS
	transaction.timeout.ms = 60000
	transactional.id = null
	value.serializer = class org.apache.kafka.common.serialization.ByteArraySerializer

2026-04-05 04:11:27,136 INFO  org.apache.kafka.common.utils.AppInfoParser                  [] - Kafka version: 3.4.0
2026-04-05 04:11:27,149 INFO  org.apache.kafka.common.utils.AppInfoParser                  [] - Kafka commitId: 2e1947d240607d53
2026-04-05 04:11:27,151 INFO  org.apache.kafka.common.utils.AppInfoParser                  [] - Kafka startTimeMs: 1775362287134
2026-04-05 04:11:27,236 INFO  org.apache.kafka.clients.Metadata                            [] - [Producer clientId=producer-2] Resetting the last seen epoch of partition medical.vitals.dlq-0 to 9 since the associated topicId changed from null to D-eN2UJ0RfmfMAAswdmIMQ
2026-04-05 04:11:27,238 INFO  org.apache.kafka.clients.Metadata                            [] - [Producer clientId=producer-2] Resetting the last seen epoch of partition medical.vitals.dlq-2 to 7 since the associated topicId changed from null to D-eN2UJ0RfmfMAAswdmIMQ
2026-04-05 04:11:27,238 INFO  org.apache.kafka.clients.Metadata                            [] - [Producer clientId=producer-2] Resetting the last seen epoch of partition medical.vitals.dlq-1 to 8 since the associated topicId changed from null to D-eN2UJ0RfmfMAAswdmIMQ
2026-04-05 04:11:27,239 INFO  org.apache.kafka.clients.Metadata                            [] - [Producer clientId=producer-2] Cluster ID: MkU3OEVBNTcwNTJENDM2Qk
2026-04-05 04:12:44,998 ERROR com.healthcare.vitals.source.KafkaSourceFactory              [] - DESERIALIZATION FAILED — routing to DLQ. topic=medical.vitals.raw partition=3 offset=5 key=null valueBytes=37 error=Unknown data format. Magic number does not match
2026-04-05 04:13:55,074 ERROR com.healthcare.vitals.source.KafkaSourceFactory              [] - DESERIALIZATION FAILED — routing to DLQ. topic=medical.vitals.raw partition=2 offset=12 key=null valueBytes=17 error=Could not find schema with id 126911 in registry
2026-04-05 04:17:06,266 INFO  org.apache.kafka.clients.NetworkClient                       [] - [Consumer clientId=vitals-anomaly-detector-0, groupId=vitals-anomaly-detector] Node -1 disconnected.
2026-04-05 04:17:27,336 INFO  org.apache.kafka.clients.NetworkClient                       [] - [Producer clientId=producer-1] Node -1 disconnected.
2026-04-05 04:17:27,357 INFO  org.apache.kafka.clients.NetworkClient                       [] - [Producer clientId=producer-1] Node -3 disconnected.
2026-04-05 04:20:27,495 INFO  org.apache.kafka.clients.NetworkClient                       [] - [Producer clientId=producer-2] Node -1 disconnected.
2026-04-05 04:28:50,868 INFO  org.apache.kafka.clients.NetworkClient                       [] - [Consumer clientId=vitals-anomaly-detector-0, groupId=vitals-anomaly-detector] Disconnecting from node 2 due to request timeout.
2026-04-05 04:28:50,876 INFO  org.apache.kafka.clients.NetworkClient                       [] - [Consumer clientId=vitals-anomaly-detector-0, groupId=vitals-anomaly-detector] Cancelled in-flight FETCH request with correlation id 7117 due to node 2 being disconnected (elapsed time since creation: 47873ms, elapsed time since send: 47873ms, request timeout: 30000ms)
2026-04-05 04:28:50,877 INFO  org.apache.kafka.clients.NetworkClient                       [] - [Consumer clientId=vitals-anomaly-detector-0, groupId=vitals-anomaly-detector] Disconnecting from node 3 due to request timeout.
2026-04-05 04:28:50,878 INFO  org.apache.kafka.clients.NetworkClient                       [] - [Consumer clientId=vitals-anomaly-detector-0, groupId=vitals-anomaly-detector] Cancelled in-flight FETCH request with correlation id 7116 due to node 3 being disconnected (elapsed time since creation: 47873ms, elapsed time since send: 47873ms, request timeout: 30000ms)
2026-04-05 04:28:50,885 INFO  org.apache.kafka.clients.FetchSessionHandler                 [] - [Consumer clientId=vitals-anomaly-detector-0, groupId=vitals-anomaly-detector] Error sending fetch request (sessionId=1441910776, epoch=2358) to node 2:
org.apache.kafka.common.errors.DisconnectException: null
2026-04-05 04:28:50,927 INFO  org.apache.kafka.clients.FetchSessionHandler                 [] - [Consumer clientId=vitals-anomaly-detector-0, groupId=vitals-anomaly-detector] Error sending fetch request (sessionId=587379424, epoch=2355) to node 3:
org.apache.kafka.common.errors.DisconnectException: null
2026-04-05 04:32:21,275 INFO  org.apache.kafka.clients.NetworkClient                       [] - [Consumer clientId=vitals-anomaly-detector-0, groupId=vitals-anomaly-detector] Disconnecting from node 1 due to request timeout.
2026-04-05 04:32:21,329 INFO  org.apache.kafka.clients.NetworkClient                       [] - [Consumer clientId=vitals-anomaly-detector-0, groupId=vitals-anomaly-detector] Cancelled in-flight FETCH request with correlation id 7295 due to node 1 being disconnected (elapsed time since creation: 180693ms, elapsed time since send: 180693ms, request timeout: 30000ms)
2026-04-05 04:32:21,337 INFO  org.apache.kafka.clients.NetworkClient                       [] - [Consumer clientId=vitals-anomaly-detector-0, groupId=vitals-anomaly-detector] Disconnecting from node 2 due to request timeout.
2026-04-05 04:32:21,339 INFO  org.apache.kafka.clients.NetworkClient                       [] - [Consumer clientId=vitals-anomaly-detector-0, groupId=vitals-anomaly-detector] Cancelled in-flight FETCH request with correlation id 7294 due to node 2 being disconnected (elapsed time since creation: 180694ms, elapsed time since send: 180694ms, request timeout: 30000ms)
2026-04-05 04:32:21,343 INFO  org.apache.kafka.clients.NetworkClient                       [] - [Consumer clientId=vitals-anomaly-detector-0, groupId=vitals-anomaly-detector] Disconnecting from node 3 due to request timeout.
2026-04-05 04:32:21,368 INFO  org.apache.kafka.clients.NetworkClient                       [] - [Consumer clientId=vitals-anomaly-detector-0, groupId=vitals-anomaly-detector] Cancelled in-flight FETCH request with correlation id 7293 due to node 3 being disconnected (elapsed time since creation: 180694ms, elapsed time since send: 180694ms, request timeout: 30000ms)
2026-04-05 04:32:21,391 INFO  org.apache.kafka.clients.FetchSessionHandler                 [] - [Consumer clientId=vitals-anomaly-detector-0, groupId=vitals-anomaly-detector] Error sending fetch request (sessionId=1998619202, epoch=2414) to node 1:
org.apache.kafka.common.errors.DisconnectException: null
2026-04-05 04:32:21,411 INFO  org.apache.kafka.clients.FetchSessionHandler                 [] - [Consumer clientId=vitals-anomaly-detector-0, groupId=vitals-anomaly-detector] Error sending fetch request (sessionId=1926244770, epoch=57) to node 2:
org.apache.kafka.common.errors.DisconnectException: null
2026-04-05 04:32:21,423 INFO  org.apache.kafka.clients.FetchSessionHandler                 [] - [Consumer clientId=vitals-anomaly-detector-0, groupId=vitals-anomaly-detector] Error sending fetch request (sessionId=498784133, epoch=57) to node 3:
org.apache.kafka.common.errors.DisconnectException: null
2026-04-05 05:56:02,935 INFO  org.apache.kafka.clients.NetworkClient                       [] - [Consumer clientId=vitals-anomaly-detector-0, groupId=vitals-anomaly-detector] Disconnecting from node 1 due to request timeout.
2026-04-05 05:56:03,004 INFO  org.apache.kafka.clients.NetworkClient                       [] - [Consumer clientId=vitals-anomaly-detector-0, groupId=vitals-anomaly-detector] Cancelled in-flight FETCH request with correlation id 30101 due to node 1 being disconnected (elapsed time since creation: 1210484ms, elapsed time since send: 1210484ms, request timeout: 30000ms)
2026-04-05 05:56:03,005 INFO  org.apache.kafka.clients.NetworkClient                       [] - [Consumer clientId=vitals-anomaly-detector-0, groupId=vitals-anomaly-detector] Disconnecting from node 3 due to request timeout.
2026-04-05 05:56:03,006 INFO  org.apache.kafka.clients.NetworkClient                       [] - [Consumer clientId=vitals-anomaly-detector-0, groupId=vitals-anomaly-detector] Cancelled in-flight FETCH request with correlation id 30102 due to node 3 being disconnected (elapsed time since creation: 1210484ms, elapsed time since send: 1210484ms, request timeout: 30000ms)
2026-04-05 05:56:03,015 INFO  org.apache.kafka.clients.FetchSessionHandler                 [] - [Consumer clientId=vitals-anomaly-detector-0, groupId=vitals-anomaly-detector] Error sending fetch request (sessionId=1186686644, epoch=7554) to node 1:
org.apache.kafka.common.errors.DisconnectException: null
2026-04-05 05:56:03,031 INFO  org.apache.kafka.clients.FetchSessionHandler                 [] - [Consumer clientId=vitals-anomaly-detector-0, groupId=vitals-anomaly-detector] Error sending fetch request (sessionId=1992009993, epoch=7554) to node 3:
org.apache.kafka.common.errors.DisconnectException: null
2026-04-05 06:40:02,137 INFO  org.apache.kafka.clients.NetworkClient                       [] - [Consumer clientId=vitals-anomaly-detector-0, groupId=vitals-anomaly-detector] Disconnecting from node 1 due to request timeout.
2026-04-05 06:40:02,153 INFO  org.apache.kafka.clients.NetworkClient                       [] - [Consumer clientId=vitals-anomaly-detector-0, groupId=vitals-anomaly-detector] Cancelled in-flight FETCH request with correlation id 30264 due to node 1 being disconnected (elapsed time since creation: 2610034ms, elapsed time since send: 2610034ms, request timeout: 30000ms)
2026-04-05 06:40:02,155 INFO  org.apache.kafka.clients.NetworkClient                       [] - [Consumer clientId=vitals-anomaly-detector-0, groupId=vitals-anomaly-detector] Disconnecting from node 3 due to request timeout.
2026-04-05 06:40:02,156 INFO  org.apache.kafka.clients.NetworkClient                       [] - [Consumer clientId=vitals-anomaly-detector-0, groupId=vitals-anomaly-detector] Cancelled in-flight FETCH request with correlation id 30265 due to node 3 being disconnected (elapsed time since creation: 2609772ms, elapsed time since send: 2609771ms, request timeout: 30000ms)
2026-04-05 06:40:02,158 INFO  org.apache.kafka.clients.FetchSessionHandler                 [] - [Consumer clientId=vitals-anomaly-detector-0, groupId=vitals-anomaly-detector] Error sending fetch request (sessionId=843837462, epoch=52) to node 1:
org.apache.kafka.common.errors.DisconnectException: null
2026-04-05 06:40:02,164 INFO  org.apache.kafka.clients.FetchSessionHandler                 [] - [Consumer clientId=vitals-anomaly-detector-0, groupId=vitals-anomaly-detector] Error sending fetch request (sessionId=1875240422, epoch=52) to node 3:
org.apache.kafka.common.errors.DisconnectException: null
2026-04-05 06:48:37,215 INFO  org.apache.kafka.clients.NetworkClient                       [] - [Consumer clientId=vitals-anomaly-detector-0, groupId=vitals-anomaly-detector] Disconnecting from node 1 due to request timeout.
2026-04-05 06:48:37,224 INFO  org.apache.kafka.clients.NetworkClient                       [] - [Consumer clientId=vitals-anomaly-detector-0, groupId=vitals-anomaly-detector] Cancelled in-flight FETCH request with correlation id 30446 due to node 1 being disconnected (elapsed time since creation: 485673ms, elapsed time since send: 485673ms, request timeout: 30000ms)
2026-04-05 06:48:37,225 INFO  org.apache.kafka.clients.NetworkClient                       [] - [Consumer clientId=vitals-anomaly-detector-0, groupId=vitals-anomaly-detector] Disconnecting from node 2 due to request timeout.
2026-04-05 06:48:37,229 INFO  org.apache.kafka.clients.NetworkClient                       [] - [Consumer clientId=vitals-anomaly-detector-0, groupId=vitals-anomaly-detector] Cancelled in-flight FETCH request with correlation id 30447 due to node 2 being disconnected (elapsed time since creation: 485223ms, elapsed time since send: 485223ms, request timeout: 30000ms)
2026-04-05 06:48:37,231 INFO  org.apache.kafka.clients.FetchSessionHandler                 [] - [Consumer clientId=vitals-anomaly-detector-0, groupId=vitals-anomaly-detector] Error sending fetch request (sessionId=576001116, epoch=58) to node 1:
org.apache.kafka.common.errors.DisconnectException: null
2026-04-05 06:48:37,234 INFO  org.apache.kafka.clients.FetchSessionHandler                 [] - [Consumer clientId=vitals-anomaly-detector-0, groupId=vitals-anomaly-detector] Error sending fetch request (sessionId=1405379109, epoch=7666) to node 2:
org.apache.kafka.common.errors.DisconnectException: null
2026-04-05 07:08:47,314 INFO  org.apache.kafka.clients.NetworkClient                       [] - [Consumer clientId=vitals-anomaly-detector-0, groupId=vitals-anomaly-detector] Disconnecting from node 1 due to request timeout.
2026-04-05 07:08:47,319 INFO  org.apache.kafka.clients.NetworkClient                       [] - [Consumer clientId=vitals-anomaly-detector-0, groupId=vitals-anomaly-detector] Cancelled in-flight FETCH request with correlation id 30626 due to node 1 being disconnected (elapsed time since creation: 1180481ms, elapsed time since send: 1180481ms, request timeout: 30000ms)
2026-04-05 07:08:47,319 INFO  org.apache.kafka.clients.NetworkClient                       [] - [Consumer clientId=vitals-anomaly-detector-0, groupId=vitals-anomaly-detector] Disconnecting from node 2 due to request timeout.
2026-04-05 07:08:47,319 INFO  org.apache.kafka.clients.NetworkClient                       [] - [Consumer clientId=vitals-anomaly-detector-0, groupId=vitals-anomaly-detector] Cancelled in-flight FETCH request with correlation id 30627 due to node 2 being disconnected (elapsed time since creation: 1180480ms, elapsed time since send: 1180480ms, request timeout: 30000ms)
2026-04-05 07:08:47,320 INFO  org.apache.kafka.clients.NetworkClient                       [] - [Consumer clientId=vitals-anomaly-detector-0, groupId=vitals-anomaly-detector] Disconnecting from node 3 due to request timeout.
2026-04-05 07:08:47,321 INFO  org.apache.kafka.clients.NetworkClient                       [] - [Consumer clientId=vitals-anomaly-detector-0, groupId=vitals-anomaly-detector] Cancelled in-flight FETCH request with correlation id 30628 due to node 3 being disconnected (elapsed time since creation: 1180479ms, elapsed time since send: 1180479ms, request timeout: 30000ms)
2026-04-05 07:08:47,321 INFO  org.apache.kafka.clients.FetchSessionHandler                 [] - [Consumer clientId=vitals-anomaly-detector-0, groupId=vitals-anomaly-detector] Error sending fetch request (sessionId=1131761744, epoch=58) to node 1:
org.apache.kafka.common.errors.DisconnectException: null
2026-04-05 07:08:47,322 INFO  org.apache.kafka.clients.FetchSessionHandler                 [] - [Consumer clientId=vitals-anomaly-detector-0, groupId=vitals-anomaly-detector] Error sending fetch request (sessionId=761405747, epoch=58) to node 2:
org.apache.kafka.common.errors.DisconnectException: null
2026-04-05 07:08:47,322 INFO  org.apache.kafka.clients.FetchSessionHandler                 [] - [Consumer clientId=vitals-anomaly-detector-0, groupId=vitals-anomaly-detector] Error sending fetch request (sessionId=76915274, epoch=117) to node 3:
org.apache.kafka.common.errors.DisconnectException: null
2026-04-05 07:24:01,724 INFO  org.apache.kafka.clients.NetworkClient                       [] - [Consumer clientId=vitals-anomaly-detector-0, groupId=vitals-anomaly-detector] Disconnecting from node 1 due to request timeout.
2026-04-05 07:24:01,735 INFO  org.apache.kafka.clients.NetworkClient                       [] - [Consumer clientId=vitals-anomaly-detector-0, groupId=vitals-anomaly-detector] Cancelled in-flight FETCH request with correlation id 30808 due to node 1 being disconnected (elapsed time since creation: 884626ms, elapsed time since send: 884626ms, request timeout: 30000ms)
2026-04-05 07:24:01,737 INFO  org.apache.kafka.clients.NetworkClient                       [] - [Consumer clientId=vitals-anomaly-detector-0, groupId=vitals-anomaly-detector] Disconnecting from node 2 due to request timeout.
2026-04-05 07:24:01,737 INFO  org.apache.kafka.clients.NetworkClient                       [] - [Consumer clientId=vitals-anomaly-detector-0, groupId=vitals-anomaly-detector] Cancelled in-flight FETCH request with correlation id 30810 due to node 2 being disconnected (elapsed time since creation: 884624ms, elapsed time since send: 884624ms, request timeout: 30000ms)
2026-04-05 07:24:01,738 INFO  org.apache.kafka.clients.NetworkClient                       [] - [Consumer clientId=vitals-anomaly-detector-0, groupId=vitals-anomaly-detector] Disconnecting from node 3 due to request timeout.
2026-04-05 07:24:01,738 INFO  org.apache.kafka.clients.NetworkClient                       [] - [Consumer clientId=vitals-anomaly-detector-0, groupId=vitals-anomaly-detector] Cancelled in-flight FETCH request with correlation id 30809 due to node 3 being disconnected (elapsed time since creation: 884626ms, elapsed time since send: 884626ms, request timeout: 30000ms)
2026-04-05 07:24:01,738 INFO  org.apache.kafka.clients.FetchSessionHandler                 [] - [Consumer clientId=vitals-anomaly-detector-0, groupId=vitals-anomaly-detector] Error sending fetch request (sessionId=108956184, epoch=58) to node 1:
org.apache.kafka.common.errors.DisconnectException: null
2026-04-05 07:24:01,739 INFO  org.apache.kafka.clients.FetchSessionHandler                 [] - [Consumer clientId=vitals-anomaly-detector-0, groupId=vitals-anomaly-detector] Error sending fetch request (sessionId=191581762, epoch=58) to node 2:
org.apache.kafka.common.errors.DisconnectException: null
2026-04-05 07:24:01,740 INFO  org.apache.kafka.clients.FetchSessionHandler                 [] - [Consumer clientId=vitals-anomaly-detector-0, groupId=vitals-anomaly-detector] Error sending fetch request (sessionId=1905504497, epoch=58) to node 3:
org.apache.kafka.common.errors.DisconnectException: null
2026-04-05 07:31:26,810 INFO  org.apache.kafka.clients.NetworkClient                       [] - [Consumer clientId=vitals-anomaly-detector-0, groupId=vitals-anomaly-detector] Disconnecting from node 1 due to request timeout.
2026-04-05 07:31:26,826 INFO  org.apache.kafka.clients.NetworkClient                       [] - [Consumer clientId=vitals-anomaly-detector-0, groupId=vitals-anomaly-detector] Cancelled in-flight FETCH request with correlation id 30992 due to node 1 being disconnected (elapsed time since creation: 415591ms, elapsed time since send: 415591ms, request timeout: 30000ms)
2026-04-05 07:31:26,827 INFO  org.apache.kafka.clients.FetchSessionHandler                 [] - [Consumer clientId=vitals-anomaly-detector-0, groupId=vitals-anomaly-detector] Error sending fetch request (sessionId=1019374735, epoch=58) to node 1:
org.apache.kafka.common.errors.DisconnectException: null
2026-04-05 07:40:41,014 INFO  org.apache.kafka.clients.NetworkClient                       [] - [Consumer clientId=vitals-anomaly-detector-0, groupId=vitals-anomaly-detector] Disconnecting from node 1 due to request timeout.
2026-04-05 07:40:41,044 INFO  org.apache.kafka.clients.NetworkClient                       [] - [Consumer clientId=vitals-anomaly-detector-0, groupId=vitals-anomaly-detector] Cancelled in-flight FETCH request with correlation id 31170 due to node 1 being disconnected (elapsed time since creation: 524364ms, elapsed time since send: 524362ms, request timeout: 30000ms)
2026-04-05 07:40:41,046 INFO  org.apache.kafka.clients.NetworkClient                       [] - [Consumer clientId=vitals-anomaly-detector-0, groupId=vitals-anomaly-detector] Disconnecting from node 2 due to request timeout.
2026-04-05 07:40:41,047 INFO  org.apache.kafka.clients.NetworkClient                       [] - [Consumer clientId=vitals-anomaly-detector-0, groupId=vitals-anomaly-detector] Cancelled in-flight FETCH request with correlation id 31171 due to node 2 being disconnected (elapsed time since creation: 524363ms, elapsed time since send: 524362ms, request timeout: 30000ms)
2026-04-05 07:40:41,047 INFO  org.apache.kafka.clients.NetworkClient                       [] - [Consumer clientId=vitals-anomaly-detector-0, groupId=vitals-anomaly-detector] Disconnecting from node 3 due to request timeout.
2026-04-05 07:40:41,047 INFO  org.apache.kafka.clients.NetworkClient                       [] - [Consumer clientId=vitals-anomaly-detector-0, groupId=vitals-anomaly-detector] Cancelled in-flight FETCH request with correlation id 31172 due to node 3 being disconnected (elapsed time since creation: 524360ms, elapsed time since send: 524360ms, request timeout: 30000ms)
2026-04-05 07:40:41,048 INFO  org.apache.kafka.clients.FetchSessionHandler                 [] - [Consumer clientId=vitals-anomaly-detector-0, groupId=vitals-anomaly-detector] Error sending fetch request (sessionId=489328482, epoch=58) to node 1:
org.apache.kafka.common.errors.DisconnectException: null
2026-04-05 07:40:41,049 INFO  org.apache.kafka.clients.FetchSessionHandler                 [] - [Consumer clientId=vitals-anomaly-detector-0, groupId=vitals-anomaly-detector] Error sending fetch request (sessionId=1283181212, epoch=117) to node 2:
org.apache.kafka.common.errors.DisconnectException: null
2026-04-05 07:40:41,049 INFO  org.apache.kafka.clients.FetchSessionHandler                 [] - [Consumer clientId=vitals-anomaly-detector-0, groupId=vitals-anomaly-detector] Error sending fetch request (sessionId=2033780511, epoch=117) to node 3:
org.apache.kafka.common.errors.DisconnectException: null
2026-04-05 07:41:46,732 INFO  org.apache.kafka.clients.NetworkClient                       [] - [Consumer clientId=vitals-anomaly-detector-0, groupId=vitals-anomaly-detector] Disconnecting from node 1 due to request timeout.
2026-04-05 07:41:46,744 INFO  org.apache.kafka.clients.NetworkClient                       [] - [Consumer clientId=vitals-anomaly-detector-0, groupId=vitals-anomaly-detector] Cancelled in-flight FETCH request with correlation id 31349 due to node 1 being disconnected (elapsed time since creation: 35884ms, elapsed time since send: 35884ms, request timeout: 30000ms)
2026-04-05 07:41:46,750 INFO  org.apache.kafka.clients.NetworkClient                       [] - [Consumer clientId=vitals-anomaly-detector-0, groupId=vitals-anomaly-detector] Disconnecting from node 2 due to request timeout.
2026-04-05 07:41:46,750 INFO  org.apache.kafka.clients.NetworkClient                       [] - [Consumer clientId=vitals-anomaly-detector-0, groupId=vitals-anomaly-detector] Cancelled in-flight FETCH request with correlation id 31351 due to node 2 being disconnected (elapsed time since creation: 35859ms, elapsed time since send: 35859ms, request timeout: 30000ms)
2026-04-05 07:41:46,751 INFO  org.apache.kafka.clients.NetworkClient                       [] - [Consumer clientId=vitals-anomaly-detector-0, groupId=vitals-anomaly-detector] Disconnecting from node 3 due to request timeout.
2026-04-05 07:41:46,752 INFO  org.apache.kafka.clients.NetworkClient                       [] - [Consumer clientId=vitals-anomaly-detector-0, groupId=vitals-anomaly-detector] Cancelled in-flight FETCH request with correlation id 31350 due to node 3 being disconnected (elapsed time since creation: 35884ms, elapsed time since send: 35884ms, request timeout: 30000ms)
2026-04-05 07:41:46,752 INFO  org.apache.kafka.clients.FetchSessionHandler                 [] - [Consumer clientId=vitals-anomaly-detector-0, groupId=vitals-anomaly-detector] Error sending fetch request (sessionId=1058816970, epoch=57) to node 1:
org.apache.kafka.common.errors.DisconnectException: null
2026-04-05 07:41:46,755 INFO  org.apache.kafka.clients.FetchSessionHandler                 [] - [Consumer clientId=vitals-anomaly-detector-0, groupId=vitals-anomaly-detector] Error sending fetch request (sessionId=1326271549, epoch=57) to node 2:
org.apache.kafka.common.errors.DisconnectException: null
2026-04-05 07:41:46,756 INFO  org.apache.kafka.clients.FetchSessionHandler                 [] - [Consumer clientId=vitals-anomaly-detector-0, groupId=vitals-anomaly-detector] Error sending fetch request (sessionId=24952572, epoch=57) to node 3:
org.apache.kafka.common.errors.DisconnectException: null
2026-04-05 07:43:21,915 INFO  org.apache.kafka.clients.NetworkClient                       [] - [Consumer clientId=vitals-anomaly-detector-0, groupId=vitals-anomaly-detector] Disconnecting from node 1 due to request timeout.
2026-04-05 07:43:21,930 INFO  org.apache.kafka.clients.NetworkClient                       [] - [Consumer clientId=vitals-anomaly-detector-0, groupId=vitals-anomaly-detector] Cancelled in-flight FETCH request with correlation id 31531 due to node 1 being disconnected (elapsed time since creation: 65725ms, elapsed time since send: 65725ms, request timeout: 30000ms)
2026-04-05 07:43:21,931 INFO  org.apache.kafka.clients.NetworkClient                       [] - [Consumer clientId=vitals-anomaly-detector-0, groupId=vitals-anomaly-detector] Disconnecting from node 3 due to request timeout.
2026-04-05 07:43:21,932 INFO  org.apache.kafka.clients.NetworkClient                       [] - [Consumer clientId=vitals-anomaly-detector-0, groupId=vitals-anomaly-detector] Cancelled in-flight FETCH request with correlation id 31533 due to node 3 being disconnected (elapsed time since creation: 65724ms, elapsed time since send: 65724ms, request timeout: 30000ms)
2026-04-05 07:43:21,934 INFO  org.apache.kafka.clients.FetchSessionHandler                 [] - [Consumer clientId=vitals-anomaly-detector-0, groupId=vitals-anomaly-detector] Error sending fetch request (sessionId=1543240770, epoch=58) to node 1:
org.apache.kafka.common.errors.DisconnectException: null
2026-04-05 07:43:21,938 INFO  org.apache.kafka.clients.FetchSessionHandler                 [] - [Consumer clientId=vitals-anomaly-detector-0, groupId=vitals-anomaly-detector] Error sending fetch request (sessionId=1246474936, epoch=58) to node 3:
org.apache.kafka.common.errors.DisconnectException: null
2026-04-05 09:06:36,864 INFO  org.apache.kafka.clients.NetworkClient                       [] - [Consumer clientId=vitals-anomaly-detector-0, groupId=vitals-anomaly-detector] Disconnecting from node 1 due to request timeout.
2026-04-05 09:06:36,878 INFO  org.apache.kafka.clients.NetworkClient                       [] - [Consumer clientId=vitals-anomaly-detector-0, groupId=vitals-anomaly-detector] Cancelled in-flight FETCH request with correlation id 31712 due to node 1 being disconnected (elapsed time since creation: 4965217ms, elapsed time since send: 4965217ms, request timeout: 30000ms)
2026-04-05 09:06:36,880 INFO  org.apache.kafka.clients.NetworkClient                       [] - [Consumer clientId=vitals-anomaly-detector-0, groupId=vitals-anomaly-detector] Disconnecting from node 2 due to request timeout.
2026-04-05 09:06:36,880 INFO  org.apache.kafka.clients.NetworkClient                       [] - [Consumer clientId=vitals-anomaly-detector-0, groupId=vitals-anomaly-detector] Cancelled in-flight FETCH request with correlation id 31714 due to node 2 being disconnected (elapsed time since creation: 4965217ms, elapsed time since send: 4965217ms, request timeout: 30000ms)
2026-04-05 09:06:36,881 INFO  org.apache.kafka.clients.NetworkClient                       [] - [Consumer clientId=vitals-anomaly-detector-0, groupId=vitals-anomaly-detector] Disconnecting from node 3 due to request timeout.
2026-04-05 09:06:36,881 INFO  org.apache.kafka.clients.NetworkClient                       [] - [Consumer clientId=vitals-anomaly-detector-0, groupId=vitals-anomaly-detector] Cancelled in-flight FETCH request with correlation id 31713 due to node 3 being disconnected (elapsed time since creation: 4965217ms, elapsed time since send: 4965217ms, request timeout: 30000ms)
2026-04-05 09:06:36,881 INFO  org.apache.kafka.clients.FetchSessionHandler                 [] - [Consumer clientId=vitals-anomaly-detector-0, groupId=vitals-anomaly-detector] Error sending fetch request (sessionId=423691328, epoch=58) to node 1:
org.apache.kafka.common.errors.DisconnectException: null
2026-04-05 09:06:36,882 INFO  org.apache.kafka.clients.FetchSessionHandler                 [] - [Consumer clientId=vitals-anomaly-detector-0, groupId=vitals-anomaly-detector] Error sending fetch request (sessionId=581091274, epoch=117) to node 2:
org.apache.kafka.common.errors.DisconnectException: null
2026-04-05 09:06:36,882 INFO  org.apache.kafka.clients.FetchSessionHandler                 [] - [Consumer clientId=vitals-anomaly-detector-0, groupId=vitals-anomaly-detector] Error sending fetch request (sessionId=1180918229, epoch=58) to node 3:
org.apache.kafka.common.errors.DisconnectException: null
2026-04-05 09:39:25,979 INFO  org.apache.kafka.clients.NetworkClient                       [] - [Consumer clientId=vitals-anomaly-detector-0, groupId=vitals-anomaly-detector] Disconnecting from node 1 due to request timeout.
2026-04-05 09:39:25,988 INFO  org.apache.kafka.clients.NetworkClient                       [] - [Consumer clientId=vitals-anomaly-detector-0, groupId=vitals-anomaly-detector] Cancelled in-flight FETCH request with correlation id 31894 due to node 1 being disconnected (elapsed time since creation: 1939484ms, elapsed time since send: 1939484ms, request timeout: 30000ms)
2026-04-05 09:39:25,991 INFO  org.apache.kafka.clients.NetworkClient                       [] - [Consumer clientId=vitals-anomaly-detector-0, groupId=vitals-anomaly-detector] Disconnecting from node 2 due to request timeout.
2026-04-05 09:39:25,991 INFO  org.apache.kafka.clients.NetworkClient                       [] - [Consumer clientId=vitals-anomaly-detector-0, groupId=vitals-anomaly-detector] Cancelled in-flight FETCH request with correlation id 31896 due to node 2 being disconnected (elapsed time since creation: 1939469ms, elapsed time since send: 1939469ms, request timeout: 30000ms)
2026-04-05 09:39:25,992 INFO  org.apache.kafka.clients.NetworkClient                       [] - [Consumer clientId=vitals-anomaly-detector-0, groupId=vitals-anomaly-detector] Disconnecting from node 3 due to request timeout.
2026-04-05 09:39:25,993 INFO  org.apache.kafka.clients.NetworkClient                       [] - [Consumer clientId=vitals-anomaly-detector-0, groupId=vitals-anomaly-detector] Cancelled in-flight FETCH request with correlation id 31895 due to node 3 being disconnected (elapsed time since creation: 1939469ms, elapsed time since send: 1939469ms, request timeout: 30000ms)
2026-04-05 09:39:25,995 INFO  org.apache.kafka.clients.FetchSessionHandler                 [] - [Consumer clientId=vitals-anomaly-detector-0, groupId=vitals-anomaly-detector] Error sending fetch request (sessionId=1614535823, epoch=58) to node 1:
org.apache.kafka.common.errors.DisconnectException: null
2026-04-05 09:39:25,998 INFO  org.apache.kafka.clients.FetchSessionHandler                 [] - [Consumer clientId=vitals-anomaly-detector-0, groupId=vitals-anomaly-detector] Error sending fetch request (sessionId=1326277712, epoch=58) to node 2:
org.apache.kafka.common.errors.DisconnectException: null
2026-04-05 09:39:25,998 INFO  org.apache.kafka.clients.FetchSessionHandler                 [] - [Consumer clientId=vitals-anomaly-detector-0, groupId=vitals-anomaly-detector] Error sending fetch request (sessionId=1351884677, epoch=58) to node 3:
org.apache.kafka.common.errors.DisconnectException: null
2026-04-05 09:42:15,970 INFO  org.apache.kafka.clients.NetworkClient                       [] - [Consumer clientId=vitals-anomaly-detector-0, groupId=vitals-anomaly-detector] Disconnecting from node 1 due to request timeout.
2026-04-05 09:42:15,974 INFO  org.apache.kafka.clients.NetworkClient                       [] - [Consumer clientId=vitals-anomaly-detector-0, groupId=vitals-anomaly-detector] Cancelled in-flight FETCH request with correlation id 32077 due to node 1 being disconnected (elapsed time since creation: 140480ms, elapsed time since send: 140480ms, request timeout: 30000ms)
2026-04-05 09:42:15,976 INFO  org.apache.kafka.clients.FetchSessionHandler                 [] - [Consumer clientId=vitals-anomaly-detector-0, groupId=vitals-anomaly-detector] Error sending fetch request (sessionId=195289286, epoch=58) to node 1:
org.apache.kafka.common.errors.DisconnectException: null
2026-04-05 09:51:43,298 INFO  org.apache.kafka.clients.NetworkClient                       [] - [Consumer clientId=vitals-anomaly-detector-0, groupId=vitals-anomaly-detector] Disconnecting from node 1 due to request timeout.
2026-04-05 09:51:43,330 INFO  org.apache.kafka.clients.NetworkClient                       [] - [Consumer clientId=vitals-anomaly-detector-0, groupId=vitals-anomaly-detector] Cancelled in-flight FETCH request with correlation id 32252 due to node 1 being disconnected (elapsed time since creation: 537842ms, elapsed time since send: 537842ms, request timeout: 30000ms)
2026-04-05 09:51:43,334 INFO  org.apache.kafka.clients.NetworkClient                       [] - [Consumer clientId=vitals-anomaly-detector-0, groupId=vitals-anomaly-detector] Disconnecting from node 3 due to request timeout.
2026-04-05 09:51:43,334 INFO  org.apache.kafka.clients.NetworkClient                       [] - [Consumer clientId=vitals-anomaly-detector-0, groupId=vitals-anomaly-detector] Cancelled in-flight FETCH request with correlation id 32250 due to node 3 being disconnected (elapsed time since creation: 537856ms, elapsed time since send: 537856ms, request timeout: 30000ms)
2026-04-05 09:51:43,336 INFO  org.apache.kafka.clients.FetchSessionHandler                 [] - [Consumer clientId=vitals-anomaly-detector-0, groupId=vitals-anomaly-detector] Error sending fetch request (sessionId=991350495, epoch=55) to node 1:
org.apache.kafka.common.errors.DisconnectException: null
2026-04-05 09:51:43,343 INFO  org.apache.kafka.clients.FetchSessionHandler                 [] - [Consumer clientId=vitals-anomaly-detector-0, groupId=vitals-anomaly-detector] Error sending fetch request (sessionId=1640675678, epoch=116) to node 3:
org.apache.kafka.common.errors.DisconnectException: null
2026-04-05 10:34:24,015 INFO  org.apache.kafka.clients.NetworkClient                       [] - [Consumer clientId=vitals-anomaly-detector-0, groupId=vitals-anomaly-detector] Disconnecting from node 2 due to request timeout.
2026-04-05 10:34:24,045 INFO  org.apache.kafka.clients.NetworkClient                       [] - [Consumer clientId=vitals-anomaly-detector-0, groupId=vitals-anomaly-detector] Cancelled in-flight FETCH request with correlation id 46421 due to node 2 being disconnected (elapsed time since creation: 190159ms, elapsed time since send: 190159ms, request timeout: 30000ms)
2026-04-05 10:34:24,048 INFO  org.apache.kafka.clients.FetchSessionHandler                 [] - [Consumer clientId=vitals-anomaly-detector-0, groupId=vitals-anomaly-detector] Error sending fetch request (sessionId=1891643907, epoch=4808) to node 2:
org.apache.kafka.common.errors.DisconnectException: null
2026-04-05 11:52:37,237 INFO  org.apache.flink.runtime.taskexecutor.TaskManagerRunner      [] - RECEIVED SIGNAL 15: SIGTERM. Shutting down as requested.
2026-04-05 11:52:37,369 INFO  org.apache.flink.runtime.state.TaskExecutorStateChangelogStoragesManager [] - Shutting down TaskExecutorStateChangelogStoragesManager.
2026-04-05 11:52:37,407 INFO  org.apache.flink.runtime.state.TaskExecutorFileMergingManager [] - Shutting down TaskExecutorFileMergingManager.
2026-04-05 11:52:37,407 INFO  org.apache.flink.runtime.state.TaskExecutorLocalStateStoresManager [] - Shutting down TaskExecutorLocalStateStoresManager.
2026-04-05 11:52:37,407 INFO  org.apache.flink.runtime.blob.PermanentBlobCache             [] - Shutting down BLOB cache
2026-04-05 11:52:37,407 INFO  org.apache.flink.runtime.blob.TransientBlobCache             [] - Shutting down BLOB cache
