${property.jsonPattern}
${property.jsonPattern}
${property.jsonPattern}
${property.jsonPattern}
${property.jsonPattern}
${property.jsonPattern}
${property.jsonPattern}
${property.jsonPattern}
${property.jsonPattern}
${property.jsonPattern}
${property.jsonPattern}
${property.jsonPattern}
${property.jsonPattern}
${property.jsonPattern}
${property.jsonPattern}
${property.jsonPattern}
${property.jsonPattern}
${property.jsonPattern}
${property.jsonPattern}
${property.jsonPattern}
${property.jsonPattern}
${property.jsonPattern}
${property.jsonPattern}
${property.jsonPattern}
${property.jsonPattern}
${property.jsonPattern}
${property.jsonPattern}
${property.jsonPattern}
${property.jsonPattern}
${property.jsonPattern}
${property.jsonPattern}
${property.jsonPattern}
${property.jsonPattern}
${property.jsonPattern}
${property.jsonPattern}
${property.jsonPattern}
${property.jsonPattern}
${property.jsonPattern}
${property.jsonPattern}
${property.jsonPattern}
${property.jsonPattern}
${property.jsonPattern}
${property.jsonPattern}
${property.jsonPattern}
${property.jsonPattern}
${property.jsonPattern}
${property.jsonPattern}
${property.jsonPattern}
${property.jsonPattern}
${property.jsonPattern}
${property.jsonPattern}
${property.jsonPattern}
${property.jsonPattern}
${property.jsonPattern}
${property.jsonPattern}
${property.jsonPattern}
${property.jsonPattern}
${property.jsonPattern}
${property.jsonPattern}
${property.jsonPattern}
${property.jsonPattern}
${property.jsonPattern}
${property.jsonPattern}
${property.jsonPattern}
${property.jsonPattern}
${property.jsonPattern}
${property.jsonPattern}
${property.jsonPattern}
${property.jsonPattern}
${property.jsonPattern}
${property.jsonPattern}
${property.jsonPattern}
${property.jsonPattern}
${property.jsonPattern}
${property.jsonPattern}
${property.jsonPattern}
${property.jsonPattern}
${property.jsonPattern}
${property.jsonPattern}
${property.jsonPattern}
${property.jsonPattern}
${property.jsonPattern}
${property.jsonPattern}
${property.jsonPattern}
${property.jsonPattern}
${property.jsonPattern}
${property.jsonPattern}
${property.jsonPattern}
${property.jsonPattern}
${property.jsonPattern}
${property.jsonPattern}
${property.jsonPattern}
${property.jsonPattern}
${property.jsonPattern}
${property.jsonPattern}
${property.jsonPattern}
${property.jsonPattern}
${property.jsonPattern}
${property.jsonPattern}
${property.jsonPattern}
${property.jsonPattern}
${property.jsonPattern}
${property.jsonPattern}
${property.jsonPattern}
${property.jsonPattern}
${property.jsonPattern}
${property.jsonPattern}
${property.jsonPattern}
${property.jsonPattern}
${property.jsonPattern}
${property.jsonPattern}
${property.jsonPattern}
${property.jsonPattern}
${property.jsonPattern}
${property.jsonPattern}
${property.jsonPattern}
${property.jsonPattern}
${property.jsonPattern}
${property.jsonPattern}
${property.jsonPattern}
${property.jsonPattern}
${property.jsonPattern}
${property.jsonPattern}
${property.jsonPattern}
${property.jsonPattern}
${property.jsonPattern}
${property.jsonPattern}
${property.jsonPattern}
${property.jsonPattern}
${property.jsonPattern}
${property.jsonPattern}
${property.jsonPattern}
${property.jsonPattern}
${property.jsonPattern}
${property.jsonPattern}
${property.jsonPattern}
${property.jsonPattern}
${property.jsonPattern}
${property.jsonPattern}
${property.jsonPattern}
${property.jsonPattern}
${property.jsonPattern}
${property.jsonPattern}
${property.jsonPattern}
${property.jsonPattern}
${property.jsonPattern}
${property.jsonPattern}
${property.jsonPattern}
${property.jsonPattern}
${property.jsonPattern}
${property.jsonPattern}
${property.jsonPattern}
${property.jsonPattern}
${property.jsonPattern}
${property.jsonPattern}
${property.jsonPattern}
${property.jsonPattern}
${property.jsonPattern}
${property.jsonPattern}
${property.jsonPattern}
${property.jsonPattern}
${property.jsonPattern}
${property.jsonPattern}
${property.jsonPattern}
${property.jsonPattern}
${property.jsonPattern}
${property.jsonPattern}
${property.jsonPattern}
${property.jsonPattern}
${property.jsonPattern}
${property.jsonPattern}
${property.jsonPattern}
${property.jsonPattern}
${property.jsonPattern}
${property.jsonPattern}
${property.jsonPattern}
${property.jsonPattern}
${property.jsonPattern}
${property.jsonPattern}
${property.jsonPattern}
${property.jsonPattern}
${property.jsonPattern}
${property.jsonPattern}
${property.jsonPattern}
${property.jsonPattern}
${property.jsonPattern}
${property.jsonPattern}
${property.jsonPattern}
${property.jsonPattern}
${property.jsonPattern}
${property.jsonPattern}
${property.jsonPattern}
${property.jsonPattern}
${property.jsonPattern}
${property.jsonPattern}
${property.jsonPattern}
${property.jsonPattern}
${property.jsonPattern}
${property.jsonPattern}
${property.jsonPattern}
${property.jsonPattern}
${property.jsonPattern}
${property.jsonPattern}
${property.jsonPattern}
${property.jsonPattern}
${property.jsonPattern}
${property.jsonPattern}
${property.jsonPattern}
${property.jsonPattern}
${property.jsonPattern}
${property.jsonPattern}
${property.jsonPattern}
${property.jsonPattern}
${property.jsonPattern}
${property.jsonPattern}
${property.jsonPattern}
${property.jsonPattern}
${property.jsonPattern}
${property.jsonPattern}
${property.jsonPattern}
${property.jsonPattern}
${property.jsonPattern}
${property.jsonPattern}
${property.jsonPattern}
${property.jsonPattern}
${property.jsonPattern}
${property.jsonPattern}
${property.jsonPattern}
${property.jsonPattern}
${property.jsonPattern}
${property.jsonPattern}
${property.jsonPattern}
${property.jsonPattern}
${property.jsonPattern}
${property.jsonPattern}
${property.jsonPattern}
${property.jsonPattern}
${property.jsonPattern}
${property.jsonPattern}
${property.jsonPattern}
${property.jsonPattern}
${property.jsonPattern}
${property.jsonPattern}
${property.jsonPattern}
${property.jsonPattern}
${property.jsonPattern}
${property.jsonPattern}
${property.jsonPattern}
${property.jsonPattern}
${property.jsonPattern}
${property.jsonPattern}
${property.jsonPattern}
${property.jsonPattern}
${property.jsonPattern}
${property.jsonPattern}
${property.jsonPattern}
${property.jsonPattern}
${property.jsonPattern}
${property.jsonPattern}
${property.jsonPattern}
${property.jsonPattern}
${property.jsonPattern}
${property.jsonPattern}
${property.jsonPattern}
${property.jsonPattern}
${property.jsonPattern}
${property.jsonPattern}
${property.jsonPattern}
${property.jsonPattern}
${property.jsonPattern}
${property.jsonPattern}
${property.jsonPattern}
${property.jsonPattern}
${property.jsonPattern}
${property.jsonPattern}
${property.jsonPattern}
${property.jsonPattern}
${property.jsonPattern}
${property.jsonPattern}
${property.jsonPattern}
${property.jsonPattern}
${property.jsonPattern}
${property.jsonPattern}
${property.jsonPattern}
${property.jsonPattern}
${property.jsonPattern}
${property.jsonPattern}
${property.jsonPattern}
${property.jsonPattern}
${property.jsonPattern}
${property.jsonPattern}
${property.jsonPattern}
${property.jsonPattern}
${property.jsonPattern}
${property.jsonPattern}
${property.jsonPattern}
${property.jsonPattern}
${property.jsonPattern}
${property.jsonPattern}
${property.jsonPattern}
${property.jsonPattern}
${property.jsonPattern}
${property.jsonPattern}
${property.jsonPattern}
${property.jsonPattern}
${property.jsonPattern}
${property.jsonPattern}
${property.jsonPattern}
${property.jsonPattern}
${property.jsonPattern}
${property.jsonPattern}
${property.jsonPattern}
${property.jsonPattern}
${property.jsonPattern}
${property.jsonPattern}
${property.jsonPattern}
${property.jsonPattern}
${property.jsonPattern}
${property.jsonPattern}
${property.jsonPattern}
${property.jsonPattern}
${property.jsonPattern}
${property.jsonPattern}
${property.jsonPattern}
${property.jsonPattern}
${property.jsonPattern}
${property.jsonPattern}
${property.jsonPattern}
${property.jsonPattern}
${property.jsonPattern}
${property.jsonPattern}
${property.jsonPattern}
${property.jsonPattern}
${property.jsonPattern}
${property.jsonPattern}
${property.jsonPattern}
${property.jsonPattern}
${property.jsonPattern}
${property.jsonPattern}
${property.jsonPattern}
${property.jsonPattern}
${property.jsonPattern}
${property.jsonPattern}
${property.jsonPattern}
${property.jsonPattern}
${property.jsonPattern}
${property.jsonPattern}
${property.jsonPattern}
${property.jsonPattern}
${property.jsonPattern}
${property.jsonPattern}
${property.jsonPattern}
${property.jsonPattern}
${property.jsonPattern}
${property.jsonPattern}
${property.jsonPattern}
${property.jsonPattern}
${property.jsonPattern}
${property.jsonPattern}
${property.jsonPattern}
${property.jsonPattern}
${property.jsonPattern}
${property.jsonPattern}
${property.jsonPattern}
${property.jsonPattern}
${property.jsonPattern}
${property.jsonPattern}
${property.jsonPattern}
${property.jsonPattern}
${property.jsonPattern}
${property.jsonPattern}
${property.jsonPattern}
${property.jsonPattern}
${property.jsonPattern}
${property.jsonPattern}
${property.jsonPattern}
${property.jsonPattern}
${property.jsonPattern}
${property.jsonPattern}
${property.jsonPattern}
${property.jsonPattern}
${property.jsonPattern}
${property.jsonPattern}
${property.jsonPattern}
${property.jsonPattern}
${property.jsonPattern}
${property.jsonPattern}
${property.jsonPattern}
${property.jsonPattern}
${property.jsonPattern}
${property.jsonPattern}
${property.jsonPattern}
${property.jsonPattern}
${property.jsonPattern}
${property.jsonPattern}
${property.jsonPattern}
${property.jsonPattern}
${property.jsonPattern}
${property.jsonPattern}
${property.jsonPattern}
${property.jsonPattern}
${property.jsonPattern}
${property.jsonPattern}
${property.jsonPattern}
${property.jsonPattern}
${property.jsonPattern}
${property.jsonPattern}
${property.jsonPattern}
${property.jsonPattern}
${property.jsonPattern}
${property.jsonPattern}
${property.jsonPattern}
${property.jsonPattern}
${property.jsonPattern}
${property.jsonPattern}
${property.jsonPattern}
${property.jsonPattern}
${property.jsonPattern}
${property.jsonPattern}
${property.jsonPattern}
${property.jsonPattern}
${property.jsonPattern}
${property.jsonPattern}
${property.jsonPattern}
${property.jsonPattern}
${property.jsonPattern}
${property.jsonPattern}
${property.jsonPattern}
${property.jsonPattern}
${property.jsonPattern}
${property.jsonPattern}
${property.jsonPattern}
${property.jsonPattern}
${property.jsonPattern}
${property.jsonPattern}
${property.jsonPattern}
${property.jsonPattern}
${property.jsonPattern}
${property.jsonPattern}
${property.jsonPattern}
${property.jsonPattern}
${property.jsonPattern}
${property.jsonPattern}
${property.jsonPattern}
${property.jsonPattern}
${property.jsonPattern}
${property.jsonPattern}
${property.jsonPattern}
${property.jsonPattern}
${property.jsonPattern}
${property.jsonPattern}
${property.jsonPattern}
org.apache.flink.util.FlinkException: Disconnect from JobManager responsible for 3d9edaf38ae92e4cade084f9aae4513d.
	at org.apache.flink.runtime.taskexecutor.TaskExecutor.disconnectJobManagerConnection(TaskExecutor.java:1820) ~[flink-dist-1.19.1.jar:1.19.1]
	at org.apache.flink.runtime.taskexecutor.TaskExecutor.disconnectAndTryReconnectToJobManager(TaskExecutor.java:1349) ~[flink-dist-1.19.1.jar:1.19.1]
	at org.apache.flink.runtime.taskexecutor.TaskExecutor.access$4300(TaskExecutor.java:195) ~[flink-dist-1.19.1.jar:1.19.1]
	at org.apache.flink.runtime.taskexecutor.TaskExecutor$JobManagerHeartbeatListener.lambda$handleJobManagerConnectionLoss$0(TaskExecutor.java:2608) ~[flink-dist-1.19.1.jar:1.19.1]
	at java.util.Optional.ifPresent(Unknown Source) ~[?:?]
	at org.apache.flink.runtime.taskexecutor.TaskExecutor$JobManagerHeartbeatListener.handleJobManagerConnectionLoss(TaskExecutor.java:2606) ~[flink-dist-1.19.1.jar:1.19.1]
	at org.apache.flink.runtime.taskexecutor.TaskExecutor$JobManagerHeartbeatListener.notifyHeartbeatTimeout(TaskExecutor.java:2589) ~[flink-dist-1.19.1.jar:1.19.1]
	at org.apache.flink.runtime.heartbeat.DefaultHeartbeatMonitor.run(DefaultHeartbeatMonitor.java:158) ~[flink-dist-1.19.1.jar:1.19.1]
	at java.util.concurrent.Executors$RunnableAdapter.call(Unknown Source) ~[?:?]
	at java.util.concurrent.FutureTask.run(Unknown Source) ~[?:?]
	at org.apache.flink.runtime.rpc.pekko.PekkoRpcActor.lambda$handleRunAsync$4(PekkoRpcActor.java:451) ~[flink-rpc-akka22dceea3-5604-4da6-bf35-09559ca25719.jar:1.19.1]
	at org.apache.flink.runtime.concurrent.ClassLoadingUtils.runWithContextClassLoader(ClassLoadingUtils.java:68) ~[flink-dist-1.19.1.jar:1.19.1]
	at org.apache.flink.runtime.rpc.pekko.PekkoRpcActor.handleRunAsync(PekkoRpcActor.java:451) ~[flink-rpc-akka22dceea3-5604-4da6-bf35-09559ca25719.jar:1.19.1]
	at org.apache.flink.runtime.rpc.pekko.PekkoRpcActor.handleRpcMessage(PekkoRpcActor.java:218) ~[flink-rpc-akka22dceea3-5604-4da6-bf35-09559ca25719.jar:1.19.1]
	at org.apache.flink.runtime.rpc.pekko.PekkoRpcActor.handleMessage(PekkoRpcActor.java:168) ~[flink-rpc-akka22dceea3-5604-4da6-bf35-09559ca25719.jar:1.19.1]
	at org.apache.pekko.japi.pf.UnitCaseStatement.apply(CaseStatements.scala:33) [flink-rpc-akka22dceea3-5604-4da6-bf35-09559ca25719.jar:1.19.1]
	at org.apache.pekko.japi.pf.UnitCaseStatement.apply(CaseStatements.scala:29) [flink-rpc-akka22dceea3-5604-4da6-bf35-09559ca25719.jar:1.19.1]
	at scala.PartialFunction.applyOrElse(PartialFunction.scala:127) [flink-rpc-akka22dceea3-5604-4da6-bf35-09559ca25719.jar:1.19.1]
	at scala.PartialFunction.applyOrElse$(PartialFunction.scala:126) [flink-rpc-akka22dceea3-5604-4da6-bf35-09559ca25719.jar:1.19.1]
	at org.apache.pekko.japi.pf.UnitCaseStatement.applyOrElse(CaseStatements.scala:29) [flink-rpc-akka22dceea3-5604-4da6-bf35-09559ca25719.jar:1.19.1]
	at scala.PartialFunction$OrElse.applyOrElse(PartialFunction.scala:175) [flink-rpc-akka22dceea3-5604-4da6-bf35-09559ca25719.jar:1.19.1]
	at scala.PartialFunction$OrElse.applyOrElse(PartialFunction.scala:176) [flink-rpc-akka22dceea3-5604-4da6-bf35-09559ca25719.jar:1.19.1]
	at scala.PartialFunction$OrElse.applyOrElse(PartialFunction.scala:176) [flink-rpc-akka22dceea3-5604-4da6-bf35-09559ca25719.jar:1.19.1]
	at org.apache.pekko.actor.Actor.aroundReceive(Actor.scala:547) [flink-rpc-akka22dceea3-5604-4da6-bf35-09559ca25719.jar:1.19.1]
	at org.apache.pekko.actor.Actor.aroundReceive$(Actor.scala:545) [flink-rpc-akka22dceea3-5604-4da6-bf35-09559ca25719.jar:1.19.1]
	at org.apache.pekko.actor.AbstractActor.aroundReceive(AbstractActor.scala:229) [flink-rpc-akka22dceea3-5604-4da6-bf35-09559ca25719.jar:1.19.1]
	at org.apache.pekko.actor.ActorCell.receiveMessage(ActorCell.scala:590) [flink-rpc-akka22dceea3-5604-4da6-bf35-09559ca25719.jar:1.19.1]
	at org.apache.pekko.actor.ActorCell.invoke(ActorCell.scala:557) [flink-rpc-akka22dceea3-5604-4da6-bf35-09559ca25719.jar:1.19.1]
	at org.apache.pekko.dispatch.Mailbox.processMailbox(Mailbox.scala:280) [flink-rpc-akka22dceea3-5604-4da6-bf35-09559ca25719.jar:1.19.1]
	at org.apache.pekko.dispatch.Mailbox.run(Mailbox.scala:241) [flink-rpc-akka22dceea3-5604-4da6-bf35-09559ca25719.jar:1.19.1]
	at org.apache.pekko.dispatch.Mailbox.exec(Mailbox.scala:253) [flink-rpc-akka22dceea3-5604-4da6-bf35-09559ca25719.jar:1.19.1]
	at java.util.concurrent.ForkJoinTask.doExec(Unknown Source) [?:?]
	at java.util.concurrent.ForkJoinPool$WorkQueue.topLevelExec(Unknown Source) [?:?]
	at java.util.concurrent.ForkJoinPool.scan(Unknown Source) [?:?]
	at java.util.concurrent.ForkJoinPool.runWorker(Unknown Source) [?:?]
	at java.util.concurrent.ForkJoinWorkerThread.run(Unknown Source) [?:?]
Caused by: java.util.concurrent.TimeoutException: The heartbeat of JobManager with id c7c2101fec1c95029ab6f7d1c5b2e1d6 timed out.
	... 30 more
${property.jsonPattern}
${property.jsonPattern}
${property.jsonPattern}
org.apache.flink.util.FlinkException: Disconnect from JobManager responsible for 3d9edaf38ae92e4cade084f9aae4513d.
	at org.apache.flink.runtime.taskexecutor.TaskExecutor.disconnectJobManagerConnection(TaskExecutor.java:1820) ~[flink-dist-1.19.1.jar:1.19.1]
	at org.apache.flink.runtime.taskexecutor.TaskExecutor.disconnectAndTryReconnectToJobManager(TaskExecutor.java:1349) ~[flink-dist-1.19.1.jar:1.19.1]
	at org.apache.flink.runtime.taskexecutor.TaskExecutor.access$4300(TaskExecutor.java:195) ~[flink-dist-1.19.1.jar:1.19.1]
	at org.apache.flink.runtime.taskexecutor.TaskExecutor$JobManagerHeartbeatListener.lambda$handleJobManagerConnectionLoss$0(TaskExecutor.java:2608) ~[flink-dist-1.19.1.jar:1.19.1]
	at java.util.Optional.ifPresent(Unknown Source) ~[?:?]
	at org.apache.flink.runtime.taskexecutor.TaskExecutor$JobManagerHeartbeatListener.handleJobManagerConnectionLoss(TaskExecutor.java:2606) ~[flink-dist-1.19.1.jar:1.19.1]
	at org.apache.flink.runtime.taskexecutor.TaskExecutor$JobManagerHeartbeatListener.notifyHeartbeatTimeout(TaskExecutor.java:2589) ~[flink-dist-1.19.1.jar:1.19.1]
	at org.apache.flink.runtime.heartbeat.DefaultHeartbeatMonitor.run(DefaultHeartbeatMonitor.java:158) ~[flink-dist-1.19.1.jar:1.19.1]
	at java.util.concurrent.Executors$RunnableAdapter.call(Unknown Source) ~[?:?]
	at java.util.concurrent.FutureTask.run(Unknown Source) ~[?:?]
	at org.apache.flink.runtime.rpc.pekko.PekkoRpcActor.lambda$handleRunAsync$4(PekkoRpcActor.java:451) ~[flink-rpc-akka22dceea3-5604-4da6-bf35-09559ca25719.jar:1.19.1]
	at org.apache.flink.runtime.concurrent.ClassLoadingUtils.runWithContextClassLoader(ClassLoadingUtils.java:68) ~[flink-dist-1.19.1.jar:1.19.1]
	at org.apache.flink.runtime.rpc.pekko.PekkoRpcActor.handleRunAsync(PekkoRpcActor.java:451) ~[flink-rpc-akka22dceea3-5604-4da6-bf35-09559ca25719.jar:1.19.1]
	at org.apache.flink.runtime.rpc.pekko.PekkoRpcActor.handleRpcMessage(PekkoRpcActor.java:218) ~[flink-rpc-akka22dceea3-5604-4da6-bf35-09559ca25719.jar:1.19.1]
	at org.apache.flink.runtime.rpc.pekko.PekkoRpcActor.handleMessage(PekkoRpcActor.java:168) ~[flink-rpc-akka22dceea3-5604-4da6-bf35-09559ca25719.jar:1.19.1]
	at org.apache.pekko.japi.pf.UnitCaseStatement.apply(CaseStatements.scala:33) [flink-rpc-akka22dceea3-5604-4da6-bf35-09559ca25719.jar:1.19.1]
	at org.apache.pekko.japi.pf.UnitCaseStatement.apply(CaseStatements.scala:29) [flink-rpc-akka22dceea3-5604-4da6-bf35-09559ca25719.jar:1.19.1]
	at scala.PartialFunction.applyOrElse(PartialFunction.scala:127) [flink-rpc-akka22dceea3-5604-4da6-bf35-09559ca25719.jar:1.19.1]
	at scala.PartialFunction.applyOrElse$(PartialFunction.scala:126) [flink-rpc-akka22dceea3-5604-4da6-bf35-09559ca25719.jar:1.19.1]
	at org.apache.pekko.japi.pf.UnitCaseStatement.applyOrElse(CaseStatements.scala:29) [flink-rpc-akka22dceea3-5604-4da6-bf35-09559ca25719.jar:1.19.1]
	at scala.PartialFunction$OrElse.applyOrElse(PartialFunction.scala:175) [flink-rpc-akka22dceea3-5604-4da6-bf35-09559ca25719.jar:1.19.1]
	at scala.PartialFunction$OrElse.applyOrElse(PartialFunction.scala:176) [flink-rpc-akka22dceea3-5604-4da6-bf35-09559ca25719.jar:1.19.1]
	at scala.PartialFunction$OrElse.applyOrElse(PartialFunction.scala:176) [flink-rpc-akka22dceea3-5604-4da6-bf35-09559ca25719.jar:1.19.1]
	at org.apache.pekko.actor.Actor.aroundReceive(Actor.scala:547) [flink-rpc-akka22dceea3-5604-4da6-bf35-09559ca25719.jar:1.19.1]
	at org.apache.pekko.actor.Actor.aroundReceive$(Actor.scala:545) [flink-rpc-akka22dceea3-5604-4da6-bf35-09559ca25719.jar:1.19.1]
	at org.apache.pekko.actor.AbstractActor.aroundReceive(AbstractActor.scala:229) [flink-rpc-akka22dceea3-5604-4da6-bf35-09559ca25719.jar:1.19.1]
	at org.apache.pekko.actor.ActorCell.receiveMessage(ActorCell.scala:590) [flink-rpc-akka22dceea3-5604-4da6-bf35-09559ca25719.jar:1.19.1]
	at org.apache.pekko.actor.ActorCell.invoke(ActorCell.scala:557) [flink-rpc-akka22dceea3-5604-4da6-bf35-09559ca25719.jar:1.19.1]
	at org.apache.pekko.dispatch.Mailbox.processMailbox(Mailbox.scala:280) [flink-rpc-akka22dceea3-5604-4da6-bf35-09559ca25719.jar:1.19.1]
	at org.apache.pekko.dispatch.Mailbox.run(Mailbox.scala:241) [flink-rpc-akka22dceea3-5604-4da6-bf35-09559ca25719.jar:1.19.1]
	at org.apache.pekko.dispatch.Mailbox.exec(Mailbox.scala:253) [flink-rpc-akka22dceea3-5604-4da6-bf35-09559ca25719.jar:1.19.1]
	at java.util.concurrent.ForkJoinTask.doExec(Unknown Source) [?:?]
	at java.util.concurrent.ForkJoinPool$WorkQueue.topLevelExec(Unknown Source) [?:?]
	at java.util.concurrent.ForkJoinPool.scan(Unknown Source) [?:?]
	at java.util.concurrent.ForkJoinPool.runWorker(Unknown Source) [?:?]
	at java.util.concurrent.ForkJoinWorkerThread.run(Unknown Source) [?:?]
Caused by: java.util.concurrent.TimeoutException: The heartbeat of JobManager with id c7c2101fec1c95029ab6f7d1c5b2e1d6 timed out.
	... 30 more
${property.jsonPattern}
${property.jsonPattern}
${property.jsonPattern}
${property.jsonPattern}
${property.jsonPattern}
${property.jsonPattern}
${property.jsonPattern}
${property.jsonPattern}
${property.jsonPattern}
${property.jsonPattern}
${property.jsonPattern}
${property.jsonPattern}
${property.jsonPattern}
${property.jsonPattern}
${property.jsonPattern}
${property.jsonPattern}
${property.jsonPattern}
${property.jsonPattern}
org.apache.flink.runtime.rpc.exceptions.RecipientUnreachableException: Could not send message [RemoteFencedMessage(00000000000000000000000000000000, RemoteRpcInvocation(JobMasterGateway.updateTaskExecutionState(TaskExecutionState)))] from sender [Actor[pekko.tcp://flink@172.19.0.7:35769/temp/jobmanager_2$3c]] to recipient [Actor[pekko://flink/user/rpc/jobmanager_2#1125520500]], because the recipient is unreachable. This can either mean that the recipient has been terminated or that the remote RpcService is currently not reachable.
	at org.apache.flink.runtime.rpc.pekko.DeadLettersActor.handleDeadLetter(DeadLettersActor.java:61) ~[flink-rpc-akka22dceea3-5604-4da6-bf35-09559ca25719.jar:1.19.1]
	at org.apache.pekko.japi.pf.UnitCaseStatement.apply(CaseStatements.scala:33) ~[flink-rpc-akka22dceea3-5604-4da6-bf35-09559ca25719.jar:1.19.1]
	at org.apache.pekko.japi.pf.UnitCaseStatement.apply(CaseStatements.scala:29) ~[flink-rpc-akka22dceea3-5604-4da6-bf35-09559ca25719.jar:1.19.1]
	at scala.PartialFunction.applyOrElse(PartialFunction.scala:127) ~[flink-rpc-akka22dceea3-5604-4da6-bf35-09559ca25719.jar:1.19.1]
	at scala.PartialFunction.applyOrElse$(PartialFunction.scala:126) ~[flink-rpc-akka22dceea3-5604-4da6-bf35-09559ca25719.jar:1.19.1]
	at org.apache.pekko.japi.pf.UnitCaseStatement.applyOrElse(CaseStatements.scala:29) ~[flink-rpc-akka22dceea3-5604-4da6-bf35-09559ca25719.jar:1.19.1]
	at scala.PartialFunction$OrElse.applyOrElse(PartialFunction.scala:175) [flink-rpc-akka22dceea3-5604-4da6-bf35-09559ca25719.jar:1.19.1]
	at org.apache.pekko.actor.Actor.aroundReceive(Actor.scala:547) [flink-rpc-akka22dceea3-5604-4da6-bf35-09559ca25719.jar:1.19.1]
	at org.apache.pekko.actor.Actor.aroundReceive$(Actor.scala:545) [flink-rpc-akka22dceea3-5604-4da6-bf35-09559ca25719.jar:1.19.1]
	at org.apache.pekko.actor.AbstractActor.aroundReceive(AbstractActor.scala:229) [flink-rpc-akka22dceea3-5604-4da6-bf35-09559ca25719.jar:1.19.1]
	at org.apache.pekko.actor.ActorCell.receiveMessage(ActorCell.scala:590) [flink-rpc-akka22dceea3-5604-4da6-bf35-09559ca25719.jar:1.19.1]
	at org.apache.pekko.actor.ActorCell.invoke(ActorCell.scala:557) [flink-rpc-akka22dceea3-5604-4da6-bf35-09559ca25719.jar:1.19.1]
	at org.apache.pekko.dispatch.Mailbox.processMailbox(Mailbox.scala:280) [flink-rpc-akka22dceea3-5604-4da6-bf35-09559ca25719.jar:1.19.1]
	at org.apache.pekko.dispatch.Mailbox.run(Mailbox.scala:241) [flink-rpc-akka22dceea3-5604-4da6-bf35-09559ca25719.jar:1.19.1]
	at org.apache.pekko.dispatch.Mailbox.exec(Mailbox.scala:253) [flink-rpc-akka22dceea3-5604-4da6-bf35-09559ca25719.jar:1.19.1]
	at java.util.concurrent.ForkJoinTask.doExec(Unknown Source) [?:?]
	at java.util.concurrent.ForkJoinPool$WorkQueue.topLevelExec(Unknown Source) [?:?]
	at java.util.concurrent.ForkJoinPool.scan(Unknown Source) [?:?]
	at java.util.concurrent.ForkJoinPool.runWorker(Unknown Source) [?:?]
	at java.util.concurrent.ForkJoinWorkerThread.run(Unknown Source) [?:?]
${property.jsonPattern}
org.apache.flink.runtime.rpc.exceptions.RecipientUnreachableException: Could not send message [RemoteFencedMessage(00000000000000000000000000000000, RemoteRpcInvocation(JobMasterGateway.updateTaskExecutionState(TaskExecutionState)))] from sender [Actor[pekko.tcp://flink@172.19.0.7:35769/temp/jobmanager_2$4c]] to recipient [Actor[pekko://flink/user/rpc/jobmanager_2#1125520500]], because the recipient is unreachable. This can either mean that the recipient has been terminated or that the remote RpcService is currently not reachable.
	at org.apache.flink.runtime.rpc.pekko.DeadLettersActor.handleDeadLetter(DeadLettersActor.java:61) ~[flink-rpc-akka22dceea3-5604-4da6-bf35-09559ca25719.jar:1.19.1]
	at org.apache.pekko.japi.pf.UnitCaseStatement.apply(CaseStatements.scala:33) ~[flink-rpc-akka22dceea3-5604-4da6-bf35-09559ca25719.jar:1.19.1]
	at org.apache.pekko.japi.pf.UnitCaseStatement.apply(CaseStatements.scala:29) ~[flink-rpc-akka22dceea3-5604-4da6-bf35-09559ca25719.jar:1.19.1]
	at scala.PartialFunction.applyOrElse(PartialFunction.scala:127) ~[flink-rpc-akka22dceea3-5604-4da6-bf35-09559ca25719.jar:1.19.1]
	at scala.PartialFunction.applyOrElse$(PartialFunction.scala:126) ~[flink-rpc-akka22dceea3-5604-4da6-bf35-09559ca25719.jar:1.19.1]
	at org.apache.pekko.japi.pf.UnitCaseStatement.applyOrElse(CaseStatements.scala:29) ~[flink-rpc-akka22dceea3-5604-4da6-bf35-09559ca25719.jar:1.19.1]
	at scala.PartialFunction$OrElse.applyOrElse(PartialFunction.scala:175) [flink-rpc-akka22dceea3-5604-4da6-bf35-09559ca25719.jar:1.19.1]
	at org.apache.pekko.actor.Actor.aroundReceive(Actor.scala:547) [flink-rpc-akka22dceea3-5604-4da6-bf35-09559ca25719.jar:1.19.1]
	at org.apache.pekko.actor.Actor.aroundReceive$(Actor.scala:545) [flink-rpc-akka22dceea3-5604-4da6-bf35-09559ca25719.jar:1.19.1]
	at org.apache.pekko.actor.AbstractActor.aroundReceive(AbstractActor.scala:229) [flink-rpc-akka22dceea3-5604-4da6-bf35-09559ca25719.jar:1.19.1]
	at org.apache.pekko.actor.ActorCell.receiveMessage(ActorCell.scala:590) [flink-rpc-akka22dceea3-5604-4da6-bf35-09559ca25719.jar:1.19.1]
	at org.apache.pekko.actor.ActorCell.invoke(ActorCell.scala:557) [flink-rpc-akka22dceea3-5604-4da6-bf35-09559ca25719.jar:1.19.1]
	at org.apache.pekko.dispatch.Mailbox.processMailbox(Mailbox.scala:280) [flink-rpc-akka22dceea3-5604-4da6-bf35-09559ca25719.jar:1.19.1]
	at org.apache.pekko.dispatch.Mailbox.run(Mailbox.scala:241) [flink-rpc-akka22dceea3-5604-4da6-bf35-09559ca25719.jar:1.19.1]
	at org.apache.pekko.dispatch.Mailbox.exec(Mailbox.scala:253) [flink-rpc-akka22dceea3-5604-4da6-bf35-09559ca25719.jar:1.19.1]
	at java.util.concurrent.ForkJoinTask.doExec(Unknown Source) [?:?]
	at java.util.concurrent.ForkJoinPool$WorkQueue.topLevelExec(Unknown Source) [?:?]
	at java.util.concurrent.ForkJoinPool.scan(Unknown Source) [?:?]
	at java.util.concurrent.ForkJoinPool.runWorker(Unknown Source) [?:?]
	at java.util.concurrent.ForkJoinWorkerThread.run(Unknown Source) [?:?]
${property.jsonPattern}
${property.jsonPattern}
${property.jsonPattern}
${property.jsonPattern}
${property.jsonPattern}
${property.jsonPattern}
${property.jsonPattern}
${property.jsonPattern}
${property.jsonPattern}
